{
  "stats": {
    "suites": 110,
    "tests": 204,
    "passes": 186,
    "pending": 0,
    "failures": 13,
    "start": "2022-12-04T19:07:03.694Z",
    "end": "2022-12-04T19:47:53.554Z",
    "duration": 1496362,
    "testsRegistered": 204,
    "passPercent": 91.17647058823529,
    "pendingPercent": 0,
    "other": 0,
    "hasOther": false,
    "skipped": 5,
    "hasSkipped": true
  },
  "results": [
    {
      "uuid": "56340fd6-321e-4a44-a632-0ba37ae38f51",
      "title": "",
      "fullFile": "cypress\\e2e\\automation-test-store\\alias-invoke.cy.js",
      "file": "cypress\\e2e\\automation-test-store\\alias-invoke.cy.js",
      "beforeHooks": [],
      "afterHooks": [],
      "tests": [],
      "suites": [
        {
          "uuid": "c927497f-a706-4bf2-9a42-8ea6a4743e68",
          "title": "Alias and invoke",
          "fullFile": "",
          "file": "",
          "beforeHooks": [],
          "afterHooks": [],
          "tests": [
            {
              "title": "Validate a specific hair care product",
              "fullTitle": "Alias and invoke Validate a specific hair care product",
              "timedOut": null,
              "duration": 2630,
              "state": "passed",
              "speed": "fast",
              "pass": true,
              "fail": false,
              "pending": false,
              "context": null,
              "code": "cy.visit('https://automationteststore.com/');\ncy.get('a[href=\"https://automationteststore.com/index.php?rt=product/category&path=52\"]').click();\ncy.get('.fixed_wrapper .prdocutname').eq(0).invoke('text').as('productThumbnail');\ncy.get('@productThumbnail').its('length').should('be.gt', 5);\ncy.get('@productThumbnail').should('include', 'Seaweed Conditioner');",
              "err": {},
              "uuid": "afc52c8b-dad1-4bb9-8e12-1c81f8a41636",
              "parentUUID": "c927497f-a706-4bf2-9a42-8ea6a4743e68",
              "isHook": false,
              "skipped": false
            }
          ],
          "suites": [],
          "passes": [
            "afc52c8b-dad1-4bb9-8e12-1c81f8a41636"
          ],
          "failures": [],
          "pending": [],
          "skipped": [],
          "duration": 2630,
          "root": false,
          "rootEmpty": false,
          "_timeout": 2000
        }
      ],
      "passes": [],
      "failures": [],
      "pending": [],
      "skipped": [],
      "duration": 0,
      "root": true,
      "rootEmpty": true,
      "_timeout": 2000
    },
    {
      "uuid": "71f11753-fca7-4304-a705-5e6b2614f389",
      "title": "",
      "fullFile": "cypress\\e2e\\automation-test-store\\alias-invoke_FINAL.cy.js",
      "file": "cypress\\e2e\\automation-test-store\\alias-invoke_FINAL.cy.js",
      "beforeHooks": [],
      "afterHooks": [],
      "tests": [],
      "suites": [
        {
          "uuid": "8138c8b7-b297-4433-9c60-2e459b10572d",
          "title": "Alias and invoke",
          "fullFile": "",
          "file": "",
          "beforeHooks": [],
          "afterHooks": [],
          "tests": [
            {
              "title": "Calculate total of normal and sale products",
              "fullTitle": "Alias and invoke Calculate total of normal and sale products",
              "timedOut": null,
              "duration": 2254,
              "state": "failed",
              "speed": null,
              "pass": false,
              "fail": true,
              "pending": false,
              "context": null,
              "code": "cy.visit(\"https://automationteststore.com/\");\ncy.get('.thumbnail').as('productThumbnail'); // cy.get('@productThumbnail').find('.oneprice').each(($el, index, $list) => {\n//     cy.log($el.text());\n// });\ncy.get('.thumbnail').find('.oneprice').invoke('text').as('itemPrice');\ncy.get('.thumbnail').find('.pricenew').invoke('text').as('saleItemPrice');\nvar itemsTotal = 0;\ncy.get('@itemPrice').then($linkText => {\n  var itemsPriceTotal = 0;\n  var itemPrice = $linkText.split('$');\n  var i;\n  for (i = 0; i < itemPrice.length; i++) {\n    cy.log(itemPrice[i]);\n    itemsPriceTotal += Number(itemPrice[i]);\n  }\n  itemsTotal += itemsPriceTotal;\n  cy.log(\"Non sale price items total: \" + itemsPriceTotal);\n});\ncy.get('@saleItemPrice').then($linkText => {\n  var saleItemsPrice = 0;\n  var saleItemPrice = $linkText.split('$');\n  var i;\n  for (i = 0; i < saleItemPrice.length; i++) {\n    cy.log(saleItemPrice[i]);\n    saleItemsPrice += Number(saleItemPrice[i]);\n  }\n  itemsTotal += saleItemsPrice;\n  cy.log(\"Sale price items total: \" + saleItemsPrice);\n}).then(() => {\n  cy.log(\"The total price of all products: \" + itemsTotal);\n  expect(itemsTotal).to.equal(572.45);\n});",
              "err": {
                "message": "AssertionError: expected 625.6 to equal 572.45",
                "estack": "AssertionError: expected 625.6 to equal 572.45\n    at Context.eval (webpack:///./cypress/e2e/automation-test-store/alias-invoke_FINAL.cy.js:53:30)",
                "diff": "- 625.6\n+ 572.45\n"
              },
              "uuid": "dde17048-21c9-411e-bc89-7e9b74c1aeb1",
              "parentUUID": "8138c8b7-b297-4433-9c60-2e459b10572d",
              "isHook": false,
              "skipped": false
            }
          ],
          "suites": [],
          "passes": [],
          "failures": [
            "dde17048-21c9-411e-bc89-7e9b74c1aeb1"
          ],
          "pending": [],
          "skipped": [],
          "duration": 2254,
          "root": false,
          "rootEmpty": false,
          "_timeout": 2000
        }
      ],
      "passes": [],
      "failures": [],
      "pending": [],
      "skipped": [],
      "duration": 0,
      "root": true,
      "rootEmpty": true,
      "_timeout": 2000
    },
    {
      "uuid": "b5ce8db4-bf80-44e1-ab6d-b09439402b73",
      "title": "",
      "fullFile": "cypress\\e2e\\automation-test-store\\contact-us.cy.js",
      "file": "cypress\\e2e\\automation-test-store\\contact-us.cy.js",
      "beforeHooks": [],
      "afterHooks": [],
      "tests": [],
      "suites": [
        {
          "uuid": "6cae1092-0760-4d9e-b1b8-796f8e072f62",
          "title": "Test contact us form Automation Store",
          "fullFile": "",
          "file": "",
          "beforeHooks": [],
          "afterHooks": [],
          "tests": [
            {
              "title": "Should be able to submit a successful submition via Constact-us form",
              "fullTitle": "Test contact us form Automation Store Should be able to submit a successful submition via Constact-us form",
              "timedOut": null,
              "duration": 4617,
              "state": "passed",
              "speed": "fast",
              "pass": true,
              "fail": false,
              "pending": false,
              "context": null,
              "code": "cy.visit(\"https://automationteststore.com/\"); //cy.get('.info_links_footer > :nth-child(5) > a').click()\n//cy.xpath(\"//a[contains(@href, 'contact')]\").click()\ncy.get('a[href=\"https://automationteststore.com/index.php?rt=content/contact\"]').click().then(selectedElement => {\n  cy.log(\"Selected the following link: \" + selectedElement.text());\n});\ncy.get('#ContactUsFrm_first_name').type(\"Rastko\");\ncy.get('#ContactUsFrm_email').type(\"rastko90@gmail.com\");\ncy.get('#ContactUsFrm_email').should('have.attr', 'name', 'email');\ncy.get('#ContactUsFrm_enquiry').type(\"Hello, I would like to make an enquiry\");\ncy.get(\"button[title='Submit']\").click();\ncy.get('.mb40 > :nth-child(3)').should('have.text', \"Your enquiry has been successfully sent to the store owner!\");",
              "err": {},
              "uuid": "5af942d6-454d-4cc1-a2ae-0c2650448058",
              "parentUUID": "6cae1092-0760-4d9e-b1b8-796f8e072f62",
              "isHook": false,
              "skipped": false
            }
          ],
          "suites": [],
          "passes": [
            "5af942d6-454d-4cc1-a2ae-0c2650448058"
          ],
          "failures": [],
          "pending": [],
          "skipped": [],
          "duration": 4617,
          "root": false,
          "rootEmpty": false,
          "_timeout": 2000
        }
      ],
      "passes": [],
      "failures": [],
      "pending": [],
      "skipped": [],
      "duration": 0,
      "root": true,
      "rootEmpty": true,
      "_timeout": 2000
    },
    {
      "uuid": "429b2f64-0fc2-401c-bc13-b7d4e0e3648d",
      "title": "",
      "fullFile": "cypress\\e2e\\automation-test-store\\count-products.cy.js",
      "file": "cypress\\e2e\\automation-test-store\\count-products.cy.js",
      "beforeHooks": [],
      "afterHooks": [],
      "tests": [],
      "suites": [
        {
          "uuid": "f3923451-19a3-4250-9702-49a8c9911aa2",
          "title": "Alias and invoke",
          "fullFile": "",
          "file": "",
          "beforeHooks": [],
          "afterHooks": [],
          "tests": [
            {
              "title": "Validate product thumbnail",
              "fullTitle": "Alias and invoke Validate product thumbnail",
              "timedOut": null,
              "duration": 2560,
              "state": "passed",
              "speed": "fast",
              "pass": true,
              "fail": false,
              "pending": false,
              "context": null,
              "code": "cy.visit('https://automationteststore.com/');\ncy.get('.thumbnail').should('have.length', 16);\ncy.get('a[href=\"#\"]').should('have.attr', 'class', 'productcart');",
              "err": {},
              "uuid": "7ffde834-d8a1-4942-8171-0a8305674eef",
              "parentUUID": "f3923451-19a3-4250-9702-49a8c9911aa2",
              "isHook": false,
              "skipped": false
            }
          ],
          "suites": [],
          "passes": [
            "7ffde834-d8a1-4942-8171-0a8305674eef"
          ],
          "failures": [],
          "pending": [],
          "skipped": [],
          "duration": 2560,
          "root": false,
          "rootEmpty": false,
          "_timeout": 2000
        }
      ],
      "passes": [],
      "failures": [],
      "pending": [],
      "skipped": [],
      "duration": 0,
      "root": true,
      "rootEmpty": true,
      "_timeout": 2000
    },
    {
      "uuid": "0439695f-4c45-4344-bcdb-b079abb8135c",
      "title": "",
      "fullFile": "cypress\\e2e\\automation-test-store\\inspect-item.cy.js",
      "file": "cypress\\e2e\\automation-test-store\\inspect-item.cy.js",
      "beforeHooks": [],
      "afterHooks": [],
      "tests": [],
      "suites": [
        {
          "uuid": "9de9c6b7-7c98-4641-bc27-acf8c55eff13",
          "title": "Inspect automation test store items using chain of comands",
          "fullFile": "",
          "file": "",
          "beforeHooks": [],
          "afterHooks": [],
          "tests": [
            {
              "title": "Click on the first item using item text",
              "fullTitle": "Inspect automation test store items using chain of comands Click on the first item using item text",
              "timedOut": null,
              "duration": 3045,
              "state": "passed",
              "speed": "fast",
              "pass": true,
              "fail": false,
              "pending": false,
              "context": null,
              "code": "cy.visit(\"https://automationteststore.com/\");\ncy.get('.prdocutname').contains(\"Skinsheen Bronzer Stick\").then(() => {\n  console.log(\"Skinsheen Bronzer Stick\");\n}).click();\ncy.get('.bgnone').should('have.text', \"Skinsheen Bronzer Stick\");",
              "err": {},
              "uuid": "18ada756-fe01-4f31-91d8-a8812f681293",
              "parentUUID": "9de9c6b7-7c98-4641-bc27-acf8c55eff13",
              "isHook": false,
              "skipped": false
            }
          ],
          "suites": [],
          "passes": [
            "18ada756-fe01-4f31-91d8-a8812f681293"
          ],
          "failures": [],
          "pending": [],
          "skipped": [],
          "duration": 3045,
          "root": false,
          "rootEmpty": false,
          "_timeout": 2000
        }
      ],
      "passes": [],
      "failures": [],
      "pending": [],
      "skipped": [],
      "duration": 0,
      "root": true,
      "rootEmpty": true,
      "_timeout": 2000
    },
    {
      "uuid": "0ec909e4-265a-425a-9688-75e9ffec02a4",
      "title": "",
      "fullFile": "cypress\\e2e\\automation-test-store\\iterate-over-products.cy.js",
      "file": "cypress\\e2e\\automation-test-store\\iterate-over-products.cy.js",
      "beforeHooks": [],
      "afterHooks": [],
      "tests": [],
      "suites": [
        {
          "uuid": "c3b7f848-389f-435f-926c-d76c1418dd78",
          "title": "Test automated test store for iterating over elements",
          "fullFile": "",
          "file": "",
          "beforeHooks": [],
          "afterHooks": [],
          "tests": [
            {
              "title": "Test case for successfull iteration over elements and selecting one",
              "fullTitle": "Test automated test store for iterating over elements Test case for successfull iteration over elements and selecting one",
              "timedOut": null,
              "duration": 2299,
              "state": "passed",
              "speed": "fast",
              "pass": true,
              "fail": false,
              "pending": false,
              "context": null,
              "code": "cy.get('.fixed_wrapper .prdocutname').each(($el, index, $list) => {\n  cy.log(\"Index: \" + index + \" : \" + $el.text());\n});",
              "err": {},
              "uuid": "6ecd71cf-cd0b-405d-88e2-4fd37879f8bc",
              "parentUUID": "c3b7f848-389f-435f-926c-d76c1418dd78",
              "isHook": false,
              "skipped": false
            },
            {
              "title": "Test case for successfull iteration over elements and selecting one",
              "fullTitle": "Test automated test store for iterating over elements Test case for successfull iteration over elements and selecting one",
              "timedOut": null,
              "duration": 1326,
              "state": "passed",
              "speed": "fast",
              "pass": true,
              "fail": false,
              "pending": false,
              "context": null,
              "code": "// cy.get('.fixed_wrapper .prdocutname').each(($el, index, $list) => {\n//     if($el.text() === \"Seaweed Conditioner\"){\n//         cy.wrap($el).click()\n//     }\n//   })\ncy.selectProduct(\"Seaweed Conditioner\");",
              "err": {},
              "uuid": "4eddaa19-4698-4bae-a52e-e7a537e5d0b0",
              "parentUUID": "c3b7f848-389f-435f-926c-d76c1418dd78",
              "isHook": false,
              "skipped": false
            },
            {
              "title": "Test case for successfull iteration over elements and selecting another element using commands",
              "fullTitle": "Test automated test store for iterating over elements Test case for successfull iteration over elements and selecting another element using commands",
              "timedOut": null,
              "duration": 1697,
              "state": "passed",
              "speed": "fast",
              "pass": true,
              "fail": false,
              "pending": false,
              "context": null,
              "code": "cy.selectProduct(\"Eau Parfumee au The Vert Shampoo\");",
              "err": {},
              "uuid": "05324f3b-b8cc-4fb2-85ad-51f52fcabd03",
              "parentUUID": "c3b7f848-389f-435f-926c-d76c1418dd78",
              "isHook": false,
              "skipped": false
            }
          ],
          "suites": [],
          "passes": [
            "6ecd71cf-cd0b-405d-88e2-4fd37879f8bc",
            "4eddaa19-4698-4bae-a52e-e7a537e5d0b0",
            "05324f3b-b8cc-4fb2-85ad-51f52fcabd03"
          ],
          "failures": [],
          "pending": [],
          "skipped": [],
          "duration": 5322,
          "root": false,
          "rootEmpty": false,
          "_timeout": 2000
        }
      ],
      "passes": [],
      "failures": [],
      "pending": [],
      "skipped": [],
      "duration": 0,
      "root": true,
      "rootEmpty": true,
      "_timeout": 2000
    },
    {
      "uuid": "82d05582-d222-4743-ad3d-ed01436e8bec",
      "title": "",
      "fullFile": "cypress\\e2e\\automation-test-store\\sum-proucts-price.cy.js",
      "file": "cypress\\e2e\\automation-test-store\\sum-proucts-price.cy.js",
      "beforeHooks": [],
      "afterHooks": [],
      "tests": [],
      "suites": [
        {
          "uuid": "222edb85-b30a-4863-9062-99547bbc6e55",
          "title": "Calculate total of normal and sale products",
          "fullFile": "",
          "file": "",
          "beforeHooks": [],
          "afterHooks": [],
          "tests": [
            {
              "title": "Positive test case",
              "fullTitle": "Calculate total of normal and sale products Positive test case",
              "timedOut": null,
              "duration": 5135,
              "state": "passed",
              "speed": "medium",
              "pass": true,
              "fail": false,
              "pending": false,
              "context": null,
              "code": "cy.visit('https://automationteststore.com/');\nlet priceTotal = 0;\ncy.get('.oneprice, .pricenew').each(($el, index, $list) => {\n  const re = /\\d+/;\n  const itemPrice = Number($el.text().match(re).join(''));\n  priceTotal += itemPrice;\n}).then(element => {\n  cy.log('The total price of all item is: ' + priceTotal);\n  expect(priceTotal).to.equal(624);\n});",
              "err": {},
              "uuid": "581d4806-3793-4172-8aa2-453040ea545e",
              "parentUUID": "222edb85-b30a-4863-9062-99547bbc6e55",
              "isHook": false,
              "skipped": false
            }
          ],
          "suites": [],
          "passes": [
            "581d4806-3793-4172-8aa2-453040ea545e"
          ],
          "failures": [],
          "pending": [],
          "skipped": [],
          "duration": 5135,
          "root": false,
          "rootEmpty": false,
          "_timeout": 2000
        }
      ],
      "passes": [],
      "failures": [],
      "pending": [],
      "skipped": [],
      "duration": 0,
      "root": true,
      "rootEmpty": true,
      "_timeout": 2000
    },
    {
      "uuid": "6acb1575-6078-4d7b-bd2c-d3795211a756",
      "title": "",
      "fullFile": "cypress\\e2e\\automation-test-store\\sum-values.cy.js",
      "file": "cypress\\e2e\\automation-test-store\\sum-values.cy.js",
      "beforeHooks": [],
      "afterHooks": [],
      "tests": [],
      "suites": [
        {
          "uuid": "3120a681-6743-4a1b-9c15-2afdb1f04c17",
          "title": "Calculate total products price in automation test store items using various commands",
          "fullFile": "",
          "file": "",
          "beforeHooks": [],
          "afterHooks": [],
          "tests": [
            {
              "title": "Sum of all product prices",
              "fullTitle": "Calculate total products price in automation test store items using various commands Sum of all product prices",
              "timedOut": null,
              "duration": 3203,
              "state": "passed",
              "speed": "fast",
              "pass": true,
              "fail": false,
              "pending": false,
              "context": null,
              "code": "cy.visit(\"https://automationteststore.com/\");\ncy.get('.pricenew, .oneprice').each(($el, index, $list) => {\n  let re = /\\d+/;\n  let price = $el.text().match(re).join('');\n  console.log(price);\n});",
              "err": {},
              "uuid": "883b26c3-6492-425d-9e4d-8808f79bdc95",
              "parentUUID": "3120a681-6743-4a1b-9c15-2afdb1f04c17",
              "isHook": false,
              "skipped": false
            }
          ],
          "suites": [],
          "passes": [
            "883b26c3-6492-425d-9e4d-8808f79bdc95"
          ],
          "failures": [],
          "pending": [],
          "skipped": [],
          "duration": 3203,
          "root": false,
          "rootEmpty": false,
          "_timeout": 2000
        }
      ],
      "passes": [],
      "failures": [],
      "pending": [],
      "skipped": [],
      "duration": 0,
      "root": true,
      "rootEmpty": true,
      "_timeout": 2000
    },
    {
      "uuid": "18765381-cfd7-44d5-9d59-60f91ef3e010",
      "title": "",
      "fullFile": "cypress\\e2e\\automation-test-store\\variables-and-cy-commands.cy.js",
      "file": "cypress\\e2e\\automation-test-store\\variables-and-cy-commands.cy.js",
      "beforeHooks": [],
      "afterHooks": [],
      "tests": [],
      "suites": [
        {
          "uuid": "c06dd00a-abfd-4723-ae2d-095a58831c58",
          "title": "Verifying variables cy commands and jquery commands",
          "fullFile": "",
          "file": "",
          "beforeHooks": [],
          "afterHooks": [],
          "tests": [
            {
              "title": "Navigating to specific product pages",
              "fullTitle": "Verifying variables cy commands and jquery commands Navigating to specific product pages",
              "timedOut": null,
              "duration": 5918,
              "state": "passed",
              "speed": "medium",
              "pass": true,
              "fail": false,
              "pending": false,
              "context": null,
              "code": "cy.visit(\"https://automationteststore.com/\"); //The following will fail\n// const makeup = cy.get('a[href*=\"product/category&path=\"]').contains('Makeup')\n// const skincare = cy.get('a[href*=\"product/category&path=\"]').contains('Skincare')\n// makeup.click()\n// skincare.click()\n//The following will work\n// const makeup = cy.get('a[href*=\"product/category&path=\"]').contains('Makeup')\n// makeup.click()\n// const skincare = cy.get('a[href*=\"product/category&path=\"]').contains('Skincare')\n// skincare.click()\n//Recomended approach\n// cy.get('a[href*=\"product/category&path=\"]').contains('Makeup').click()\n// cy.get('a[href*=\"product/category&path=\"]').contains('Skincare').click()\ncy.get('a[href*=\"product/category&path=\"]').contains('Makeup').click();\ncy.get('.maintext').should('have.text', \"Makeup\");\ncy.get('.maintext').then(mainEl => {\n  cy.log(mainEl.text());\n});",
              "err": {},
              "uuid": "4219db31-9d5f-40f3-a354-aeb3604576e1",
              "parentUUID": "c06dd00a-abfd-4723-ae2d-095a58831c58",
              "isHook": false,
              "skipped": false
            }
          ],
          "suites": [],
          "passes": [
            "4219db31-9d5f-40f3-a354-aeb3604576e1"
          ],
          "failures": [],
          "pending": [],
          "skipped": [],
          "duration": 5918,
          "root": false,
          "rootEmpty": false,
          "_timeout": 2000
        }
      ],
      "passes": [],
      "failures": [],
      "pending": [],
      "skipped": [],
      "duration": 0,
      "root": true,
      "rootEmpty": true,
      "_timeout": 2000
    },
    {
      "uuid": "48af7a5d-7923-4aae-87fd-e5f459374bec",
      "title": "",
      "fullFile": "cypress\\e2e\\Webdriver-uni\\assertions.cy.js",
      "file": "cypress\\e2e\\Webdriver-uni\\assertions.cy.js",
      "beforeHooks": [],
      "afterHooks": [],
      "tests": [],
      "suites": [
        {
          "uuid": "578c26c1-20d0-4330-aae5-767713bc0279",
          "title": "Preform assertion on webdriver uni page",
          "fullFile": "",
          "file": "",
          "beforeHooks": [],
          "afterHooks": [],
          "tests": [
            {
              "title": "Use .document and chai assertions to check charset property",
              "fullTitle": "Preform assertion on webdriver uni page Use .document and chai assertions to check charset property",
              "timedOut": null,
              "duration": 1594,
              "state": "passed",
              "speed": "fast",
              "pass": true,
              "fail": false,
              "pending": false,
              "context": null,
              "code": "cy.visit(\"http://www.webdriveruniversity.com/Contact-Us/contactus.html\");\ncy.document().should('have.a.property', 'charset', 'UTF-8');\ncy.title().should('contain', \"WebDriver\");",
              "err": {},
              "uuid": "d902e7d6-60f8-4697-9b05-9e6b30355844",
              "parentUUID": "578c26c1-20d0-4330-aae5-767713bc0279",
              "isHook": false,
              "skipped": false
            }
          ],
          "suites": [],
          "passes": [
            "d902e7d6-60f8-4697-9b05-9e6b30355844"
          ],
          "failures": [],
          "pending": [],
          "skipped": [],
          "duration": 1594,
          "root": false,
          "rootEmpty": false,
          "_timeout": 2000
        }
      ],
      "passes": [],
      "failures": [],
      "pending": [],
      "skipped": [],
      "duration": 0,
      "root": true,
      "rootEmpty": true,
      "_timeout": 2000
    },
    {
      "uuid": "7b22117f-5fda-4d0b-a368-994111f89942",
      "title": "",
      "fullFile": "cypress\\e2e\\Webdriver-uni\\autocomplete-dropdown-list.cy.js",
      "file": "cypress\\e2e\\Webdriver-uni\\autocomplete-dropdown-list.cy.js",
      "beforeHooks": [],
      "afterHooks": [],
      "tests": [],
      "suites": [
        {
          "uuid": "284367cf-988e-447c-aea7-ac9013d81372",
          "title": "Verify autocomplete dropdown lists via webdriver uni",
          "fullFile": "",
          "file": "",
          "beforeHooks": [],
          "afterHooks": [],
          "tests": [
            {
              "title": "Select specific values via selec dropdown lists",
              "fullTitle": "Verify autocomplete dropdown lists via webdriver uni Select specific values via selec dropdown lists",
              "timedOut": null,
              "duration": 1916,
              "state": "passed",
              "speed": "fast",
              "pass": true,
              "fail": false,
              "pending": false,
              "context": null,
              "code": "cy.visit(\"http://www.webdriveruniversity.com/\");\ncy.get('#autocomplete-textfield').invoke('removeAttr', 'target').click();\ncy.url().should('include', 'autocomplete');\ncy.get('#myInput').type('a');\ncy.get('#myInputautocomplete-list').contains('Asparagus').click();\ncy.get('#myInput').should('have.value', 'Asparagus');\ncy.get('#submit-button').click();\ncy.url().should('include', 'Asparagus').then(() => {\n  cy.get('#myInput').type('g');\n  cy.get('#myInputautocomplete-list').contains('Grapes').click();\n  cy.get('#myInput').should('have.value', 'Grapes');\n  cy.get('#submit-button').click();\n  cy.url().should('include', 'Grapes');\n});",
              "err": {},
              "uuid": "e29f1057-f952-4ffb-a386-29fc82c55573",
              "parentUUID": "284367cf-988e-447c-aea7-ac9013d81372",
              "isHook": false,
              "skipped": false
            }
          ],
          "suites": [],
          "passes": [
            "e29f1057-f952-4ffb-a386-29fc82c55573"
          ],
          "failures": [],
          "pending": [],
          "skipped": [],
          "duration": 1916,
          "root": false,
          "rootEmpty": false,
          "_timeout": 2000
        }
      ],
      "passes": [],
      "failures": [],
      "pending": [],
      "skipped": [],
      "duration": 0,
      "root": true,
      "rootEmpty": true,
      "_timeout": 2000
    },
    {
      "uuid": "c59f86c9-d84b-45b6-b6ed-9ea572a5018b",
      "title": "",
      "fullFile": "cypress\\e2e\\Webdriver-uni\\browser-navigation.cy.js",
      "file": "cypress\\e2e\\Webdriver-uni\\browser-navigation.cy.js",
      "beforeHooks": [],
      "afterHooks": [],
      "tests": [],
      "suites": [
        {
          "uuid": "c65d66e1-df94-4772-81db-1f383c198d20",
          "title": "Preform navigation on webdriver uni page",
          "fullFile": "",
          "file": "",
          "beforeHooks": [],
          "afterHooks": [],
          "tests": [
            {
              "title": "Succesffully navigate to todolist and go back to the home page",
              "fullTitle": "Preform navigation on webdriver uni page Succesffully navigate to todolist and go back to the home page",
              "timedOut": null,
              "duration": 2013,
              "state": "passed",
              "speed": "fast",
              "pass": true,
              "fail": false,
              "pending": false,
              "context": null,
              "code": "cy.visit(\"http://www.webdriveruniversity.com/\");\ncy.get('a[href=\"To-Do-List/index.html\"]').invoke('removeAttr', 'target').click();\ncy.url().should('include', 'To-Do-List');\ncy.go('back');\ncy.url().should('include', 'http://www.webdriveruniversity.com/');",
              "err": {},
              "uuid": "03f6c8ec-f4ec-4fc9-b944-5075fec56251",
              "parentUUID": "c65d66e1-df94-4772-81db-1f383c198d20",
              "isHook": false,
              "skipped": false
            }
          ],
          "suites": [],
          "passes": [
            "03f6c8ec-f4ec-4fc9-b944-5075fec56251"
          ],
          "failures": [],
          "pending": [],
          "skipped": [],
          "duration": 2013,
          "root": false,
          "rootEmpty": false,
          "_timeout": 2000
        }
      ],
      "passes": [],
      "failures": [],
      "pending": [],
      "skipped": [],
      "duration": 0,
      "root": true,
      "rootEmpty": true,
      "_timeout": 2000
    },
    {
      "uuid": "976e103c-3c58-4c23-a6f3-a0a3be92c34a",
      "title": "",
      "fullFile": "cypress\\e2e\\Webdriver-uni\\checkboxes.cy.js",
      "file": "cypress\\e2e\\Webdriver-uni\\checkboxes.cy.js",
      "beforeHooks": [],
      "afterHooks": [],
      "tests": [],
      "suites": [
        {
          "uuid": "41eb7934-ca48-4eee-957b-6f93939a03e3",
          "title": "Check cypres checkbox functionality",
          "fullFile": "",
          "file": "",
          "beforeHooks": [],
          "afterHooks": [],
          "tests": [
            {
              "title": "Select checkbox on webdriver uni website",
              "fullTitle": "Check cypres checkbox functionality Select checkbox on webdriver uni website",
              "timedOut": null,
              "duration": 765,
              "state": "passed",
              "speed": "fast",
              "pass": true,
              "fail": false,
              "pending": false,
              "context": null,
              "code": "cy.get('#checkboxes > :nth-child(1) > input').check();\ncy.get('#checkboxes > :nth-child(1) > input').should('be.checked');",
              "err": {},
              "uuid": "e1605ad9-0c21-404b-9dad-af9bfe80450d",
              "parentUUID": "41eb7934-ca48-4eee-957b-6f93939a03e3",
              "isHook": false,
              "skipped": false
            },
            {
              "title": "De-select checkbox on webdriver uni website",
              "fullTitle": "Check cypres checkbox functionality De-select checkbox on webdriver uni website",
              "timedOut": null,
              "duration": 273,
              "state": "passed",
              "speed": "fast",
              "pass": true,
              "fail": false,
              "pending": false,
              "context": null,
              "code": "cy.get(':nth-child(5) > input').as('Checkbox3');\ncy.get('@Checkbox3').uncheck();\ncy.get('@Checkbox3').should('not.be.checked');",
              "err": {},
              "uuid": "1c8c5551-ccb6-437e-8fa6-cd8374da8c6b",
              "parentUUID": "41eb7934-ca48-4eee-957b-6f93939a03e3",
              "isHook": false,
              "skipped": false
            },
            {
              "title": "Select multiple checkboxes on webdriver uni website",
              "fullTitle": "Check cypres checkbox functionality Select multiple checkboxes on webdriver uni website",
              "timedOut": null,
              "duration": 466,
              "state": "passed",
              "speed": "fast",
              "pass": true,
              "fail": false,
              "pending": false,
              "context": null,
              "code": "cy.get('input[type=\"checkbox\"]').each(($el, index, $list) => {\n  cy.wrap($el).check().should('be.checked');\n});",
              "err": {},
              "uuid": "d32a5752-ce23-456a-8761-502ff6d3e014",
              "parentUUID": "41eb7934-ca48-4eee-957b-6f93939a03e3",
              "isHook": false,
              "skipped": false
            },
            {
              "title": "Select multiple checkboxes on webdriver uni website",
              "fullTitle": "Check cypres checkbox functionality Select multiple checkboxes on webdriver uni website",
              "timedOut": null,
              "duration": 430,
              "state": "passed",
              "speed": "fast",
              "pass": true,
              "fail": false,
              "pending": false,
              "context": null,
              "code": "cy.get('input[type=\"checkbox\"]').check(['option-1', 'option-2', 'option-3', 'option-4']).should('be.checked');",
              "err": {},
              "uuid": "26ac2df8-e78f-4ace-b327-eebe5622cae5",
              "parentUUID": "41eb7934-ca48-4eee-957b-6f93939a03e3",
              "isHook": false,
              "skipped": false
            }
          ],
          "suites": [],
          "passes": [
            "e1605ad9-0c21-404b-9dad-af9bfe80450d",
            "1c8c5551-ccb6-437e-8fa6-cd8374da8c6b",
            "d32a5752-ce23-456a-8761-502ff6d3e014",
            "26ac2df8-e78f-4ace-b327-eebe5622cae5"
          ],
          "failures": [],
          "pending": [],
          "skipped": [],
          "duration": 1934,
          "root": false,
          "rootEmpty": false,
          "_timeout": 2000
        }
      ],
      "passes": [],
      "failures": [],
      "pending": [],
      "skipped": [],
      "duration": 0,
      "root": true,
      "rootEmpty": true,
      "_timeout": 2000
    },
    {
      "uuid": "728348b4-dc9b-4652-bca9-7fe76f8e62d0",
      "title": "",
      "fullFile": "cypress\\e2e\\Webdriver-uni\\contact-us.cy.js",
      "file": "cypress\\e2e\\Webdriver-uni\\contact-us.cy.js",
      "beforeHooks": [],
      "afterHooks": [],
      "tests": [],
      "suites": [
        {
          "uuid": "4607bcbb-819b-4bb2-85e3-859cfbbc2622",
          "title": "Test contact-us page via webdriver uni",
          "fullFile": "",
          "file": "",
          "beforeHooks": [],
          "afterHooks": [],
          "tests": [
            {
              "title": "Successfully submit a contact us form",
              "fullTitle": "Test contact-us page via webdriver uni Successfully submit a contact us form",
              "timedOut": null,
              "duration": 2949,
              "state": "passed",
              "speed": "fast",
              "pass": true,
              "fail": false,
              "pending": false,
              "context": null,
              "code": "contactUs_PO.submitForm(data.first_name, data.last_name, data.email, 'Something stupid', 'h1', 'Thank You');",
              "err": {},
              "uuid": "bf755110-df09-48c4-b871-9eebe6100c31",
              "parentUUID": "4607bcbb-819b-4bb2-85e3-859cfbbc2622",
              "isHook": false,
              "skipped": false
            },
            {
              "title": "submit a contact us form without all data",
              "fullTitle": "Test contact-us page via webdriver uni submit a contact us form without all data",
              "timedOut": null,
              "duration": 1531,
              "state": "passed",
              "speed": "fast",
              "pass": true,
              "fail": false,
              "pending": false,
              "context": null,
              "code": "contactUs_PO.submitForm(data.first_name, data.last_name, \" \", 'Something stupid', 'body', 'Error');",
              "err": {},
              "uuid": "80a54218-9235-4b8e-9b8c-6715722c869c",
              "parentUUID": "4607bcbb-819b-4bb2-85e3-859cfbbc2622",
              "isHook": false,
              "skipped": false
            }
          ],
          "suites": [],
          "passes": [
            "bf755110-df09-48c4-b871-9eebe6100c31",
            "80a54218-9235-4b8e-9b8c-6715722c869c"
          ],
          "failures": [],
          "pending": [],
          "skipped": [],
          "duration": 4480,
          "root": false,
          "rootEmpty": false,
          "_timeout": 2000
        }
      ],
      "passes": [],
      "failures": [],
      "pending": [],
      "skipped": [],
      "duration": 0,
      "root": true,
      "rootEmpty": true,
      "_timeout": 2000
    },
    {
      "uuid": "d07151ab-5ddf-4bc5-84ba-f96a0eee832b",
      "title": "",
      "fullFile": "cypress\\e2e\\Webdriver-uni\\contact-us1.cy.js",
      "file": "cypress\\e2e\\Webdriver-uni\\contact-us1.cy.js",
      "beforeHooks": [],
      "afterHooks": [],
      "tests": [],
      "suites": [
        {
          "uuid": "3243f580-b272-4445-aa42-bd1066b15bf3",
          "title": "Test contact us form form WebdriverUni",
          "fullFile": "",
          "file": "",
          "beforeHooks": [],
          "afterHooks": [],
          "tests": [
            {
              "title": "Should be able to submit a successful submition via Constact-us form",
              "fullTitle": "Test contact us form form WebdriverUni Should be able to submit a successful submition via Constact-us form",
              "timedOut": null,
              "duration": 2469,
              "state": "passed",
              "speed": "fast",
              "pass": true,
              "fail": false,
              "pending": false,
              "context": null,
              "code": "//cy.get('#contact-us').click()\ncy.get('[name=\"first_name\"]').type(Cypress.env('first_name'));\ncy.get('[name=\"last_name\"]').type(\"Cole\");\ncy.get('[name=\"email\"]').type(\"j.cole@gmail.com\");\ncy.get('textarea.feedback-input').type(\"I played for Chelsea\");\ncy.get('[type=\"submit\"]').click();\ncy.get('h1').should('have.text', 'Thank You for your Message!');",
              "err": {},
              "uuid": "116afe01-9a96-41ce-bb81-10d42d8a1bb5",
              "parentUUID": "3243f580-b272-4445-aa42-bd1066b15bf3",
              "isHook": false,
              "skipped": false
            },
            {
              "title": "Should NOT be able to submit a successful submition via Constact-us form as all fields are required",
              "fullTitle": "Test contact us form form WebdriverUni Should NOT be able to submit a successful submition via Constact-us form as all fields are required",
              "timedOut": null,
              "duration": 1159,
              "state": "passed",
              "speed": "fast",
              "pass": true,
              "fail": false,
              "pending": false,
              "context": null,
              "code": "cy.get('[name=\"first_name\"]').type(\"Joe\");\ncy.get('[name=\"last_name\"]').type(\"Cole\");\ncy.get('textarea.feedback-input').type(\"I played for Chelsea\");\ncy.get('[type=\"submit\"]').click();\ncy.get('body').contains(\"Error: all fields are required\");",
              "err": {},
              "uuid": "3d52369f-a316-473d-95a1-2772148f45f9",
              "parentUUID": "3243f580-b272-4445-aa42-bd1066b15bf3",
              "isHook": false,
              "skipped": false
            }
          ],
          "suites": [],
          "passes": [
            "116afe01-9a96-41ce-bb81-10d42d8a1bb5",
            "3d52369f-a316-473d-95a1-2772148f45f9"
          ],
          "failures": [],
          "pending": [],
          "skipped": [],
          "duration": 3628,
          "root": false,
          "rootEmpty": false,
          "_timeout": 2000
        }
      ],
      "passes": [],
      "failures": [],
      "pending": [],
      "skipped": [],
      "duration": 0,
      "root": true,
      "rootEmpty": true,
      "_timeout": 2000
    },
    {
      "uuid": "9d9546cd-0602-42ef-922d-3b153bfbf60f",
      "title": "",
      "fullFile": "cypress\\e2e\\Webdriver-uni\\datepicker.cy.js",
      "file": "cypress\\e2e\\Webdriver-uni\\datepicker.cy.js",
      "beforeHooks": [],
      "afterHooks": [],
      "tests": [],
      "suites": [
        {
          "uuid": "908ef428-ede1-4d0f-a0a7-c29815bb46e3",
          "title": "Test Datepicker via webdriveruni",
          "fullFile": "",
          "file": "",
          "beforeHooks": [],
          "afterHooks": [],
          "tests": [
            {
              "title": "Select date from the datepicker",
              "fullTitle": "Test Datepicker via webdriveruni Select date from the datepicker",
              "timedOut": null,
              "duration": 4033,
              "state": "passed",
              "speed": "fast",
              "pass": true,
              "fail": false,
              "pending": false,
              "context": null,
              "code": "cy.navigateTo_WebDriverUni_Homepage();\ncy.get('#datepicker').invoke('removeAttr', 'target').click({\n  force: true\n});\ncy.get('#datepicker').click(); // let date = new Date();\n// date.setDate(date.getDate())\n// cy.log(date.getDate()) //get current day i.e. 22\n// let date2 = new Date();\n// date2.setDate(date.getDate() + 5)\n// cy.log(date2.getDate()) //get current day i.e. 22 + 5 = 27\nvar date = new Date();\ndate.setDate(date.getDate() + 400);\nvar futureYear = date.getFullYear();\nvar futureMonth = date.toLocaleString(\"default\", {\n  month: \"long\"\n});\nvar futureDay = date.getDate();\ncy.log(\"Future year to select: \" + futureYear);\ncy.log(\"Future month to select: \" + futureMonth);\ncy.log(\"Future day to select: \" + futureDay);\nfunction selectMonthAndYear() {\n  cy.get('.datepicker-dropdown').find('.datepicker-switch').first().then(currentDate => {\n    if (!currentDate.text().includes(futureYear)) {\n      cy.get('.next').first().click();\n      selectMonthAndYear();\n    }\n  }).then(() => {\n    cy.get('.datepicker-dropdown').find('.datepicker-switch').first().then(currentDate => {\n      if (!currentDate.text().includes(futureMonth)) {\n        cy.get('.next').first().click();\n        selectMonthAndYear();\n      }\n    });\n  });\n}\nfunction selectFutureDay() {\n  cy.get('[class=\"day\"]').contains(futureDay).click();\n}\nselectMonthAndYear();\nselectFutureDay();",
              "err": {},
              "uuid": "85c8f7c4-9136-4d88-8ce4-b6fcf62d6bf8",
              "parentUUID": "908ef428-ede1-4d0f-a0a7-c29815bb46e3",
              "isHook": false,
              "skipped": false
            }
          ],
          "suites": [],
          "passes": [
            "85c8f7c4-9136-4d88-8ce4-b6fcf62d6bf8"
          ],
          "failures": [],
          "pending": [],
          "skipped": [],
          "duration": 4033,
          "root": false,
          "rootEmpty": false,
          "_timeout": 2000
        }
      ],
      "passes": [],
      "failures": [],
      "pending": [],
      "skipped": [],
      "duration": 0,
      "root": true,
      "rootEmpty": true,
      "_timeout": 2000
    },
    {
      "uuid": "9a01aba3-9765-4f87-bf0a-c401eb127310",
      "title": "",
      "fullFile": "cypress\\e2e\\Webdriver-uni\\file-selector.cy.js",
      "file": "cypress\\e2e\\Webdriver-uni\\file-selector.cy.js",
      "beforeHooks": [],
      "afterHooks": [],
      "tests": [],
      "suites": [
        {
          "uuid": "9aff68cb-3cde-4db0-9658-aefadabbb76f",
          "title": "Test file upload via webdriver uni",
          "fullFile": "",
          "file": "",
          "beforeHooks": [],
          "afterHooks": [],
          "tests": [
            {
              "title": "Don't upload a file",
              "fullTitle": "Test file upload via webdriver uni Don't upload a file",
              "timedOut": null,
              "duration": 1421,
              "state": "passed",
              "speed": "fast",
              "pass": true,
              "fail": false,
              "pending": false,
              "context": null,
              "code": "cy.visit('http://www.webdriveruniversity.com/');\ncy.get('#file-upload').invoke('removeAttr', 'target').click();\ncy.url().should('contain', 'File-Upload');\ncy.get('#submit-button').click();\ncy.on('window:alert', string => {\n  expect(string).to.eq('You need to select a file to upload!');\n});",
              "err": {},
              "uuid": "6ebbfc24-44d7-4fce-91aa-aafa67baeddf",
              "parentUUID": "9aff68cb-3cde-4db0-9658-aefadabbb76f",
              "isHook": false,
              "skipped": false
            }
          ],
          "suites": [],
          "passes": [
            "6ebbfc24-44d7-4fce-91aa-aafa67baeddf"
          ],
          "failures": [],
          "pending": [],
          "skipped": [],
          "duration": 1421,
          "root": false,
          "rootEmpty": false,
          "_timeout": 2000
        }
      ],
      "passes": [],
      "failures": [],
      "pending": [],
      "skipped": [],
      "duration": 0,
      "root": true,
      "rootEmpty": true,
      "_timeout": 2000
    },
    {
      "uuid": "961a3915-58cd-41c9-839c-577ef9d0071e",
      "title": "",
      "fullFile": "cypress\\e2e\\Webdriver-uni\\handling-alerts.cy.js",
      "file": "cypress\\e2e\\Webdriver-uni\\handling-alerts.cy.js",
      "beforeHooks": [],
      "afterHooks": [],
      "tests": [],
      "suites": [
        {
          "uuid": "2d0a064c-7db9-4da0-9427-d6e7b3beb98c",
          "title": "Testing JS alerts with cypress",
          "fullFile": "",
          "file": "",
          "beforeHooks": [],
          "afterHooks": [],
          "tests": [
            {
              "title": "Confirm JS alert box contains the right text value",
              "fullTitle": "Testing JS alerts with cypress Confirm JS alert box contains the right text value",
              "timedOut": null,
              "duration": 978,
              "state": "passed",
              "speed": "fast",
              "pass": true,
              "fail": false,
              "pending": false,
              "context": null,
              "code": "cy.get('#button1').click();\ncy.on('window:alert', str => {\n  expect(str).to.equal('I am an alert box!');\n});",
              "err": {},
              "uuid": "dcf17f01-4377-4b83-b3eb-c651230d6cd4",
              "parentUUID": "2d0a064c-7db9-4da0-9427-d6e7b3beb98c",
              "isHook": false,
              "skipped": false
            },
            {
              "title": "Confirm JS alert box works correctly when clicking ok",
              "fullTitle": "Testing JS alerts with cypress Confirm JS alert box works correctly when clicking ok",
              "timedOut": null,
              "duration": 435,
              "state": "passed",
              "speed": "fast",
              "pass": true,
              "fail": false,
              "pending": false,
              "context": null,
              "code": "cy.get('#button4').click();\ncy.on('window:confirm', str => {\n  expect(str).to.equal('Press a button!');\n  return true;\n});\ncy.get('#confirm-alert-text').should('have.text', 'You pressed OK!');",
              "err": {},
              "uuid": "b50922b8-93ef-4f7c-b3cd-254188105ae0",
              "parentUUID": "2d0a064c-7db9-4da0-9427-d6e7b3beb98c",
              "isHook": false,
              "skipped": false
            },
            {
              "title": "Confirm JS alert box works correctly when clicking cancel",
              "fullTitle": "Testing JS alerts with cypress Confirm JS alert box works correctly when clicking cancel",
              "timedOut": null,
              "duration": 399,
              "state": "passed",
              "speed": "fast",
              "pass": true,
              "fail": false,
              "pending": false,
              "context": null,
              "code": "cy.get('#button4').click();\ncy.on('window:confirm', str => {\n  expect(str).to.equal('Press a button!');\n  return false;\n});\ncy.get('#confirm-alert-text').should('have.text', 'You pressed Cancel!');",
              "err": {},
              "uuid": "410f4483-ad74-4be9-b139-3080fd589628",
              "parentUUID": "2d0a064c-7db9-4da0-9427-d6e7b3beb98c",
              "isHook": false,
              "skipped": false
            },
            {
              "title": "Confirm JS alert box works correctly using a stub",
              "fullTitle": "Testing JS alerts with cypress Confirm JS alert box works correctly using a stub",
              "timedOut": null,
              "duration": 395,
              "state": "passed",
              "speed": "fast",
              "pass": true,
              "fail": false,
              "pending": false,
              "context": null,
              "code": "const stub = cy.stub();\ncy.on('window:confirm', stub);\ncy.get('#button4').click().then(() => {\n  expect(stub.getCall(0)).to.be.calledWith('Press a button!');\n}).then(() => {\n  return true;\n}).then(() => {\n  cy.get('#confirm-alert-text').should('have.text', 'You pressed OK!');\n});",
              "err": {},
              "uuid": "1562a4c4-2ee9-4ee5-a8fe-8f6ae2245b59",
              "parentUUID": "2d0a064c-7db9-4da0-9427-d6e7b3beb98c",
              "isHook": false,
              "skipped": false
            }
          ],
          "suites": [],
          "passes": [
            "dcf17f01-4377-4b83-b3eb-c651230d6cd4",
            "b50922b8-93ef-4f7c-b3cd-254188105ae0",
            "410f4483-ad74-4be9-b139-3080fd589628",
            "1562a4c4-2ee9-4ee5-a8fe-8f6ae2245b59"
          ],
          "failures": [],
          "pending": [],
          "skipped": [],
          "duration": 2207,
          "root": false,
          "rootEmpty": false,
          "_timeout": 2000
        }
      ],
      "passes": [],
      "failures": [],
      "pending": [],
      "skipped": [],
      "duration": 0,
      "root": true,
      "rootEmpty": true,
      "_timeout": 2000
    },
    {
      "uuid": "6ee63434-49ef-4a16-8c7a-0014e7d32faa",
      "title": "",
      "fullFile": "cypress\\e2e\\Webdriver-uni\\mouse-actions.cy.js",
      "file": "cypress\\e2e\\Webdriver-uni\\mouse-actions.cy.js",
      "beforeHooks": [],
      "afterHooks": [],
      "tests": [],
      "suites": [
        {
          "uuid": "39ad3f50-44bf-44eb-b85b-68a37c358184",
          "title": "Test mouse actions",
          "fullFile": "",
          "file": "",
          "beforeHooks": [],
          "afterHooks": [],
          "tests": [
            {
              "title": "Hold down a left mouse click on a given element",
              "fullTitle": "Test mouse actions Hold down a left mouse click on a given element",
              "timedOut": null,
              "duration": 1568,
              "state": "passed",
              "speed": "fast",
              "pass": true,
              "fail": false,
              "pending": false,
              "context": null,
              "code": "cy.visit(\"http://www.webdriveruniversity.com/\");\ncy.get('#actions').scrollIntoView().invoke('removeAttr', 'target').click();\ncy.url().should('include', 'Actions');\ncy.get('#click-box').trigger('mousedown', {\n  which: 1\n}).then($element => {\n  expect($element).to.have.css('background-color', 'rgb(0, 255, 0)');\n});",
              "err": {},
              "uuid": "1ec52073-71d9-4e3f-997e-60e1c8dbd20d",
              "parentUUID": "39ad3f50-44bf-44eb-b85b-68a37c358184",
              "isHook": false,
              "skipped": false
            }
          ],
          "suites": [],
          "passes": [
            "1ec52073-71d9-4e3f-997e-60e1c8dbd20d"
          ],
          "failures": [],
          "pending": [],
          "skipped": [],
          "duration": 1568,
          "root": false,
          "rootEmpty": false,
          "_timeout": 2000
        }
      ],
      "passes": [],
      "failures": [],
      "pending": [],
      "skipped": [],
      "duration": 0,
      "root": true,
      "rootEmpty": true,
      "_timeout": 2000
    },
    {
      "uuid": "7d2eb059-f75d-465d-9e9b-7a00202b63ef",
      "title": "",
      "fullFile": "cypress\\e2e\\Webdriver-uni\\radiobuttons.cy.js",
      "file": "cypress\\e2e\\Webdriver-uni\\radiobuttons.cy.js",
      "beforeHooks": [],
      "afterHooks": [],
      "tests": [],
      "suites": [
        {
          "uuid": "337e90f7-cf6f-42f1-96a7-73042b21a1c1",
          "title": "Check cypres radiobutton functionality",
          "fullFile": "",
          "file": "",
          "beforeHooks": [],
          "afterHooks": [],
          "tests": [
            {
              "title": "Select redio button on webdriver uni website",
              "fullTitle": "Check cypres radiobutton functionality Select redio button on webdriver uni website",
              "timedOut": null,
              "duration": 1099,
              "state": "passed",
              "speed": "fast",
              "pass": true,
              "fail": false,
              "pending": false,
              "context": null,
              "code": "cy.get(\"#radio-buttons\").find('input[type=\"radio\"]').first().check();\ncy.get(\"#radio-buttons\").find('input[type=\"radio\"]').eq(2).check();",
              "err": {},
              "uuid": "b853fa51-0d9e-47b9-aa8c-7a487183ce07",
              "parentUUID": "337e90f7-cf6f-42f1-96a7-73042b21a1c1",
              "isHook": false,
              "skipped": false
            },
            {
              "title": "Validate the states of specific radio buttons",
              "fullTitle": "Check cypres radiobutton functionality Validate the states of specific radio buttons",
              "timedOut": null,
              "duration": 432,
              "state": "passed",
              "speed": "fast",
              "pass": true,
              "fail": false,
              "pending": false,
              "context": null,
              "code": "cy.get('input[value=\"lettuce\"]').should('not.be.checked');\ncy.get('input[value=\"pumpkin\"]').should('be.checked');\ncy.get('input[value=\"cabbage\"]').should('be.disabled');\ncy.get('input[value=\"lettuce\"]').check();\ncy.get('input[value=\"lettuce\"]').should('be.checked');\ncy.get('input[value=\"pumpkin\"]').should('not.be.checked');",
              "err": {},
              "uuid": "9546c298-ec0b-45cd-be33-f0674b3b1176",
              "parentUUID": "337e90f7-cf6f-42f1-96a7-73042b21a1c1",
              "isHook": false,
              "skipped": false
            }
          ],
          "suites": [],
          "passes": [
            "b853fa51-0d9e-47b9-aa8c-7a487183ce07",
            "9546c298-ec0b-45cd-be33-f0674b3b1176"
          ],
          "failures": [],
          "pending": [],
          "skipped": [],
          "duration": 1531,
          "root": false,
          "rootEmpty": false,
          "_timeout": 2000
        }
      ],
      "passes": [],
      "failures": [],
      "pending": [],
      "skipped": [],
      "duration": 0,
      "root": true,
      "rootEmpty": true,
      "_timeout": 2000
    },
    {
      "uuid": "e09399c3-374c-48c0-82ab-9d333ac0d2ba",
      "title": "",
      "fullFile": "cypress\\e2e\\Webdriver-uni\\select-dropdown-list.cy.js",
      "file": "cypress\\e2e\\Webdriver-uni\\select-dropdown-list.cy.js",
      "beforeHooks": [],
      "afterHooks": [],
      "tests": [],
      "suites": [
        {
          "uuid": "70c3b17f-b5a3-4c2a-ace9-72293cc8dffc",
          "title": "Interact with dropdown lists via webdriver uni",
          "fullFile": "",
          "file": "",
          "beforeHooks": [],
          "afterHooks": [],
          "tests": [
            {
              "title": "Select specific values via selec dropdown lists",
              "fullTitle": "Interact with dropdown lists via webdriver uni Select specific values via selec dropdown lists",
              "timedOut": null,
              "duration": 1827,
              "state": "passed",
              "speed": "fast",
              "pass": true,
              "fail": false,
              "pending": false,
              "context": null,
              "code": "cy.visit(\"http://www.webdriveruniversity.com/\");\ncy.get('#dropdown-checkboxes-radiobuttons').invoke('removeAttr', 'target').click();\ncy.url().should('include', 'Dropdown');\ncy.get(\"#dropdowm-menu-1\").select('c#').should('have.value', 'c#');\ncy.get(\"#dropdowm-menu-2\").select('testng').contains('TestNG');\ncy.get(\"#dropdowm-menu-3\").select('jquery');\ncy.get(\"#dropdowm-menu-2\").select('testng').contains('TestNG');\ncy.get(\"#dropdowm-menu-2\").select('Maven').should('have.value', 'maven');",
              "err": {},
              "uuid": "2ad1bb86-95f1-45e6-9075-ebbfad6bc493",
              "parentUUID": "70c3b17f-b5a3-4c2a-ace9-72293cc8dffc",
              "isHook": false,
              "skipped": false
            }
          ],
          "suites": [],
          "passes": [
            "2ad1bb86-95f1-45e6-9075-ebbfad6bc493"
          ],
          "failures": [],
          "pending": [],
          "skipped": [],
          "duration": 1827,
          "root": false,
          "rootEmpty": false,
          "_timeout": 2000
        }
      ],
      "passes": [],
      "failures": [],
      "pending": [],
      "skipped": [],
      "duration": 0,
      "root": true,
      "rootEmpty": true,
      "_timeout": 2000
    },
    {
      "uuid": "fb41e12c-51e9-4ee3-b9b9-7fc284ddf1fd",
      "title": "",
      "fullFile": "cypress\\e2e\\Webdriver-uni\\selectors.cy.js",
      "file": "cypress\\e2e\\Webdriver-uni\\selectors.cy.js",
      "beforeHooks": [],
      "afterHooks": [],
      "tests": [],
      "suites": [
        {
          "uuid": "e19fc33c-40b8-4273-8945-755035a6c345",
          "title": "Selector examples",
          "fullFile": "",
          "file": "",
          "beforeHooks": [],
          "afterHooks": [],
          "tests": [
            {
              "title": "Examples of Selectors via WebdriverUni Contact Us Page",
              "fullTitle": "Selector examples Examples of Selectors via WebdriverUni Contact Us Page",
              "timedOut": null,
              "duration": 498,
              "state": "passed",
              "speed": "fast",
              "pass": true,
              "fail": false,
              "pending": false,
              "context": null,
              "code": "cy.visit(\"http://www.webdriveruniversity.com/Contact-Us/contactus.html\"); //By tag name\ncy.get(\"input\"); //By attribute name and value\ncy.get(\"input[name='first_name']\"); //By id\ncy.get(\"#contact_me\"); //By class\ncy.get(\".feedback-input\"); //By multiple classes\ncy.get(\"[class='navbar navbar-inverse navbar-fixed-top']\"); //By two different attributes\ncy.get(\"[name='email'][placeholder='Email Address']\"); //By xpath\ncy.xpath(\"//input[@name='first_name']\");",
              "err": {},
              "uuid": "bf5b00d2-5613-4274-a6fe-763e1957053c",
              "parentUUID": "e19fc33c-40b8-4273-8945-755035a6c345",
              "isHook": false,
              "skipped": false
            }
          ],
          "suites": [],
          "passes": [
            "bf5b00d2-5613-4274-a6fe-763e1957053c"
          ],
          "failures": [],
          "pending": [],
          "skipped": [],
          "duration": 498,
          "root": false,
          "rootEmpty": false,
          "_timeout": 2000
        }
      ],
      "passes": [],
      "failures": [],
      "pending": [],
      "skipped": [],
      "duration": 0,
      "root": true,
      "rootEmpty": true,
      "_timeout": 2000
    },
    {
      "uuid": "b222405f-f2a2-4360-ac8b-ad1a6e4f84ba",
      "title": "",
      "fullFile": "cypress\\e2e\\Webdriver-uni\\table-data.cy.js",
      "file": "cypress\\e2e\\Webdriver-uni\\table-data.cy.js",
      "beforeHooks": [],
      "afterHooks": [],
      "tests": [],
      "suites": [
        {
          "uuid": "53c92a20-f70f-417a-9839-6f711e0285a6",
          "title": "Interact with table data via webdriver uni",
          "fullFile": "",
          "file": "",
          "beforeHooks": [],
          "afterHooks": [],
          "tests": [
            {
              "title": "Validate user age by searhing for last name",
              "fullTitle": "Interact with table data via webdriver uni Validate user age by searhing for last name",
              "timedOut": null,
              "duration": 957,
              "state": "passed",
              "speed": "fast",
              "pass": true,
              "fail": false,
              "pending": false,
              "context": null,
              "code": "cy.visit('http://www.webdriveruniversity.com/');\ncy.get('#data-table').invoke('removeAttr', 'target').click();\ncy.url().should('contain', 'Data-Table');\ncy.get('#thumbnail-1').find('td').contains('Jackson').next().should('have.text', '94');",
              "err": {},
              "uuid": "a054a9ce-5d68-4b5a-8cbf-735167ec35ea",
              "parentUUID": "53c92a20-f70f-417a-9839-6f711e0285a6",
              "isHook": false,
              "skipped": false
            }
          ],
          "suites": [],
          "passes": [
            "a054a9ce-5d68-4b5a-8cbf-735167ec35ea"
          ],
          "failures": [],
          "pending": [],
          "skipped": [],
          "duration": 957,
          "root": false,
          "rootEmpty": false,
          "_timeout": 2000
        }
      ],
      "passes": [],
      "failures": [],
      "pending": [],
      "skipped": [],
      "duration": 0,
      "root": true,
      "rootEmpty": true,
      "_timeout": 2000
    },
    {
      "uuid": "215d00c3-1a50-4f4a-922b-4f6b5b94eb88",
      "title": "",
      "fullFile": "cypress\\e2e\\Webdriver-uni\\traversing-elements.cy.js",
      "file": "cypress\\e2e\\Webdriver-uni\\traversing-elements.cy.js",
      "beforeHooks": [],
      "afterHooks": [],
      "tests": [],
      "suites": [
        {
          "uuid": "4fabf200-2316-4571-b838-88194bc2ae34",
          "title": "Traversing DOM elements in Cypress",
          "fullFile": "",
          "file": "",
          "beforeHooks": [],
          "afterHooks": [],
          "tests": [
            {
              "title": "siblings() To get all sibling DOM elements of elements",
              "fullTitle": "Traversing DOM elements in Cypress siblings() To get all sibling DOM elements of elements",
              "timedOut": null,
              "duration": 1250,
              "state": "passed",
              "speed": "fast",
              "pass": true,
              "fail": false,
              "pending": false,
              "context": null,
              "code": "cy.get('.btn-group-toggle').find('button').filter('.active').siblings().should('have.length', 3);",
              "err": {},
              "uuid": "854009b6-e9a0-44b9-9344-a17c493b8574",
              "parentUUID": "4fabf200-2316-4571-b838-88194bc2ae34",
              "isHook": false,
              "skipped": false
            }
          ],
          "suites": [],
          "passes": [
            "854009b6-e9a0-44b9-9344-a17c493b8574"
          ],
          "failures": [],
          "pending": [],
          "skipped": [],
          "duration": 1250,
          "root": false,
          "rootEmpty": false,
          "_timeout": 2000
        }
      ],
      "passes": [],
      "failures": [],
      "pending": [],
      "skipped": [],
      "duration": 0,
      "root": true,
      "rootEmpty": true,
      "_timeout": 2000
    },
    {
      "uuid": "25ee29a4-844d-4d97-91bb-2257327a9de4",
      "title": "",
      "fullFile": "cypress\\e2e\\ViZzitt\\add- comment.cy.js",
      "file": "cypress\\e2e\\ViZzitt\\add- comment.cy.js",
      "beforeHooks": [],
      "afterHooks": [],
      "tests": [],
      "suites": [
        {
          "uuid": "d0409f5d-1382-4a60-9d5d-afb2a66d4a85",
          "title": "Test comments functionality on VizZit website",
          "fullFile": "",
          "file": "",
          "beforeHooks": [],
          "afterHooks": [],
          "tests": [
            {
              "title": "Successfully leave a comment on VizZit website",
              "fullTitle": "Test comments functionality on VizZit website Successfully leave a comment on VizZit website",
              "timedOut": null,
              "duration": 15707,
              "state": "failed",
              "speed": null,
              "pass": false,
              "fail": true,
              "pending": false,
              "context": null,
              "code": "cy.NavigateToLoginPage();\ncy.populateLoginForm(\"rastko\", \"juventus1\");\ncy.get('.btn, .btn-info').first().click({\n  force: true\n});\ncy.get('[for=\"first-rate4\"]').click();\ncy.get('#body').type('This is great place');\ncy.get('.btn').contains('Submit').click();\ncy.get('form').next().as('commentContainer');\ncy.get('@commentContainer').should('contain', 'rastko');\ncy.get('@commentContainer').should('contain', 'This is great place');\ncy.get('.starability-result').should(\"have.attr\", \"data-rating\", 4);",
              "err": {
                "message": "CypressError: Timed out after waiting `12000ms` for your remote page to load.\n\nYour page did not fire its `load` event within `12000ms`.\n\nYou can try increasing the `pageLoadTimeout` value in `cypress.config.js` to wait longer.\n\nBrowsers will not fire the `load` event until all stylesheets and scripts are done downloading.\n\nWhen this `load` event occurs, Cypress will continue running commands.",
                "estack": "CypressError: Timed out after waiting `12000ms` for your remote page to load.\n\nYour page did not fire its `load` event within `12000ms`.\n\nYou can try increasing the `pageLoadTimeout` value in `cypress.config.js` to wait longer.\n\nBrowsers will not fire the `load` event until all stylesheets and scripts are done downloading.\n\nWhen this `load` event occurs, Cypress will continue running commands.\n    at timedOutWaitingForPageLoad (https://vizzitt.onrender.com/__cypress/runner/cypress_runner.js:141258:72)\n    at <unknown> (https://vizzitt.onrender.com/__cypress/runner/cypress_runner.js:141649:16)\n    at tryCatcher (https://vizzitt.onrender.com/__cypress/runner/cypress_runner.js:11327:23)\n    at <unknown> (https://vizzitt.onrender.com/__cypress/runner/cypress_runner.js:6449:41)\n    at tryCatcher (https://vizzitt.onrender.com/__cypress/runner/cypress_runner.js:11327:23)\n    at Promise._settlePromiseFromHandler (https://vizzitt.onrender.com/__cypress/runner/cypress_runner.js:9262:31)\n    at Promise._settlePromise (https://vizzitt.onrender.com/__cypress/runner/cypress_runner.js:9319:18)\n    at Promise._settlePromise0 (https://vizzitt.onrender.com/__cypress/runner/cypress_runner.js:9364:10)\n    at Promise._settlePromises (https://vizzitt.onrender.com/__cypress/runner/cypress_runner.js:9440:18)\n    at _drainQueueStep (https://vizzitt.onrender.com/__cypress/runner/cypress_runner.js:6034:12)\n    at _drainQueue (https://vizzitt.onrender.com/__cypress/runner/cypress_runner.js:6027:9)\n    at ../../node_modules/bluebird/js/release/async.js.Async._drainQueues (https://vizzitt.onrender.com/__cypress/runner/cypress_runner.js:6043:5)\n    at Async.drainQueues (https://vizzitt.onrender.com/__cypress/runner/cypress_runner.js:5913:14)\nFrom Your Spec Code:\n    at Context.eval (webpack:///./cypress/e2e/ViZzitt/add- comment.cy.js:7:11)",
                "diff": null
              },
              "uuid": "986b83d9-1250-44dd-8ef0-23384c70607b",
              "parentUUID": "d0409f5d-1382-4a60-9d5d-afb2a66d4a85",
              "isHook": false,
              "skipped": false
            },
            {
              "title": "Try to delete a comment on VizZit website without loging in",
              "fullTitle": "Test comments functionality on VizZit website Try to delete a comment on VizZit website without loging in",
              "timedOut": null,
              "duration": 5891,
              "state": "failed",
              "speed": null,
              "pass": false,
              "fail": true,
              "pending": false,
              "context": null,
              "code": "cy.visit('/');\ncy.get('.nav').find('a').contains('All Places').click();\ncy.get('.btn, .btn-info').first().click({\n  force: true\n});\ncy.get('.btn-sm').should('not.exist');",
              "err": {
                "message": "TypeError: The following error originated from your application code, not from Cypress.\n\n  > Cannot read properties of undefined (reading 'get')\n\nWhen Cypress detects uncaught errors originating from your application it will automatically fail the current test.\n\nThis behavior is configurable, and you can choose to turn this off by listening to the `uncaught:exception` event.\n\nhttps://on.cypress.io/uncaught-exception-from-application",
                "estack": "TypeError: The following error originated from your application code, not from Cypress.\n\n  > Cannot read properties of undefined (reading 'get')\n\nWhen Cypress detects uncaught errors originating from your application it will automatically fail the current test.\n\nThis behavior is configurable, and you can choose to turn this off by listening to the `uncaught:exception` event.\n\nhttps://on.cypress.io/uncaught-exception-from-application\n    at get state [as state] (https://api.mapbox.com/mapbox-gl-js/v2.10.0/mapbox-gl.js:35:11071)\n    at P.getOpacityAtLatLng (https://api.mapbox.com/mapbox-gl-js/v2.10.0/mapbox-gl.js:35:12041)\n    at Map._queryFogOpacity (https://api.mapbox.com/mapbox-gl-js/v2.10.0/mapbox-gl.js:35:464729)\n    at on._evaluateOpacity (https://api.mapbox.com/mapbox-gl-js/v2.10.0/mapbox-gl.js:35:435973)\n    at i (https://vizzitt.onrender.com/places/632adab90395c80016ca6db8:4:1410)\n    at <unknown> (https://vizzitt.onrender.com/places/632adab90395c80016ca6db8:4:1783)",
                "diff": null
              },
              "uuid": "231106f3-7b53-48cb-84cd-488aecf6e92d",
              "parentUUID": "d0409f5d-1382-4a60-9d5d-afb2a66d4a85",
              "isHook": false,
              "skipped": false
            },
            {
              "title": "Successfully delete a comment on VizZit website",
              "fullTitle": "Test comments functionality on VizZit website Successfully delete a comment on VizZit website",
              "timedOut": null,
              "duration": 17281,
              "state": "failed",
              "speed": null,
              "pass": false,
              "fail": true,
              "pending": false,
              "context": null,
              "code": "cy.NavigateToLoginPage();\ncy.populateLoginForm(\"rastko\", \"juventus1\");\ncy.get('.btn, .btn-info').first().click({\n  force: true\n});\ncy.get('.btn-sm').contains('Delete').click();\ncy.get('.alert').should('contain', 'Successfully deleted a review');",
              "err": {
                "message": "CypressError: Timed out after waiting `12000ms` for your remote page to load.\n\nYour page did not fire its `load` event within `12000ms`.\n\nYou can try increasing the `pageLoadTimeout` value in `cypress.config.js` to wait longer.\n\nBrowsers will not fire the `load` event until all stylesheets and scripts are done downloading.\n\nWhen this `load` event occurs, Cypress will continue running commands.",
                "estack": "CypressError: Timed out after waiting `12000ms` for your remote page to load.\n\nYour page did not fire its `load` event within `12000ms`.\n\nYou can try increasing the `pageLoadTimeout` value in `cypress.config.js` to wait longer.\n\nBrowsers will not fire the `load` event until all stylesheets and scripts are done downloading.\n\nWhen this `load` event occurs, Cypress will continue running commands.\n    at timedOutWaitingForPageLoad (https://vizzitt.onrender.com/__cypress/runner/cypress_runner.js:141258:72)\n    at <unknown> (https://vizzitt.onrender.com/__cypress/runner/cypress_runner.js:141649:16)\n    at tryCatcher (https://vizzitt.onrender.com/__cypress/runner/cypress_runner.js:11327:23)\n    at <unknown> (https://vizzitt.onrender.com/__cypress/runner/cypress_runner.js:6449:41)\n    at tryCatcher (https://vizzitt.onrender.com/__cypress/runner/cypress_runner.js:11327:23)\n    at Promise._settlePromiseFromHandler (https://vizzitt.onrender.com/__cypress/runner/cypress_runner.js:9262:31)\n    at Promise._settlePromise (https://vizzitt.onrender.com/__cypress/runner/cypress_runner.js:9319:18)\n    at Promise._settlePromise0 (https://vizzitt.onrender.com/__cypress/runner/cypress_runner.js:9364:10)\n    at Promise._settlePromises (https://vizzitt.onrender.com/__cypress/runner/cypress_runner.js:9440:18)\n    at _drainQueueStep (https://vizzitt.onrender.com/__cypress/runner/cypress_runner.js:6034:12)\n    at _drainQueue (https://vizzitt.onrender.com/__cypress/runner/cypress_runner.js:6027:9)\n    at ../../node_modules/bluebird/js/release/async.js.Async._drainQueues (https://vizzitt.onrender.com/__cypress/runner/cypress_runner.js:6043:5)\n    at Async.drainQueues (https://vizzitt.onrender.com/__cypress/runner/cypress_runner.js:5913:14)\nFrom Your Spec Code:\n    at Context.eval (webpack:///./cypress/e2e/ViZzitt/add- comment.cy.js:28:11)",
                "diff": null
              },
              "uuid": "b14a3f09-a1f0-426b-98bc-9627d43c80e1",
              "parentUUID": "d0409f5d-1382-4a60-9d5d-afb2a66d4a85",
              "isHook": false,
              "skipped": false
            },
            {
              "title": "Try to leave a comment on VizZit website without comment body text",
              "fullTitle": "Test comments functionality on VizZit website Try to leave a comment on VizZit website without comment body text",
              "timedOut": null,
              "duration": 14843,
              "state": "passed",
              "speed": "slow",
              "pass": true,
              "fail": false,
              "pending": false,
              "context": null,
              "code": "cy.NavigateToLoginPage();\ncy.populateLoginForm(\"rastko\", \"juventus1\");\ncy.get('.btn, .btn-info').first().click({\n  force: true\n});\ncy.get('[for=\"first-rate4\"]').click();\ncy.get('.btn').contains('Submit').click();\ncy.get('#body').should(\"have.css\", \"border-color\", \"rgb(220, 53, 69)\");",
              "err": {},
              "uuid": "e4f7439f-067f-41c4-83d2-74d1bd5b7c87",
              "parentUUID": "d0409f5d-1382-4a60-9d5d-afb2a66d4a85",
              "isHook": false,
              "skipped": false
            },
            {
              "title": "Try to leave a comment on VizZit website without logging in",
              "fullTitle": "Test comments functionality on VizZit website Try to leave a comment on VizZit website without logging in",
              "timedOut": null,
              "duration": 2466,
              "state": "passed",
              "speed": "fast",
              "pass": true,
              "fail": false,
              "pending": false,
              "context": null,
              "code": "cy.visit('/');\ncy.get('.nav').find('a').contains('All Places').click();\ncy.get('.btn, .btn-info').first().click({\n  force: true\n});\ncy.get('.card-title').should('contain', 'Kalemegdanska Tvrđava');\ncy.get('.btn-success').should('not.exist');",
              "err": {},
              "uuid": "61841e90-ce1d-4520-a3de-7a2d7b23eb0b",
              "parentUUID": "d0409f5d-1382-4a60-9d5d-afb2a66d4a85",
              "isHook": false,
              "skipped": false
            },
            {
              "title": "Try to delete a comment on VizZit website that was posted by someone else",
              "fullTitle": "Test comments functionality on VizZit website Try to delete a comment on VizZit website that was posted by someone else",
              "timedOut": null,
              "duration": 8579,
              "state": "passed",
              "speed": "medium",
              "pass": true,
              "fail": false,
              "pending": false,
              "context": null,
              "code": "cy.NavigateToLoginPage();\ncy.populateLoginForm(\"rastko\", \"juventus1\");\ncy.get('.card').contains('Dogma Brewery').parent().find('a').click({\n  force: true\n});\ncy.get('.btn-sm').should('not.exist');",
              "err": {},
              "uuid": "7d0f4c07-e3b6-4ca0-8785-9a4eb94127a1",
              "parentUUID": "d0409f5d-1382-4a60-9d5d-afb2a66d4a85",
              "isHook": false,
              "skipped": false
            }
          ],
          "suites": [],
          "passes": [
            "e4f7439f-067f-41c4-83d2-74d1bd5b7c87",
            "61841e90-ce1d-4520-a3de-7a2d7b23eb0b",
            "7d0f4c07-e3b6-4ca0-8785-9a4eb94127a1"
          ],
          "failures": [
            "986b83d9-1250-44dd-8ef0-23384c70607b",
            "231106f3-7b53-48cb-84cd-488aecf6e92d",
            "b14a3f09-a1f0-426b-98bc-9627d43c80e1"
          ],
          "pending": [],
          "skipped": [],
          "duration": 64767,
          "root": false,
          "rootEmpty": false,
          "_timeout": 2000
        }
      ],
      "passes": [],
      "failures": [],
      "pending": [],
      "skipped": [],
      "duration": 0,
      "root": true,
      "rootEmpty": true,
      "_timeout": 2000
    },
    {
      "uuid": "ae8ec027-366a-466f-b8ad-0d61e0124b60",
      "title": "",
      "fullFile": "cypress\\e2e\\ViZzitt\\add-new-place.cy.js",
      "file": "cypress\\e2e\\ViZzitt\\add-new-place.cy.js",
      "beforeHooks": [],
      "afterHooks": [],
      "tests": [],
      "suites": [
        {
          "uuid": "d96bc08f-6536-4639-9c09-4dcbacad8a73",
          "title": "Test Add new place functionality on VizZit website",
          "fullFile": "",
          "file": "",
          "beforeHooks": [],
          "afterHooks": [],
          "tests": [
            {
              "title": "Successfully add a new place via following route - home/login/add new place",
              "fullTitle": "Test Add new place functionality on VizZit website Successfully add a new place via following route - home/login/add new place",
              "timedOut": null,
              "duration": 20858,
              "state": "passed",
              "speed": "slow",
              "pass": true,
              "fail": false,
              "pending": false,
              "context": null,
              "code": "cy.get('.nav').find('a').contains('Login').click();\ncy.populateLoginForm(data.first_name, data.password);\ncy.get(\"a[href='/places/new']\").click();\ncy.url().should('contain', 'https://vizzitt.onrender.com/places/new');\ncy.addNewPlacePopulateInputs(\"New Random Place\", \"Belgrade\", \"22\", \"A place in Belgrade\", \"cypress/fixtures/Belgrade.jpg\");\ncy.get('button').contains('Delete Place').click();",
              "err": {},
              "uuid": "7f7d7f44-5258-4ec5-a196-73aa86d2376a",
              "parentUUID": "d96bc08f-6536-4639-9c09-4dcbacad8a73",
              "isHook": false,
              "skipped": false
            },
            {
              "title": "Successfully add a new place via following route - home/all/places/add new place/login",
              "fullTitle": "Test Add new place functionality on VizZit website Successfully add a new place via following route - home/all/places/add new place/login",
              "timedOut": null,
              "duration": 12976,
              "state": "passed",
              "speed": "slow",
              "pass": true,
              "fail": false,
              "pending": false,
              "context": null,
[...]
      "title": "",
      "fullFile": "cypress\\e2e\\automation-test-store\\contact-us.cy.js",
      "file": "cypress\\e2e\\automation-test-store\\contact-us.cy.js",
      "beforeHooks": [],
      "afterHooks": [],
      "tests": [],
      "suites": [
        {
          "uuid": "6234a136-6af4-4a02-867b-4a4979d8620d",
          "title": "Test contact us form Automation Store",
          "fullFile": "",
          "file": "",
          "beforeHooks": [],
          "afterHooks": [],
          "tests": [
            {
              "title": "Should be able to submit a successful submition via Constact-us form",
              "fullTitle": "Test contact us form Automation Store Should be able to submit a successful submition via Constact-us form",
              "timedOut": null,
              "duration": 4972,
              "state": "passed",
              "speed": "fast",
              "pass": true,
              "fail": false,
              "pending": false,
              "context": null,
              "code": "cy.visit(\"https://automationteststore.com/\"); //cy.get('.info_links_footer > :nth-child(5) > a').click()\n//cy.xpath(\"//a[contains(@href, 'contact')]\").click()\ncy.get('a[href=\"https://automationteststore.com/index.php?rt=content/contact\"]').click().then(selectedElement => {\n  cy.log(\"Selected the following link: \" + selectedElement.text());\n});\ncy.get('#ContactUsFrm_first_name').type(\"Rastko\");\ncy.get('#ContactUsFrm_email').type(\"rastko90@gmail.com\");\ncy.get('#ContactUsFrm_email').should('have.attr', 'name', 'email');\ncy.get('#ContactUsFrm_enquiry').type(\"Hello, I would like to make an enquiry\");\ncy.get(\"button[title='Submit']\").click();\ncy.get('.mb40 > :nth-child(3)').should('have.text', \"Your enquiry has been successfully sent to the store owner!\");",
              "err": {},
              "uuid": "8293d81b-4494-49d8-991d-fc7896d42f25",
              "parentUUID": "6234a136-6af4-4a02-867b-4a4979d8620d",
              "isHook": false,
              "skipped": false
            }
          ],
          "suites": [],
          "passes": [
            "8293d81b-4494-49d8-991d-fc7896d42f25"
          ],
          "failures": [],
          "pending": [],
          "skipped": [],
          "duration": 4972,
          "root": false,
          "rootEmpty": false,
          "_timeout": 2000
        }
      ],
      "passes": [],
      "failures": [],
      "pending": [],
      "skipped": [],
      "duration": 0,
      "root": true,
      "rootEmpty": true,
      "_timeout": 2000
    },
    {
      "uuid": "0426d929-309a-47f9-a902-f616b7c0a123",
      "title": "",
      "fullFile": "cypress\\e2e\\automation-test-store\\count-products.cy.js",
      "file": "cypress\\e2e\\automation-test-store\\count-products.cy.js",
      "beforeHooks": [],
      "afterHooks": [],
      "tests": [],
      "suites": [
        {
          "uuid": "4c0f1c9c-b309-4299-8e45-50e065ab3877",
          "title": "Alias and invoke",
          "fullFile": "",
          "file": "",
          "beforeHooks": [],
          "afterHooks": [],
          "tests": [
            {
              "title": "Validate product thumbnail",
              "fullTitle": "Alias and invoke Validate product thumbnail",
              "timedOut": null,
              "duration": 6396,
              "state": "passed",
              "speed": "medium",
              "pass": true,
              "fail": false,
              "pending": false,
              "context": null,
              "code": "cy.visit('https://automationteststore.com/');\ncy.get('.thumbnail').should('have.length', 16);\ncy.get('a[href=\"#\"]').should('have.attr', 'class', 'productcart');",
              "err": {},
              "uuid": "16bb1c30-eb6f-4747-96e5-4db447e18f08",
              "parentUUID": "4c0f1c9c-b309-4299-8e45-50e065ab3877",
              "isHook": false,
              "skipped": false
            }
          ],
          "suites": [],
          "passes": [
            "16bb1c30-eb6f-4747-96e5-4db447e18f08"
          ],
          "failures": [],
          "pending": [],
          "skipped": [],
          "duration": 6396,
          "root": false,
          "rootEmpty": false,
          "_timeout": 2000
        }
      ],
      "passes": [],
      "failures": [],
      "pending": [],
      "skipped": [],
      "duration": 0,
      "root": true,
      "rootEmpty": true,
      "_timeout": 2000
    },
    {
      "uuid": "29844dd1-0e44-4cdf-b518-8e3f63af1cd5",
      "title": "",
      "fullFile": "cypress\\e2e\\automation-test-store\\inspect-item.cy.js",
      "file": "cypress\\e2e\\automation-test-store\\inspect-item.cy.js",
      "beforeHooks": [],
      "afterHooks": [],
      "tests": [],
      "suites": [
        {
          "uuid": "826d047a-3951-46b1-b18d-925d4b63fad0",
          "title": "Inspect automation test store items using chain of comands",
          "fullFile": "",
          "file": "",
          "beforeHooks": [],
          "afterHooks": [],
          "tests": [
            {
              "title": "Click on the first item using item text",
              "fullTitle": "Inspect automation test store items using chain of comands Click on the first item using item text",
              "timedOut": null,
              "duration": 6148,
              "state": "passed",
              "speed": "medium",
              "pass": true,
              "fail": false,
              "pending": false,
              "context": null,
              "code": "cy.visit(\"https://automationteststore.com/\");\ncy.get('.prdocutname').contains(\"Skinsheen Bronzer Stick\").then(() => {\n  console.log(\"Skinsheen Bronzer Stick\");\n}).click();\ncy.get('.bgnone').should('have.text', \"Skinsheen Bronzer Stick\");",
              "err": {},
              "uuid": "e37c1f4e-fd55-42f4-a303-e49fd42374ec",
              "parentUUID": "826d047a-3951-46b1-b18d-925d4b63fad0",
              "isHook": false,
              "skipped": false
            }
          ],
          "suites": [],
          "passes": [
            "e37c1f4e-fd55-42f4-a303-e49fd42374ec"
          ],
          "failures": [],
          "pending": [],
          "skipped": [],
          "duration": 6148,
          "root": false,
          "rootEmpty": false,
          "_timeout": 2000
        }
      ],
      "passes": [],
      "failures": [],
      "pending": [],
      "skipped": [],
      "duration": 0,
      "root": true,
      "rootEmpty": true,
      "_timeout": 2000
    },
    {
      "uuid": "f094bf64-f6e9-496d-8eee-9f78c04666cb",
      "title": "",
      "fullFile": "cypress\\e2e\\automation-test-store\\iterate-over-products.cy.js",
      "file": "cypress\\e2e\\automation-test-store\\iterate-over-products.cy.js",
      "beforeHooks": [],
      "afterHooks": [],
      "tests": [],
      "suites": [
        {
          "uuid": "db85dea2-0d22-4026-a8c9-2cdc165f7f2e",
          "title": "Test automated test store for iterating over elements",
          "fullFile": "",
          "file": "",
          "beforeHooks": [],
          "afterHooks": [],
          "tests": [
            {
              "title": "Test case for successfull iteration over elements and selecting one",
              "fullTitle": "Test automated test store for iterating over elements Test case for successfull iteration over elements and selecting one",
              "timedOut": null,
              "duration": 7390,
              "state": "passed",
              "speed": "medium",
              "pass": true,
              "fail": false,
              "pending": false,
              "context": null,
              "code": "cy.get('.fixed_wrapper .prdocutname').each(($el, index, $list) => {\n  cy.log(\"Index: \" + index + \" : \" + $el.text());\n});",
              "err": {},
              "uuid": "8bcd0469-8558-4e69-8988-76d29cf4f15c",
              "parentUUID": "db85dea2-0d22-4026-a8c9-2cdc165f7f2e",
              "isHook": false,
              "skipped": false
            },
            {
              "title": "Test case for successfull iteration over elements and selecting one",
              "fullTitle": "Test automated test store for iterating over elements Test case for successfull iteration over elements and selecting one",
              "timedOut": null,
              "duration": 2085,
              "state": "passed",
              "speed": "fast",
              "pass": true,
              "fail": false,
              "pending": false,
              "context": null,
              "code": "// cy.get('.fixed_wrapper .prdocutname').each(($el, index, $list) => {\n//     if($el.text() === \"Seaweed Conditioner\"){\n//         cy.wrap($el).click()\n//     }\n//   })\ncy.selectProduct(\"Seaweed Conditioner\");",
              "err": {},
              "uuid": "73fc1824-9dd1-4e59-a7e2-846fe0d7c97a",
              "parentUUID": "db85dea2-0d22-4026-a8c9-2cdc165f7f2e",
              "isHook": false,
              "skipped": false
            },
            {
              "title": "Test case for successfull iteration over elements and selecting another element using commands",
              "fullTitle": "Test automated test store for iterating over elements Test case for successfull iteration over elements and selecting another element using commands",
              "timedOut": null,
              "duration": 1542,
              "state": "passed",
              "speed": "fast",
              "pass": true,
              "fail": false,
              "pending": false,
              "context": null,
              "code": "cy.selectProduct(\"Eau Parfumee au The Vert Shampoo\");",
              "err": {},
              "uuid": "b8c27a6f-64a3-417f-aa16-087522e6b306",
              "parentUUID": "db85dea2-0d22-4026-a8c9-2cdc165f7f2e",
              "isHook": false,
              "skipped": false
            }
          ],
          "suites": [],
          "passes": [
            "8bcd0469-8558-4e69-8988-76d29cf4f15c",
            "73fc1824-9dd1-4e59-a7e2-846fe0d7c97a",
            "b8c27a6f-64a3-417f-aa16-087522e6b306"
          ],
          "failures": [],
          "pending": [],
          "skipped": [],
          "duration": 11017,
          "root": false,
          "rootEmpty": false,
          "_timeout": 2000
        }
      ],
      "passes": [],
      "failures": [],
      "pending": [],
      "skipped": [],
      "duration": 0,
      "root": true,
      "rootEmpty": true,
      "_timeout": 2000
    },
    {
      "uuid": "69b23239-fec2-4d2e-81e1-0c8e04080946",
      "title": "",
      "fullFile": "cypress\\e2e\\automation-test-store\\sum-proucts-price.cy.js",
      "file": "cypress\\e2e\\automation-test-store\\sum-proucts-price.cy.js",
      "beforeHooks": [],
      "afterHooks": [],
      "tests": [],
      "suites": [
        {
          "uuid": "1a0fc8e1-f09d-43bd-b93a-db96a019fda8",
          "title": "Calculate total of normal and sale products",
          "fullFile": "",
          "file": "",
          "beforeHooks": [],
          "afterHooks": [],
          "tests": [
            {
              "title": "Positive test case",
              "fullTitle": "Calculate total of normal and sale products Positive test case",
              "timedOut": null,
              "duration": 2987,
              "state": "passed",
              "speed": "fast",
              "pass": true,
              "fail": false,
              "pending": false,
              "context": null,
              "code": "cy.visit('https://automationteststore.com/');\nlet priceTotal = 0;\ncy.get('.oneprice, .pricenew').each(($el, index, $list) => {\n  const re = /\\d+/;\n  const itemPrice = Number($el.text().match(re).join(''));\n  priceTotal += itemPrice;\n}).then(element => {\n  cy.log('The total price of all item is: ' + priceTotal);\n  expect(priceTotal).to.equal(624);\n});",
              "err": {},
              "uuid": "69a444e1-078c-426a-a886-ba3c0fadbb42",
              "parentUUID": "1a0fc8e1-f09d-43bd-b93a-db96a019fda8",
              "isHook": false,
              "skipped": false
            }
          ],
          "suites": [],
          "passes": [
            "69a444e1-078c-426a-a886-ba3c0fadbb42"
          ],
          "failures": [],
          "pending": [],
          "skipped": [],
          "duration": 2987,
          "root": false,
          "rootEmpty": false,
          "_timeout": 2000
        }
      ],
      "passes": [],
      "failures": [],
      "pending": [],
      "skipped": [],
      "duration": 0,
      "root": true,
      "rootEmpty": true,
      "_timeout": 2000
    },
    {
      "uuid": "dd2b09b2-53af-46b0-93c7-a14da5e41947",
      "title": "",
      "fullFile": "cypress\\e2e\\automation-test-store\\sum-values.cy.js",
      "file": "cypress\\e2e\\automation-test-store\\sum-values.cy.js",
      "beforeHooks": [],
      "afterHooks": [],
      "tests": [],
      "suites": [
        {
          "uuid": "2d04890f-33da-47cb-8a59-b033d4542740",
          "title": "Calculate total products price in automation test store items using various commands",
          "fullFile": "",
          "file": "",
          "beforeHooks": [],
          "afterHooks": [],
          "tests": [
            {
              "title": "Sum of all product prices",
              "fullTitle": "Calculate total products price in automation test store items using various commands Sum of all product prices",
              "timedOut": null,
              "duration": 1856,
              "state": "passed",
              "speed": "fast",
              "pass": true,
              "fail": false,
              "pending": false,
              "context": null,
              "code": "cy.visit(\"https://automationteststore.com/\");\ncy.get('.pricenew, .oneprice').each(($el, index, $list) => {\n  let re = /\\d+/;\n  let price = $el.text().match(re).join('');\n  console.log(price);\n});",
              "err": {},
              "uuid": "7ee9849f-2f84-43f0-911d-6337c59c230f",
              "parentUUID": "2d04890f-33da-47cb-8a59-b033d4542740",
              "isHook": false,
              "skipped": false
            }
          ],
          "suites": [],
          "passes": [
            "7ee9849f-2f84-43f0-911d-6337c59c230f"
          ],
          "failures": [],
          "pending": [],
          "skipped": [],
          "duration": 1856,
          "root": false,
          "rootEmpty": false,
          "_timeout": 2000
        }
      ],
      "passes": [],
      "failures": [],
      "pending": [],
      "skipped": [],
      "duration": 0,
      "root": true,
      "rootEmpty": true,
      "_timeout": 2000
    },
    {
      "uuid": "0f661a58-bbe4-429d-a250-48dc9319220c",
      "title": "",
      "fullFile": "cypress\\e2e\\automation-test-store\\variables-and-cy-commands.cy.js",
      "file": "cypress\\e2e\\automation-test-store\\variables-and-cy-commands.cy.js",
      "beforeHooks": [],
      "afterHooks": [],
      "tests": [],
      "suites": [
        {
          "uuid": "15723a53-d4cc-475b-9d4a-6b14a8e5fd08",
          "title": "Verifying variables cy commands and jquery commands",
          "fullFile": "",
          "file": "",
          "beforeHooks": [],
          "afterHooks": [],
          "tests": [
            {
              "title": "Navigating to specific product pages",
              "fullTitle": "Verifying variables cy commands and jquery commands Navigating to specific product pages",
              "timedOut": null,
              "duration": 5168,
              "state": "passed",
              "speed": "medium",
              "pass": true,
              "fail": false,
              "pending": false,
              "context": null,
              "code": "cy.visit(\"https://automationteststore.com/\"); //The following will fail\n// const makeup = cy.get('a[href*=\"product/category&path=\"]').contains('Makeup')\n// const skincare = cy.get('a[href*=\"product/category&path=\"]').contains('Skincare')\n// makeup.click()\n// skincare.click()\n//The following will work\n// const makeup = cy.get('a[href*=\"product/category&path=\"]').contains('Makeup')\n// makeup.click()\n// const skincare = cy.get('a[href*=\"product/category&path=\"]').contains('Skincare')\n// skincare.click()\n//Recomended approach\n// cy.get('a[href*=\"product/category&path=\"]').contains('Makeup').click()\n// cy.get('a[href*=\"product/category&path=\"]').contains('Skincare').click()\ncy.get('a[href*=\"product/category&path=\"]').contains('Makeup').click();\ncy.get('.maintext').should('have.text', \"Makeup\");\ncy.get('.maintext').then(mainEl => {\n  cy.log(mainEl.text());\n});",
              "err": {},
              "uuid": "a91b27eb-e938-479f-8080-fbd28808759b",
              "parentUUID": "15723a53-d4cc-475b-9d4a-6b14a8e5fd08",
              "isHook": false,
              "skipped": false
            }
          ],
          "suites": [],
          "passes": [
            "a91b27eb-e938-479f-8080-fbd28808759b"
          ],
          "failures": [],
          "pending": [],
          "skipped": [],
          "duration": 5168,
          "root": false,
          "rootEmpty": false,
          "_timeout": 2000
        }
      ],
      "passes": [],
      "failures": [],
      "pending": [],
      "skipped": [],
      "duration": 0,
      "root": true,
      "rootEmpty": true,
      "_timeout": 2000
    },
    {
      "uuid": "035a6018-dff7-4f17-b084-a32382ea139f",
      "title": "",
      "fullFile": "cypress\\e2e\\automation-test-store\\add-products-to-basket.cy.js",
      "file": "cypress\\e2e\\automation-test-store\\add-products-to-basket.cy.js",
      "beforeHooks": [],
      "afterHooks": [],
      "tests": [],
      "suites": [
        {
          "uuid": "d03bcd10-8c37-432c-9674-1ae508c0d97a",
          "title": "Add products to basket via automation webstore",
          "fullFile": "",
          "file": "",
          "beforeHooks": [],
          "afterHooks": [],
          "tests": [
            {
              "title": "Add products",
              "fullTitle": "Add products to basket via automation webstore Add products",
              "timedOut": null,
              "duration": 6710,
              "state": "passed",
              "speed": "medium",
              "pass": true,
              "fail": false,
              "pending": false,
              "context": null,
              "code": "for (let product of products) {\n  //cy.addToCart(product)\n  automationsStore_HairCarePage_PO.addToCart(product);\n}\ncy.get('.block_7').click();\nfor (let product of products) {\n  //cy.checkCartItem(product)\n  automationsStore_HairCarePage_PO.checkCartItem(product);\n}",
              "err": {},
              "uuid": "b7ffbfda-af10-4f1b-ad8c-7223f6205b0c",
              "parentUUID": "d03bcd10-8c37-432c-9674-1ae508c0d97a",
              "isHook": false,
              "skipped": false
            }
          ],
          "suites": [],
          "passes": [
            "b7ffbfda-af10-4f1b-ad8c-7223f6205b0c"
          ],
          "failures": [],
          "pending": [],
          "skipped": [],
          "duration": 6710,
          "root": false,
          "rootEmpty": false,
          "_timeout": 2000
        }
      ],
      "passes": [],
      "failures": [],
      "pending": [],
      "skipped": [],
      "duration": 0,
      "root": true,
      "rootEmpty": true,
      "_timeout": 2000
    }
  ],
  "meta": {
    "mocha": {
      "version": "7.0.1"
    },
    "mochawesome": {
      "options": {
        "quiet": false,
        "reportFilename": "mochawesome",
        "saveHtml": false,
        "saveJson": true,
        "consoleReporter": "spec",
        "useInlineDiffs": false,
        "code": true
      },
      "version": "7.1.3"
    },
    "marge": {
      "options": {
        "id": "default",
        "reportDir": "cypress/results/mochawesome",
        "quite": true,
        "overwrite": false,
        "html": false,
        "json": true
      },
      "version": "6.2.0"
    }
  }
}