{
  "stats": {
    "suites": 1,
    "tests": 6,
    "passes": 6,
    "pending": 0,
    "failures": 0,
    "start": "2022-12-04T19:26:03.371Z",
    "end": "2022-12-04T19:27:12.778Z",
    "duration": 69407,
    "testsRegistered": 6,
    "passPercent": 100,
    "pendingPercent": 0,
    "other": 0,
    "hasOther": false,
    "skipped": 0,
    "hasSkipped": false
  },
  "results": [
    {
      "uuid": "67983bc1-1320-4f9e-b70b-2282280d7962",
      "title": "",
      "fullFile": "cypress\\e2e\\ViZzitt\\add- comment.cy.js",
      "file": "cypress\\e2e\\ViZzitt\\add- comment.cy.js",
      "beforeHooks": [],
      "afterHooks": [],
      "tests": [],
      "suites": [
        {
          "uuid": "23c194a3-19b1-451e-9f6f-e4c207c7a95f",
          "title": "Test comments functionality on VizZit website",
          "fullFile": "",
          "file": "",
          "beforeHooks": [],
          "afterHooks": [],
          "tests": [
            {
              "title": "Successfully leave a comment on VizZit website",
              "fullTitle": "Test comments functionality on VizZit website Successfully leave a comment on VizZit website",
              "timedOut": null,
              "duration": 22371,
              "state": "passed",
              "speed": "slow",
              "pass": true,
              "fail": false,
              "pending": false,
              "context": null,
              "code": "cy.NavigateToLoginPage();\ncy.populateLoginForm(\"rastko\", \"juventus1\");\ncy.get('.btn, .btn-info').first().click({\n  force: true\n});\ncy.get('[for=\"first-rate4\"]').click();\ncy.get('#body').type('This is great place');\ncy.get('.btn').contains('Submit').click();\ncy.get('form').next().as('commentContainer');\ncy.get('@commentContainer').should('contain', 'rastko');\ncy.get('@commentContainer').should('contain', 'This is great place');\ncy.get('.starability-result').should(\"have.attr\", \"data-rating\", 4);",
              "err": {},
              "uuid": "c7cd9f4d-672c-49c3-a6df-00a674a78e11",
              "parentUUID": "23c194a3-19b1-451e-9f6f-e4c207c7a95f",
              "isHook": false,
              "skipped": false
            },
            {
              "title": "Try to delete a comment on VizZit website without loging in",
              "fullTitle": "Test comments functionality on VizZit website Try to delete a comment on VizZit website without loging in",
              "timedOut": null,
              "duration": 2468,
              "state": "passed",
              "speed": "fast",
              "pass": true,
              "fail": false,
              "pending": false,
              "context": null,
              "code": "cy.visit('/');\ncy.get('.nav').find('a').contains('All Places').click();\ncy.get('.btn, .btn-info').first().click({\n  force: true\n});\ncy.get('.btn-sm').should('not.exist');",
              "err": {},
              "uuid": "7780d1ab-183d-4d92-b875-6c4a5a56c490",
              "parentUUID": "23c194a3-19b1-451e-9f6f-e4c207c7a95f",
              "isHook": false,
              "skipped": false
            },
            {
              "title": "Successfully delete a comment on VizZit website",
              "fullTitle": "Test comments functionality on VizZit website Successfully delete a comment on VizZit website",
              "timedOut": null,
              "duration": 17575,
              "state": "passed",
              "speed": "slow",
              "pass": true,
              "fail": false,
              "pending": false,
              "context": null,
              "code": "cy.NavigateToLoginPage();\ncy.populateLoginForm(\"rastko\", \"juventus1\");\ncy.get('.btn, .btn-info').first().click({\n  force: true\n});\ncy.get('.btn-sm').contains('Delete').click();\ncy.get('.alert').should('contain', 'Successfully deleted a review');",
              "err": {},
              "uuid": "d2d7edec-b3d6-43f0-8ce6-feaceaccaffa",
              "parentUUID": "23c194a3-19b1-451e-9f6f-e4c207c7a95f",
              "isHook": false,
              "skipped": false
            },
            {
              "title": "Try to leave a comment on VizZit website without comment body text",
              "fullTitle": "Test comments functionality on VizZit website Try to leave a comment on VizZit website without comment body text",
              "timedOut": null,
              "duration": 17276,
              "state": "passed",
              "speed": "slow",
              "pass": true,
              "fail": false,
              "pending": false,
              "context": null,
              "code": "cy.NavigateToLoginPage();\ncy.populateLoginForm(\"rastko\", \"juventus1\");\ncy.get('.btn, .btn-info').first().click({\n  force: true\n});\ncy.get('[for=\"first-rate4\"]').click();\ncy.get('.btn').contains('Submit').click();\ncy.get('#body').should(\"have.css\", \"border-color\", \"rgb(220, 53, 69)\");",
              "err": {},
              "uuid": "4a35ae1e-59f2-4845-a38a-155fe42641f7",
              "parentUUID": "23c194a3-19b1-451e-9f6f-e4c207c7a95f",
              "isHook": false,
              "skipped": false
            },
            {
              "title": "Try to leave a comment on VizZit website without logging in",
              "fullTitle": "Test comments functionality on VizZit website Try to leave a comment on VizZit website without logging in",
              "timedOut": null,
              "duration": 2191,
              "state": "passed",
              "speed": "fast",
              "pass": true,
              "fail": false,
              "pending": false,
              "context": null,
              "code": "cy.visit('/');\ncy.get('.nav').find('a').contains('All Places').click();\ncy.get('.btn, .btn-info').first().click({\n  force: true\n});\ncy.get('.card-title').should('contain', 'Kalemegdanska Tvrđava');\ncy.get('.btn-success').should('not.exist');",
              "err": {},
              "uuid": "7b8cd63b-a278-4593-ae6d-83faa0e5608a",
              "parentUUID": "23c194a3-19b1-451e-9f6f-e4c207c7a95f",
              "isHook": false,
              "skipped": false
            },
            {
              "title": "Try to delete a comment on VizZit website that was posted by someone else",
              "fullTitle": "Test comments functionality on VizZit website Try to delete a comment on VizZit website that was posted by someone else",
              "timedOut": null,
              "duration": 6996,
              "state": "passed",
              "speed": "medium",
              "pass": true,
              "fail": false,
              "pending": false,
              "context": null,
              "code": "cy.NavigateToLoginPage();\ncy.populateLoginForm(\"rastko\", \"juventus1\");\ncy.get('.card').contains('Dogma Brewery').parent().find('a').click({\n  force: true\n});\ncy.get('.btn-sm').should('not.exist');",
              "err": {},
              "uuid": "bff96b33-beee-4cb1-9bb5-83ad95d659ca",
              "parentUUID": "23c194a3-19b1-451e-9f6f-e4c207c7a95f",
              "isHook": false,
              "skipped": false
            }
          ],
          "suites": [],
          "passes": [
            "c7cd9f4d-672c-49c3-a6df-00a674a78e11",
            "7780d1ab-183d-4d92-b875-6c4a5a56c490",
            "d2d7edec-b3d6-43f0-8ce6-feaceaccaffa",
            "4a35ae1e-59f2-4845-a38a-155fe42641f7",
            "7b8cd63b-a278-4593-ae6d-83faa0e5608a",
            "bff96b33-beee-4cb1-9bb5-83ad95d659ca"
          ],
          "failures": [],
          "pending": [],
          "skipped": [],
          "duration": 68877,
          "root": false,
          "rootEmpty": false,
          "_timeout": 2000
        }
      ],
      "passes": [],
      "failures": [],
      "pending": [],
      "skipped": [],
      "duration": 0,
      "root": true,
      "rootEmpty": true,
      "_timeout": 2000
    }
  ],
  "meta": {
    "mocha": {
      "version": "7.0.1"
    },
    "mochawesome": {
      "options": {
        "quiet": false,
        "reportFilename": "mochawesome",
        "saveHtml": false,
        "saveJson": true,
        "consoleReporter": "spec",
        "useInlineDiffs": false,
        "code": true
      },
      "version": "7.1.3"
    },
    "marge": {
      "options": {
        "id": "default",
        "reportDir": "cypress/results/mochawesome",
        "quite": true,
        "overwrite": false,
        "html": false,
        "json": true
      },
      "version": "6.2.0"
    }
  }
}