{
  "stats": {
    "suites": 1,
    "tests": 1,
    "passes": 1,
    "pending": 0,
    "failures": 0,
    "start": "2022-12-04T19:46:13.847Z",
    "end": "2022-12-04T19:46:23.012Z",
    "duration": 9165,
    "testsRegistered": 1,
    "passPercent": 100,
    "pendingPercent": 0,
    "other": 0,
    "hasOther": false,
    "skipped": 0,
    "hasSkipped": false
  },
  "results": [
    {
      "uuid": "29844dd1-0e44-4cdf-b518-8e3f63af1cd5",
      "title": "",
      "fullFile": "cypress\\e2e\\automation-test-store\\inspect-item.cy.js",
      "file": "cypress\\e2e\\automation-test-store\\inspect-item.cy.js",
      "beforeHooks": [],
      "afterHooks": [],
      "tests": [],
      "suites": [
        {
          "uuid": "826d047a-3951-46b1-b18d-925d4b63fad0",
          "title": "Inspect automation test store items using chain of comands",
          "fullFile": "",
          "file": "",
          "beforeHooks": [],
          "afterHooks": [],
          "tests": [
            {
              "title": "Click on the first item using item text",
              "fullTitle": "Inspect automation test store items using chain of comands Click on the first item using item text",
              "timedOut": null,
              "duration": 6148,
              "state": "passed",
              "speed": "medium",
              "pass": true,
              "fail": false,
              "pending": false,
              "context": null,
              "code": "cy.visit(\"https://automationteststore.com/\");\ncy.get('.prdocutname').contains(\"Skinsheen Bronzer Stick\").then(() => {\n  console.log(\"Skinsheen Bronzer Stick\");\n}).click();\ncy.get('.bgnone').should('have.text', \"Skinsheen Bronzer Stick\");",
              "err": {},
              "uuid": "e37c1f4e-fd55-42f4-a303-e49fd42374ec",
              "parentUUID": "826d047a-3951-46b1-b18d-925d4b63fad0",
              "isHook": false,
              "skipped": false
            }
          ],
          "suites": [],
          "passes": [
            "e37c1f4e-fd55-42f4-a303-e49fd42374ec"
          ],
          "failures": [],
          "pending": [],
          "skipped": [],
          "duration": 6148,
          "root": false,
          "rootEmpty": false,
          "_timeout": 2000
        }
      ],
      "passes": [],
      "failures": [],
      "pending": [],
      "skipped": [],
      "duration": 0,
      "root": true,
      "rootEmpty": true,
      "_timeout": 2000
    }
  ],
  "meta": {
    "mocha": {
      "version": "7.0.1"
    },
    "mochawesome": {
      "options": {
        "quiet": false,
        "reportFilename": "mochawesome",
        "saveHtml": false,
        "saveJson": true,
        "consoleReporter": "spec",
        "useInlineDiffs": false,
        "code": true
      },
      "version": "7.1.3"
    },
    "marge": {
      "options": {
        "id": "default",
        "reportDir": "cypress/results/mochawesome",
        "quite": true,
        "overwrite": false,
        "html": false,
        "json": true
      },
      "version": "6.2.0"
    }
  }
}