{
  "stats": {
    "suites": 1,
    "tests": 4,
    "passes": 4,
    "pending": 0,
    "failures": 0,
    "start": "2022-12-04T19:11:46.759Z",
    "end": "2022-12-04T19:12:29.241Z",
    "duration": 42482,
    "testsRegistered": 4,
    "passPercent": 100,
    "pendingPercent": 0,
    "other": 0,
    "hasOther": false,
    "skipped": 0,
    "hasSkipped": false
  },
  "results": [
    {
      "uuid": "960525b3-0dd7-43a7-986b-0d9c32af22a5",
      "title": "",
      "fullFile": "cypress\\e2e\\ViZzitt\\edit-place.cy.js",
      "file": "cypress\\e2e\\ViZzitt\\edit-place.cy.js",
      "beforeHooks": [],
      "afterHooks": [],
      "tests": [],
      "suites": [
        {
          "uuid": "99f45c80-060e-4e32-ae97-2a78722777cd",
          "title": "Test edit functionality on VizZit website",
          "fullFile": "",
          "file": "",
          "beforeHooks": [],
          "afterHooks": [],
          "tests": [
            {
              "title": "Successfully edit a place via following path home/login/specific place/edit place",
              "fullTitle": "Test edit functionality on VizZit website Successfully edit a place via following path home/login/specific place/edit place",
              "timedOut": null,
              "duration": 22624,
              "state": "passed",
              "speed": "slow",
              "pass": true,
              "fail": false,
              "pending": false,
              "context": null,
              "code": "cy.get('.nav').find('a').contains('Login').click();\ncy.populateLoginForm(data.first_name, data.password);\ncy.get('.btn, .btn-info').first().click({\n  force: true\n});\ncy.get('.card-title').should('contain', 'Kalemegdanska Tvrđava');\ncy.get('a').contains('Edit Place').click();\ncy.get('#title').clear({\n  force: true\n}).type('New Random Place', {\n  force: true\n});\ncy.get('.btn').contains('Save Changes').click();\ncy.get('.alert').should('contain', 'Successfully edited a place');\ncy.get('.card-title').should('contain', 'New Random Place');\ncy.get('a').contains('Edit Place').click();\ncy.get('#title').clear({\n  force: true\n}).type('Kalemegdanska Tvrđava', {\n  force: true\n});\ncy.get('.btn').contains('Save Changes').click();\ncy.get('.alert').should('contain', 'Successfully edited a place');\ncy.get('.card-title').should('contain', 'Kalemegdanska Tvrđava');",
              "err": {},
              "uuid": "8b15aeff-c9d9-44f1-852d-8d9193fa1710",
              "parentUUID": "99f45c80-060e-4e32-ae97-2a78722777cd",
              "isHook": false,
              "skipped": false
            },
            {
              "title": "Try to edit a place with empty title field",
              "fullTitle": "Test edit functionality on VizZit website Try to edit a place with empty title field",
              "timedOut": null,
              "duration": 12421,
              "state": "passed",
              "speed": "slow",
              "pass": true,
              "fail": false,
              "pending": false,
              "context": null,
              "code": "cy.get('.nav').find('a').contains('Login').click();\ncy.populateLoginForm(data.first_name, data.password);\ncy.get('.btn, .btn-info').first().click({\n  force: true\n});\ncy.get('.card-title').should('contain', 'Kalemegdanska Tvrđava');\ncy.get('a').contains('Edit Place').click();\ncy.get('#title').clear({\n  force: true\n});\ncy.get('.btn').contains('Save Changes').click();\ncy.get('#title').should(\"have.css\", \"border-color\", \"rgb(220, 53, 69)\");",
              "err": {},
              "uuid": "6c19e4ea-fd41-4c2f-8470-4f7701b2da37",
              "parentUUID": "99f45c80-060e-4e32-ae97-2a78722777cd",
              "isHook": false,
              "skipped": false
            },
            {
              "title": "Try to edit a place without loging in",
              "fullTitle": "Test edit functionality on VizZit website Try to edit a place without loging in",
              "timedOut": null,
              "duration": 2191,
              "state": "passed",
              "speed": "fast",
              "pass": true,
              "fail": false,
              "pending": false,
              "context": null,
              "code": "cy.get('.nav').find('a').contains('All Places').click();\ncy.get('.btn, .btn-info').first().click({\n  force: true\n});\ncy.get(\"a[href='/places/632adab90395c80016ca6db8/edit']\").should('not.exist');",
              "err": {},
              "uuid": "3b519a8c-7daf-4dca-a5d6-de54f56bf6f8",
              "parentUUID": "99f45c80-060e-4e32-ae97-2a78722777cd",
              "isHook": false,
              "skipped": false
            },
            {
              "title": "Try to edit a place created by someone else",
              "fullTitle": "Test edit functionality on VizZit website Try to edit a place created by someone else",
              "timedOut": null,
              "duration": 5047,
              "state": "passed",
              "speed": "medium",
              "pass": true,
              "fail": false,
              "pending": false,
              "context": null,
              "code": "cy.get('.nav').find('a').contains('Login').click();\ncy.populateLoginForm(data.first_name, data.password);\ncy.get('.card').contains('Muzej Primenjene Umetnosti').parent().find('a').click({\n  force: true\n});\ncy.get(\"a[href='/places/632adab90395c80016ca6db8/edit']\").should('not.exist');",
              "err": {},
              "uuid": "fb8f5f4a-aa12-435f-9849-184a8771a040",
              "parentUUID": "99f45c80-060e-4e32-ae97-2a78722777cd",
              "isHook": false,
              "skipped": false
            }
          ],
          "suites": [],
          "passes": [
            "8b15aeff-c9d9-44f1-852d-8d9193fa1710",
            "6c19e4ea-fd41-4c2f-8470-4f7701b2da37",
            "3b519a8c-7daf-4dca-a5d6-de54f56bf6f8",
            "fb8f5f4a-aa12-435f-9849-184a8771a040"
          ],
          "failures": [],
          "pending": [],
          "skipped": [],
          "duration": 42283,
          "root": false,
          "rootEmpty": false,
          "_timeout": 2000
        }
      ],
      "passes": [],
      "failures": [],
      "pending": [],
      "skipped": [],
      "duration": 0,
      "root": true,
      "rootEmpty": true,
      "_timeout": 2000
    }
  ],
  "meta": {
    "mocha": {
      "version": "7.0.1"
    },
    "mochawesome": {
      "options": {
        "quiet": false,
        "reportFilename": "mochawesome",
        "saveHtml": false,
        "saveJson": true,
        "consoleReporter": "spec",
        "useInlineDiffs": false,
        "code": true
      },
      "version": "7.1.3"
    },
    "marge": {
      "options": {
        "id": "default",
        "reportDir": "cypress/results/mochawesome",
        "quite": true,
        "overwrite": false,
        "html": false,
        "json": true
      },
      "version": "6.2.0"
    }
  }
}