{
  "stats": {
    "suites": 1,
    "tests": 2,
    "passes": 2,
    "pending": 0,
    "failures": 0,
    "start": "2022-12-04T19:26:52.222Z",
    "end": "2022-12-04T19:26:57.461Z",
    "duration": 5239,
    "testsRegistered": 2,
    "passPercent": 100,
    "pendingPercent": 0,
    "other": 0,
    "hasOther": false,
    "skipped": 0,
    "hasSkipped": false
  },
  "results": [
    {
      "uuid": "cd67b49c-6f44-41ef-907f-76d5d6500942",
      "title": "",
      "fullFile": "cypress\\e2e\\Webdriver-uni\\contact-us1.cy.js",
      "file": "cypress\\e2e\\Webdriver-uni\\contact-us1.cy.js",
      "beforeHooks": [],
      "afterHooks": [],
      "tests": [],
      "suites": [
        {
          "uuid": "9c4eb00b-0603-4510-9037-dc72503e9eb9",
          "title": "Test contact us form form WebdriverUni",
          "fullFile": "",
          "file": "",
          "beforeHooks": [],
          "afterHooks": [],
          "tests": [
            {
              "title": "Should be able to submit a successful submition via Constact-us form",
              "fullTitle": "Test contact us form form WebdriverUni Should be able to submit a successful submition via Constact-us form",
              "timedOut": null,
              "duration": 2760,
              "state": "passed",
              "speed": "fast",
              "pass": true,
              "fail": false,
              "pending": false,
              "context": null,
              "code": "//cy.get('#contact-us').click()\ncy.get('[name=\"first_name\"]').type(Cypress.env('first_name'));\ncy.get('[name=\"last_name\"]').type(\"Cole\");\ncy.get('[name=\"email\"]').type(\"j.cole@gmail.com\");\ncy.get('textarea.feedback-input').type(\"I played for Chelsea\");\ncy.get('[type=\"submit\"]').click();\ncy.get('h1').should('have.text', 'Thank You for your Message!');",
              "err": {},
              "uuid": "c5c6c47a-c5d9-40d0-8412-df2e92749c1b",
              "parentUUID": "9c4eb00b-0603-4510-9037-dc72503e9eb9",
              "isHook": false,
              "skipped": false
            },
            {
              "title": "Should NOT be able to submit a successful submition via Constact-us form as all fields are required",
              "fullTitle": "Test contact us form form WebdriverUni Should NOT be able to submit a successful submition via Constact-us form as all fields are required",
              "timedOut": null,
              "duration": 1136,
              "state": "passed",
              "speed": "fast",
              "pass": true,
              "fail": false,
              "pending": false,
              "context": null,
              "code": "cy.get('[name=\"first_name\"]').type(\"Joe\");\ncy.get('[name=\"last_name\"]').type(\"Cole\");\ncy.get('textarea.feedback-input').type(\"I played for Chelsea\");\ncy.get('[type=\"submit\"]').click();\ncy.get('body').contains(\"Error: all fields are required\");",
              "err": {},
              "uuid": "8a6f9aa9-417b-4c8c-a8bb-0ce83b68471c",
              "parentUUID": "9c4eb00b-0603-4510-9037-dc72503e9eb9",
              "isHook": false,
              "skipped": false
            }
          ],
          "suites": [],
          "passes": [
            "c5c6c47a-c5d9-40d0-8412-df2e92749c1b",
            "8a6f9aa9-417b-4c8c-a8bb-0ce83b68471c"
          ],
          "failures": [],
          "pending": [],
          "skipped": [],
          "duration": 3896,
          "root": false,
          "rootEmpty": false,
          "_timeout": 2000
        }
      ],
      "passes": [],
      "failures": [],
      "pending": [],
      "skipped": [],
      "duration": 0,
      "root": true,
      "rootEmpty": true,
      "_timeout": 2000
    }
  ],
  "meta": {
    "mocha": {
      "version": "7.0.1"
    },
    "mochawesome": {
      "options": {
        "quiet": false,
        "reportFilename": "mochawesome",
        "saveHtml": false,
        "saveJson": true,
        "consoleReporter": "spec",
        "useInlineDiffs": false,
        "code": true
      },
      "version": "7.1.3"
    },
    "marge": {
      "options": {
        "id": "default",
        "reportDir": "cypress/results/mochawesome",
        "quite": true,
        "overwrite": false,
        "html": false,
        "json": true
      },
      "version": "6.2.0"
    }
  }
}