{
  "stats": {
    "suites": 1,
    "tests": 2,
    "passes": 2,
    "pending": 0,
    "failures": 0,
    "start": "2022-12-04T19:09:06.869Z",
    "end": "2022-12-04T19:09:09.880Z",
    "duration": 3011,
    "testsRegistered": 2,
    "passPercent": 100,
    "pendingPercent": 0,
    "other": 0,
    "hasOther": false,
    "skipped": 0,
    "hasSkipped": false
  },
  "results": [
    {
      "uuid": "7d2eb059-f75d-465d-9e9b-7a00202b63ef",
      "title": "",
      "fullFile": "cypress\\e2e\\Webdriver-uni\\radiobuttons.cy.js",
      "file": "cypress\\e2e\\Webdriver-uni\\radiobuttons.cy.js",
      "beforeHooks": [],
      "afterHooks": [],
      "tests": [],
      "suites": [
        {
          "uuid": "337e90f7-cf6f-42f1-96a7-73042b21a1c1",
          "title": "Check cypres radiobutton functionality",
          "fullFile": "",
          "file": "",
          "beforeHooks": [],
          "afterHooks": [],
          "tests": [
            {
              "title": "Select redio button on webdriver uni website",
              "fullTitle": "Check cypres radiobutton functionality Select redio button on webdriver uni website",
              "timedOut": null,
              "duration": 1099,
              "state": "passed",
              "speed": "fast",
              "pass": true,
              "fail": false,
              "pending": false,
              "context": null,
              "code": "cy.get(\"#radio-buttons\").find('input[type=\"radio\"]').first().check();\ncy.get(\"#radio-buttons\").find('input[type=\"radio\"]').eq(2).check();",
              "err": {},
              "uuid": "b853fa51-0d9e-47b9-aa8c-7a487183ce07",
              "parentUUID": "337e90f7-cf6f-42f1-96a7-73042b21a1c1",
              "isHook": false,
              "skipped": false
            },
            {
              "title": "Validate the states of specific radio buttons",
              "fullTitle": "Check cypres radiobutton functionality Validate the states of specific radio buttons",
              "timedOut": null,
              "duration": 432,
              "state": "passed",
              "speed": "fast",
              "pass": true,
              "fail": false,
              "pending": false,
              "context": null,
              "code": "cy.get('input[value=\"lettuce\"]').should('not.be.checked');\ncy.get('input[value=\"pumpkin\"]').should('be.checked');\ncy.get('input[value=\"cabbage\"]').should('be.disabled');\ncy.get('input[value=\"lettuce\"]').check();\ncy.get('input[value=\"lettuce\"]').should('be.checked');\ncy.get('input[value=\"pumpkin\"]').should('not.be.checked');",
              "err": {},
              "uuid": "9546c298-ec0b-45cd-be33-f0674b3b1176",
              "parentUUID": "337e90f7-cf6f-42f1-96a7-73042b21a1c1",
              "isHook": false,
              "skipped": false
            }
          ],
          "suites": [],
          "passes": [
            "b853fa51-0d9e-47b9-aa8c-7a487183ce07",
            "9546c298-ec0b-45cd-be33-f0674b3b1176"
          ],
          "failures": [],
          "pending": [],
          "skipped": [],
          "duration": 1531,
          "root": false,
          "rootEmpty": false,
          "_timeout": 2000
        }
      ],
      "passes": [],
      "failures": [],
      "pending": [],
      "skipped": [],
      "duration": 0,
      "root": true,
      "rootEmpty": true,
      "_timeout": 2000
    }
  ],
  "meta": {
    "mocha": {
      "version": "7.0.1"
    },
    "mochawesome": {
      "options": {
        "quiet": false,
        "reportFilename": "mochawesome",
        "saveHtml": false,
        "saveJson": true,
        "consoleReporter": "spec",
        "useInlineDiffs": false,
        "code": true
      },
      "version": "7.1.3"
    },
    "marge": {
      "options": {
        "id": "default",
        "reportDir": "cypress/results/mochawesome",
        "quite": true,
        "overwrite": false,
        "html": false,
        "json": true
      },
      "version": "6.2.0"
    }
  }
}