{
  "stats": {
    "suites": 1,
    "tests": 4,
    "passes": 4,
    "pending": 0,
    "failures": 0,
    "start": "2022-12-04T19:25:12.439Z",
    "end": "2022-12-04T19:25:15.556Z",
    "duration": 3117,
    "testsRegistered": 4,
    "passPercent": 100,
    "pendingPercent": 0,
    "other": 0,
    "hasOther": false,
    "skipped": 0,
    "hasSkipped": false
  },
  "results": [
    {
      "uuid": "f5058c90-26e4-4a8c-a28f-ed8664edbe64",
      "title": "",
      "fullFile": "cypress\\e2e\\Webdriver-uni\\checkboxes.cy.js",
      "file": "cypress\\e2e\\Webdriver-uni\\checkboxes.cy.js",
      "beforeHooks": [],
      "afterHooks": [],
      "tests": [],
      "suites": [
        {
          "uuid": "cdc7209d-bc21-4dbf-905c-75cd290e5288",
          "title": "Check cypres checkbox functionality",
          "fullFile": "",
          "file": "",
          "beforeHooks": [],
          "afterHooks": [],
          "tests": [
            {
              "title": "Select checkbox on webdriver uni website",
              "fullTitle": "Check cypres checkbox functionality Select checkbox on webdriver uni website",
              "timedOut": null,
              "duration": 669,
              "state": "passed",
              "speed": "fast",
              "pass": true,
              "fail": false,
              "pending": false,
              "context": null,
              "code": "cy.get('#checkboxes > :nth-child(1) > input').check();\ncy.get('#checkboxes > :nth-child(1) > input').should('be.checked');",
              "err": {},
              "uuid": "87e23f3d-74cb-4fd9-9c1f-f31cd0cfe909",
              "parentUUID": "cdc7209d-bc21-4dbf-905c-75cd290e5288",
              "isHook": false,
              "skipped": false
            },
            {
              "title": "De-select checkbox on webdriver uni website",
              "fullTitle": "Check cypres checkbox functionality De-select checkbox on webdriver uni website",
              "timedOut": null,
              "duration": 240,
              "state": "passed",
              "speed": "fast",
              "pass": true,
              "fail": false,
              "pending": false,
              "context": null,
              "code": "cy.get(':nth-child(5) > input').as('Checkbox3');\ncy.get('@Checkbox3').uncheck();\ncy.get('@Checkbox3').should('not.be.checked');",
              "err": {},
              "uuid": "fca3f6f0-ce59-4ca0-8ee0-278c402f09e4",
              "parentUUID": "cdc7209d-bc21-4dbf-905c-75cd290e5288",
              "isHook": false,
              "skipped": false
            },
            {
              "title": "Select multiple checkboxes on webdriver uni website",
              "fullTitle": "Check cypres checkbox functionality Select multiple checkboxes on webdriver uni website",
              "timedOut": null,
              "duration": 416,
              "state": "passed",
              "speed": "fast",
              "pass": true,
              "fail": false,
              "pending": false,
              "context": null,
              "code": "cy.get('input[type=\"checkbox\"]').each(($el, index, $list) => {\n  cy.wrap($el).check().should('be.checked');\n});",
              "err": {},
              "uuid": "74a29edf-ea18-49e4-b4c0-978a11d7435d",
              "parentUUID": "cdc7209d-bc21-4dbf-905c-75cd290e5288",
              "isHook": false,
              "skipped": false
            },
            {
              "title": "Select multiple checkboxes on webdriver uni website",
              "fullTitle": "Check cypres checkbox functionality Select multiple checkboxes on webdriver uni website",
              "timedOut": null,
              "duration": 428,
              "state": "passed",
              "speed": "fast",
              "pass": true,
              "fail": false,
              "pending": false,
              "context": null,
              "code": "cy.get('input[type=\"checkbox\"]').check(['option-1', 'option-2', 'option-3', 'option-4']).should('be.checked');",
              "err": {},
              "uuid": "d37edb95-cd93-4c0e-994a-3a591c1563a4",
              "parentUUID": "cdc7209d-bc21-4dbf-905c-75cd290e5288",
              "isHook": false,
              "skipped": false
            }
          ],
          "suites": [],
          "passes": [
            "87e23f3d-74cb-4fd9-9c1f-f31cd0cfe909",
            "fca3f6f0-ce59-4ca0-8ee0-278c402f09e4",
            "74a29edf-ea18-49e4-b4c0-978a11d7435d",
            "d37edb95-cd93-4c0e-994a-3a591c1563a4"
          ],
          "failures": [],
          "pending": [],
          "skipped": [],
          "duration": 1753,
          "root": false,
          "rootEmpty": false,
          "_timeout": 2000
        }
      ],
      "passes": [],
      "failures": [],
      "pending": [],
      "skipped": [],
      "duration": 0,
      "root": true,
      "rootEmpty": true,
      "_timeout": 2000
    }
  ],
  "meta": {
    "mocha": {
      "version": "7.0.1"
    },
    "mochawesome": {
      "options": {
        "quiet": false,
        "reportFilename": "mochawesome",
        "saveHtml": false,
        "saveJson": true,
        "consoleReporter": "spec",
        "useInlineDiffs": false,
        "code": true
      },
      "version": "7.1.3"
    },
    "marge": {
      "options": {
        "id": "default",
        "reportDir": "cypress/results/mochawesome",
        "quite": true,
        "overwrite": false,
        "html": false,
        "json": true
      },
      "version": "6.2.0"
    }
  }
}