{
  "stats": {
    "suites": 1,
    "tests": 1,
    "passes": 1,
    "pending": 0,
    "failures": 0,
    "start": "2022-12-04T19:09:19.671Z",
    "end": "2022-12-04T19:09:22.075Z",
    "duration": 2404,
    "testsRegistered": 1,
    "passPercent": 100,
    "pendingPercent": 0,
    "other": 0,
    "hasOther": false,
    "skipped": 0,
    "hasSkipped": false
  },
  "results": [
    {
      "uuid": "b222405f-f2a2-4360-ac8b-ad1a6e4f84ba",
      "title": "",
      "fullFile": "cypress\\e2e\\Webdriver-uni\\table-data.cy.js",
      "file": "cypress\\e2e\\Webdriver-uni\\table-data.cy.js",
      "beforeHooks": [],
      "afterHooks": [],
      "tests": [],
      "suites": [
        {
          "uuid": "53c92a20-f70f-417a-9839-6f711e0285a6",
          "title": "Interact with table data via webdriver uni",
          "fullFile": "",
          "file": "",
          "beforeHooks": [],
          "afterHooks": [],
          "tests": [
            {
              "title": "Validate user age by searhing for last name",
              "fullTitle": "Interact with table data via webdriver uni Validate user age by searhing for last name",
              "timedOut": null,
              "duration": 957,
              "state": "passed",
              "speed": "fast",
              "pass": true,
              "fail": false,
              "pending": false,
              "context": null,
              "code": "cy.visit('http://www.webdriveruniversity.com/');\ncy.get('#data-table').invoke('removeAttr', 'target').click();\ncy.url().should('contain', 'Data-Table');\ncy.get('#thumbnail-1').find('td').contains('Jackson').next().should('have.text', '94');",
              "err": {},
              "uuid": "a054a9ce-5d68-4b5a-8cbf-735167ec35ea",
              "parentUUID": "53c92a20-f70f-417a-9839-6f711e0285a6",
              "isHook": false,
              "skipped": false
            }
          ],
          "suites": [],
          "passes": [
            "a054a9ce-5d68-4b5a-8cbf-735167ec35ea"
          ],
          "failures": [],
          "pending": [],
          "skipped": [],
          "duration": 957,
          "root": false,
          "rootEmpty": false,
          "_timeout": 2000
        }
      ],
      "passes": [],
      "failures": [],
      "pending": [],
      "skipped": [],
      "duration": 0,
      "root": true,
      "rootEmpty": true,
      "_timeout": 2000
    }
  ],
  "meta": {
    "mocha": {
      "version": "7.0.1"
    },
    "mochawesome": {
      "options": {
        "quiet": false,
        "reportFilename": "mochawesome",
        "saveHtml": false,
        "saveJson": true,
        "consoleReporter": "spec",
        "useInlineDiffs": false,
        "code": true
      },
      "version": "7.1.3"
    },
    "marge": {
      "options": {
        "id": "default",
        "reportDir": "cypress/results/mochawesome",
        "quite": true,
        "overwrite": false,
        "html": false,
        "json": true
      },
      "version": "6.2.0"
    }
  }
}