{
  "stats": {
    "suites": 1,
    "tests": 3,
    "passes": 3,
    "pending": 0,
    "failures": 0,
    "start": "2022-12-04T19:38:38.440Z",
    "end": "2022-12-04T19:39:19.462Z",
    "duration": 41022,
    "testsRegistered": 3,
    "passPercent": 100,
    "pendingPercent": 0,
    "other": 0,
    "hasOther": false,
    "skipped": 0,
    "hasSkipped": false
  },
  "results": [
    {
      "uuid": "5e64d11b-45a3-4dca-ae92-96d7fe31d71b",
      "title": "",
      "fullFile": "cypress\\e2e\\ViZzitt\\add-new-place.cy.js",
      "file": "cypress\\e2e\\ViZzitt\\add-new-place.cy.js",
      "beforeHooks": [],
      "afterHooks": [],
      "tests": [],
      "suites": [
        {
          "uuid": "a7c0cb6e-4c2a-4fef-ba2f-21e9b421b975",
          "title": "Test Add new place functionality on VizZit website",
          "fullFile": "",
          "file": "",
          "beforeHooks": [],
          "afterHooks": [],
          "tests": [
            {
              "title": "Successfully add a new place via following route - home/login/add new place",
              "fullTitle": "Test Add new place functionality on VizZit website Successfully add a new place via following route - home/login/add new place",
              "timedOut": null,
              "duration": 23441,
              "state": "passed",
              "speed": "slow",
              "pass": true,
              "fail": false,
              "pending": false,
              "context": null,
              "code": "cy.get('.nav').find('a').contains('Login').click();\ncy.populateLoginForm(data.first_name, data.password);\ncy.get(\"a[href='/places/new']\").click();\ncy.url().should('contain', 'https://vizzitt.onrender.com/places/new');\ncy.addNewPlacePopulateInputs(\"New Random Place\", \"Belgrade\", \"22\", \"A place in Belgrade\", \"cypress/fixtures/Belgrade.jpg\");\ncy.get('button').contains('Delete Place').click();",
              "err": {},
              "uuid": "b5ce6dc5-52b0-45de-beba-5929191a2f9b",
              "parentUUID": "a7c0cb6e-4c2a-4fef-ba2f-21e9b421b975",
              "isHook": false,
              "skipped": false
            },
            {
              "title": "Successfully add a new place via following route - home/all/places/add new place/login",
              "fullTitle": "Test Add new place functionality on VizZit website Successfully add a new place via following route - home/all/places/add new place/login",
              "timedOut": null,
              "duration": 14642,
              "state": "passed",
              "speed": "slow",
              "pass": true,
              "fail": false,
              "pending": false,
              "context": null,
              "code": "cy.get('.nav').find('a').contains('All Places').click();\ncy.get(\"a[href='/places/new']\").click();\ncy.populateLoginForm(data.first_name, data.password);\ncy.addNewPlacePopulateInputs(\"New Random Place\", \"Belgrade\", \"22\", \"A place in Belgrade\", \"cypress/fixtures/Belgrade.jpg\");\ncy.get('button').contains('Delete Place').click();",
              "err": {},
              "uuid": "12adf22c-24ba-4963-8ab4-93b282aba45a",
              "parentUUID": "a7c0cb6e-4c2a-4fef-ba2f-21e9b421b975",
              "isHook": false,
              "skipped": false
            },
            {
              "title": "Try to add a new place whilst not logged in",
              "fullTitle": "Test Add new place functionality on VizZit website Try to add a new place whilst not logged in",
              "timedOut": null,
              "duration": 2797,
              "state": "passed",
              "speed": "fast",
              "pass": true,
              "fail": false,
              "pending": false,
              "context": null,
              "code": "cy.get('.nav').find('a').contains('All Places').click();\ncy.get(\"a[href='/places/new']\").click();\ncy.get('.alert').should('contain', 'You must be signed in');",
              "err": {},
              "uuid": "6b6a080b-1687-45ec-9037-4a217a075eb7",
              "parentUUID": "a7c0cb6e-4c2a-4fef-ba2f-21e9b421b975",
              "isHook": false,
              "skipped": false
            }
          ],
          "suites": [],
          "passes": [
            "b5ce6dc5-52b0-45de-beba-5929191a2f9b",
            "12adf22c-24ba-4963-8ab4-93b282aba45a",
            "6b6a080b-1687-45ec-9037-4a217a075eb7"
          ],
          "failures": [],
          "pending": [],
          "skipped": [],
          "duration": 40880,
          "root": false,
          "rootEmpty": false,
          "_timeout": 2000
        }
      ],
      "passes": [],
      "failures": [],
      "pending": [],
      "skipped": [],
      "duration": 0,
      "root": true,
      "rootEmpty": true,
      "_timeout": 2000
    }
  ],
  "meta": {
    "mocha": {
      "version": "7.0.1"
    },
    "mochawesome": {
      "options": {
        "quiet": false,
        "reportFilename": "mochawesome",
        "saveHtml": false,
        "saveJson": true,
        "consoleReporter": "spec",
        "useInlineDiffs": false,
        "code": true
      },
      "version": "7.1.3"
    },
    "marge": {
      "options": {
        "id": "default",
        "reportDir": "cypress/results/mochawesome",
        "quite": true,
        "overwrite": false,
        "html": false,
        "json": true
      },
      "version": "6.2.0"
    }
  }
}