{
  "stats": {
    "suites": 1,
    "tests": 6,
    "passes": 3,
    "pending": 0,
    "failures": 3,
    "start": "2022-12-04T19:09:28.459Z",
    "end": "2022-12-04T19:10:33.435Z",
    "duration": 64976,
    "testsRegistered": 6,
    "passPercent": 50,
    "pendingPercent": 0,
    "other": 0,
    "hasOther": false,
    "skipped": 0,
    "hasSkipped": false
  },
  "results": [
    {
      "uuid": "25ee29a4-844d-4d97-91bb-2257327a9de4",
      "title": "",
      "fullFile": "cypress\\e2e\\ViZzitt\\add- comment.cy.js",
      "file": "cypress\\e2e\\ViZzitt\\add- comment.cy.js",
      "beforeHooks": [],
      "afterHooks": [],
      "tests": [],
      "suites": [
        {
          "uuid": "d0409f5d-1382-4a60-9d5d-afb2a66d4a85",
          "title": "Test comments functionality on VizZit website",
          "fullFile": "",
          "file": "",
          "beforeHooks": [],
          "afterHooks": [],
          "tests": [
            {
              "title": "Successfully leave a comment on VizZit website",
              "fullTitle": "Test comments functionality on VizZit website Successfully leave a comment on VizZit website",
              "timedOut": null,
              "duration": 15707,
              "state": "failed",
              "speed": null,
              "pass": false,
              "fail": true,
              "pending": false,
              "context": null,
              "code": "cy.NavigateToLoginPage();\ncy.populateLoginForm(\"rastko\", \"juventus1\");\ncy.get('.btn, .btn-info').first().click({\n  force: true\n});\ncy.get('[for=\"first-rate4\"]').click();\ncy.get('#body').type('This is great place');\ncy.get('.btn').contains('Submit').click();\ncy.get('form').next().as('commentContainer');\ncy.get('@commentContainer').should('contain', 'rastko');\ncy.get('@commentContainer').should('contain', 'This is great place');\ncy.get('.starability-result').should(\"have.attr\", \"data-rating\", 4);",
              "err": {
                "message": "CypressError: Timed out after waiting `12000ms` for your remote page to load.\n\nYour page did not fire its `load` event within `12000ms`.\n\nYou can try increasing the `pageLoadTimeout` value in `cypress.config.js` to wait longer.\n\nBrowsers will not fire the `load` event until all stylesheets and scripts are done downloading.\n\nWhen this `load` event occurs, Cypress will continue running commands.",
                "estack": "CypressError: Timed out after waiting `12000ms` for your remote page to load.\n\nYour page did not fire its `load` event within `12000ms`.\n\nYou can try increasing the `pageLoadTimeout` value in `cypress.config.js` to wait longer.\n\nBrowsers will not fire the `load` event until all stylesheets and scripts are done downloading.\n\nWhen this `load` event occurs, Cypress will continue running commands.\n    at timedOutWaitingForPageLoad (https://vizzitt.onrender.com/__cypress/runner/cypress_runner.js:141258:72)\n    at <unknown> (https://vizzitt.onrender.com/__cypress/runner/cypress_runner.js:141649:16)\n    at tryCatcher (https://vizzitt.onrender.com/__cypress/runner/cypress_runner.js:11327:23)\n    at <unknown> (https://vizzitt.onrender.com/__cypress/runner/cypress_runner.js:6449:41)\n    at tryCatcher (https://vizzitt.onrender.com/__cypress/runner/cypress_runner.js:11327:23)\n    at Promise._settlePromiseFromHandler (https://vizzitt.onrender.com/__cypress/runner/cypress_runner.js:9262:31)\n    at Promise._settlePromise (https://vizzitt.onrender.com/__cypress/runner/cypress_runner.js:9319:18)\n    at Promise._settlePromise0 (https://vizzitt.onrender.com/__cypress/runner/cypress_runner.js:9364:10)\n    at Promise._settlePromises (https://vizzitt.onrender.com/__cypress/runner/cypress_runner.js:9440:18)\n    at _drainQueueStep (https://vizzitt.onrender.com/__cypress/runner/cypress_runner.js:6034:12)\n    at _drainQueue (https://vizzitt.onrender.com/__cypress/runner/cypress_runner.js:6027:9)\n    at ../../node_modules/bluebird/js/release/async.js.Async._drainQueues (https://vizzitt.onrender.com/__cypress/runner/cypress_runner.js:6043:5)\n    at Async.drainQueues (https://vizzitt.onrender.com/__cypress/runner/cypress_runner.js:5913:14)\nFrom Your Spec Code:\n    at Context.eval (webpack:///./cypress/e2e/ViZzitt/add- comment.cy.js:7:11)",
                "diff": null
              },
              "uuid": "986b83d9-1250-44dd-8ef0-23384c70607b",
              "parentUUID": "d0409f5d-1382-4a60-9d5d-afb2a66d4a85",
              "isHook": false,
              "skipped": false
            },
            {
              "title": "Try to delete a comment on VizZit website without loging in",
              "fullTitle": "Test comments functionality on VizZit website Try to delete a comment on VizZit website without loging in",
              "timedOut": null,
              "duration": 5891,
              "state": "failed",
              "speed": null,
              "pass": false,
              "fail": true,
              "pending": false,
              "context": null,
              "code": "cy.visit('/');\ncy.get('.nav').find('a').contains('All Places').click();\ncy.get('.btn, .btn-info').first().click({\n  force: true\n});\ncy.get('.btn-sm').should('not.exist');",
              "err": {
                "message": "TypeError: The following error originated from your application code, not from Cypress.\n\n  > Cannot read properties of undefined (reading 'get')\n\nWhen Cypress detects uncaught errors originating from your application it will automatically fail the current test.\n\nThis behavior is configurable, and you can choose to turn this off by listening to the `uncaught:exception` event.\n\nhttps://on.cypress.io/uncaught-exception-from-application",
                "estack": "TypeError: The following error originated from your application code, not from Cypress.\n\n  > Cannot read properties of undefined (reading 'get')\n\nWhen Cypress detects uncaught errors originating from your application it will automatically fail the current test.\n\nThis behavior is configurable, and you can choose to turn this off by listening to the `uncaught:exception` event.\n\nhttps://on.cypress.io/uncaught-exception-from-application\n    at get state [as state] (https://api.mapbox.com/mapbox-gl-js/v2.10.0/mapbox-gl.js:35:11071)\n    at P.getOpacityAtLatLng (https://api.mapbox.com/mapbox-gl-js/v2.10.0/mapbox-gl.js:35:12041)\n    at Map._queryFogOpacity (https://api.mapbox.com/mapbox-gl-js/v2.10.0/mapbox-gl.js:35:464729)\n    at on._evaluateOpacity (https://api.mapbox.com/mapbox-gl-js/v2.10.0/mapbox-gl.js:35:435973)\n    at i (https://vizzitt.onrender.com/places/632adab90395c80016ca6db8:4:1410)\n    at <unknown> (https://vizzitt.onrender.com/places/632adab90395c80016ca6db8:4:1783)",
                "diff": null
              },
              "uuid": "231106f3-7b53-48cb-84cd-488aecf6e92d",
              "parentUUID": "d0409f5d-1382-4a60-9d5d-afb2a66d4a85",
              "isHook": false,
              "skipped": false
            },
            {
              "title": "Successfully delete a comment on VizZit website",
              "fullTitle": "Test comments functionality on VizZit website Successfully delete a comment on VizZit website",
              "timedOut": null,
              "duration": 17281,
              "state": "failed",
              "speed": null,
              "pass": false,
              "fail": true,
              "pending": false,
              "context": null,
              "code": "cy.NavigateToLoginPage();\ncy.populateLoginForm(\"rastko\", \"juventus1\");\ncy.get('.btn, .btn-info').first().click({\n  force: true\n});\ncy.get('.btn-sm').contains('Delete').click();\ncy.get('.alert').should('contain', 'Successfully deleted a review');",
              "err": {
                "message": "CypressError: Timed out after waiting `12000ms` for your remote page to load.\n\nYour page did not fire its `load` event within `12000ms`.\n\nYou can try increasing the `pageLoadTimeout` value in `cypress.config.js` to wait longer.\n\nBrowsers will not fire the `load` event until all stylesheets and scripts are done downloading.\n\nWhen this `load` event occurs, Cypress will continue running commands.",
                "estack": "CypressError: Timed out after waiting `12000ms` for your remote page to load.\n\nYour page did not fire its `load` event within `12000ms`.\n\nYou can try increasing the `pageLoadTimeout` value in `cypress.config.js` to wait longer.\n\nBrowsers will not fire the `load` event until all stylesheets and scripts are done downloading.\n\nWhen this `load` event occurs, Cypress will continue running commands.\n    at timedOutWaitingForPageLoad (https://vizzitt.onrender.com/__cypress/runner/cypress_runner.js:141258:72)\n    at <unknown> (https://vizzitt.onrender.com/__cypress/runner/cypress_runner.js:141649:16)\n    at tryCatcher (https://vizzitt.onrender.com/__cypress/runner/cypress_runner.js:11327:23)\n    at <unknown> (https://vizzitt.onrender.com/__cypress/runner/cypress_runner.js:6449:41)\n    at tryCatcher (https://vizzitt.onrender.com/__cypress/runner/cypress_runner.js:11327:23)\n    at Promise._settlePromiseFromHandler (https://vizzitt.onrender.com/__cypress/runner/cypress_runner.js:9262:31)\n    at Promise._settlePromise (https://vizzitt.onrender.com/__cypress/runner/cypress_runner.js:9319:18)\n    at Promise._settlePromise0 (https://vizzitt.onrender.com/__cypress/runner/cypress_runner.js:9364:10)\n    at Promise._settlePromises (https://vizzitt.onrender.com/__cypress/runner/cypress_runner.js:9440:18)\n    at _drainQueueStep (https://vizzitt.onrender.com/__cypress/runner/cypress_runner.js:6034:12)\n    at _drainQueue (https://vizzitt.onrender.com/__cypress/runner/cypress_runner.js:6027:9)\n    at ../../node_modules/bluebird/js/release/async.js.Async._drainQueues (https://vizzitt.onrender.com/__cypress/runner/cypress_runner.js:6043:5)\n    at Async.drainQueues (https://vizzitt.onrender.com/__cypress/runner/cypress_runner.js:5913:14)\nFrom Your Spec Code:\n    at Context.eval (webpack:///./cypress/e2e/ViZzitt/add- comment.cy.js:28:11)",
                "diff": null
              },
              "uuid": "b14a3f09-a1f0-426b-98bc-9627d43c80e1",
              "parentUUID": "d0409f5d-1382-4a60-9d5d-afb2a66d4a85",
              "isHook": false,
              "skipped": false
            },
            {
              "title": "Try to leave a comment on VizZit website without comment body text",
              "fullTitle": "Test comments functionality on VizZit website Try to leave a comment on VizZit website without comment body text",
              "timedOut": null,
              "duration": 14843,
              "state": "passed",
              "speed": "slow",
              "pass": true,
              "fail": false,
              "pending": false,
              "context": null,
              "code": "cy.NavigateToLoginPage();\ncy.populateLoginForm(\"rastko\", \"juventus1\");\ncy.get('.btn, .btn-info').first().click({\n  force: true\n});\ncy.get('[for=\"first-rate4\"]').click();\ncy.get('.btn').contains('Submit').click();\ncy.get('#body').should(\"have.css\", \"border-color\", \"rgb(220, 53, 69)\");",
              "err": {},
              "uuid": "e4f7439f-067f-41c4-83d2-74d1bd5b7c87",
              "parentUUID": "d0409f5d-1382-4a60-9d5d-afb2a66d4a85",
              "isHook": false,
              "skipped": false
            },
            {
              "title": "Try to leave a comment on VizZit website without logging in",
              "fullTitle": "Test comments functionality on VizZit website Try to leave a comment on VizZit website without logging in",
              "timedOut": null,
              "duration": 2466,
              "state": "passed",
              "speed": "fast",
              "pass": true,
              "fail": false,
              "pending": false,
              "context": null,
              "code": "cy.visit('/');\ncy.get('.nav').find('a').contains('All Places').click();\ncy.get('.btn, .btn-info').first().click({\n  force: true\n});\ncy.get('.card-title').should('contain', 'Kalemegdanska Tvrđava');\ncy.get('.btn-success').should('not.exist');",
              "err": {},
              "uuid": "61841e90-ce1d-4520-a3de-7a2d7b23eb0b",
              "parentUUID": "d0409f5d-1382-4a60-9d5d-afb2a66d4a85",
              "isHook": false,
              "skipped": false
            },
            {
              "title": "Try to delete a comment on VizZit website that was posted by someone else",
              "fullTitle": "Test comments functionality on VizZit website Try to delete a comment on VizZit website that was posted by someone else",
              "timedOut": null,
              "duration": 8579,
              "state": "passed",
              "speed": "medium",
              "pass": true,
              "fail": false,
              "pending": false,
              "context": null,
              "code": "cy.NavigateToLoginPage();\ncy.populateLoginForm(\"rastko\", \"juventus1\");\ncy.get('.card').contains('Dogma Brewery').parent().find('a').click({\n  force: true\n});\ncy.get('.btn-sm').should('not.exist');",
              "err": {},
              "uuid": "7d0f4c07-e3b6-4ca0-8785-9a4eb94127a1",
              "parentUUID": "d0409f5d-1382-4a60-9d5d-afb2a66d4a85",
              "isHook": false,
              "skipped": false
            }
          ],
          "suites": [],
          "passes": [
            "e4f7439f-067f-41c4-83d2-74d1bd5b7c87",
            "61841e90-ce1d-4520-a3de-7a2d7b23eb0b",
            "7d0f4c07-e3b6-4ca0-8785-9a4eb94127a1"
          ],
          "failures": [
            "986b83d9-1250-44dd-8ef0-23384c70607b",
            "231106f3-7b53-48cb-84cd-488aecf6e92d",
            "b14a3f09-a1f0-426b-98bc-9627d43c80e1"
          ],
          "pending": [],
          "skipped": [],
          "duration": 64767,
          "root": false,
          "rootEmpty": false,
          "_timeout": 2000
        }
      ],
      "passes": [],
      "failures": [],
      "pending": [],
      "skipped": [],
      "duration": 0,
      "root": true,
      "rootEmpty": true,
      "_timeout": 2000
    }
  ],
  "meta": {
    "mocha": {
      "version": "7.0.1"
    },
    "mochawesome": {
      "options": {
        "quiet": false,
        "reportFilename": "mochawesome",
        "saveHtml": false,
        "saveJson": true,
        "consoleReporter": "spec",
        "useInlineDiffs": false,
        "code": true
      },
      "version": "7.1.3"
    },
    "marge": {
      "options": {
        "id": "default",
        "reportDir": "cypress/results/mochawesome",
        "quite": true,
        "overwrite": false,
        "html": false,
        "json": true
      },
      "version": "6.2.0"
    }
  }
}