{
  "stats": {
    "suites": 1,
    "tests": 3,
    "passes": 3,
    "pending": 0,
    "failures": 0,
    "start": "2022-12-04T19:07:41.839Z",
    "end": "2022-12-04T19:07:48.594Z",
    "duration": 6755,
    "testsRegistered": 3,
    "passPercent": 100,
    "pendingPercent": 0,
    "other": 0,
    "hasOther": false,
    "skipped": 0,
    "hasSkipped": false
  },
  "results": [
    {
      "uuid": "0ec909e4-265a-425a-9688-75e9ffec02a4",
      "title": "",
      "fullFile": "cypress\\e2e\\automation-test-store\\iterate-over-products.cy.js",
      "file": "cypress\\e2e\\automation-test-store\\iterate-over-products.cy.js",
      "beforeHooks": [],
      "afterHooks": [],
      "tests": [],
      "suites": [
        {
          "uuid": "c3b7f848-389f-435f-926c-d76c1418dd78",
          "title": "Test automated test store for iterating over elements",
          "fullFile": "",
          "file": "",
          "beforeHooks": [],
          "afterHooks": [],
          "tests": [
            {
              "title": "Test case for successfull iteration over elements and selecting one",
              "fullTitle": "Test automated test store for iterating over elements Test case for successfull iteration over elements and selecting one",
              "timedOut": null,
              "duration": 2299,
              "state": "passed",
              "speed": "fast",
              "pass": true,
              "fail": false,
              "pending": false,
              "context": null,
              "code": "cy.get('.fixed_wrapper .prdocutname').each(($el, index, $list) => {\n  cy.log(\"Index: \" + index + \" : \" + $el.text());\n});",
              "err": {},
              "uuid": "6ecd71cf-cd0b-405d-88e2-4fd37879f8bc",
              "parentUUID": "c3b7f848-389f-435f-926c-d76c1418dd78",
              "isHook": false,
              "skipped": false
            },
            {
              "title": "Test case for successfull iteration over elements and selecting one",
              "fullTitle": "Test automated test store for iterating over elements Test case for successfull iteration over elements and selecting one",
              "timedOut": null,
              "duration": 1326,
              "state": "passed",
              "speed": "fast",
              "pass": true,
              "fail": false,
              "pending": false,
              "context": null,
              "code": "// cy.get('.fixed_wrapper .prdocutname').each(($el, index, $list) => {\n//     if($el.text() === \"Seaweed Conditioner\"){\n//         cy.wrap($el).click()\n//     }\n//   })\ncy.selectProduct(\"Seaweed Conditioner\");",
              "err": {},
              "uuid": "4eddaa19-4698-4bae-a52e-e7a537e5d0b0",
              "parentUUID": "c3b7f848-389f-435f-926c-d76c1418dd78",
              "isHook": false,
              "skipped": false
            },
            {
              "title": "Test case for successfull iteration over elements and selecting another element using commands",
              "fullTitle": "Test automated test store for iterating over elements Test case for successfull iteration over elements and selecting another element using commands",
              "timedOut": null,
              "duration": 1697,
              "state": "passed",
              "speed": "fast",
              "pass": true,
              "fail": false,
              "pending": false,
              "context": null,
              "code": "cy.selectProduct(\"Eau Parfumee au The Vert Shampoo\");",
              "err": {},
              "uuid": "05324f3b-b8cc-4fb2-85ad-51f52fcabd03",
              "parentUUID": "c3b7f848-389f-435f-926c-d76c1418dd78",
              "isHook": false,
              "skipped": false
            }
          ],
          "suites": [],
          "passes": [
            "6ecd71cf-cd0b-405d-88e2-4fd37879f8bc",
            "4eddaa19-4698-4bae-a52e-e7a537e5d0b0",
            "05324f3b-b8cc-4fb2-85ad-51f52fcabd03"
          ],
          "failures": [],
          "pending": [],
          "skipped": [],
          "duration": 5322,
          "root": false,
          "rootEmpty": false,
          "_timeout": 2000
        }
      ],
      "passes": [],
      "failures": [],
      "pending": [],
      "skipped": [],
      "duration": 0,
      "root": true,
      "rootEmpty": true,
      "_timeout": 2000
    }
  ],
  "meta": {
    "mocha": {
      "version": "7.0.1"
    },
    "mochawesome": {
      "options": {
        "quiet": false,
        "reportFilename": "mochawesome",
        "saveHtml": false,
        "saveJson": true,
        "consoleReporter": "spec",
        "useInlineDiffs": false,
        "code": true
      },
      "version": "7.1.3"
    },
    "marge": {
      "options": {
        "id": "default",
        "reportDir": "cypress/results/mochawesome",
        "quite": true,
        "overwrite": false,
        "html": false,
        "json": true
      },
      "version": "6.2.0"
    }
  }
}