{
  "stats": {
    "suites": 1,
    "tests": 3,
    "passes": 3,
    "pending": 0,
    "failures": 0,
    "start": "2022-12-04T19:27:14.614Z",
    "end": "2022-12-04T19:27:49.060Z",
    "duration": 34446,
    "testsRegistered": 3,
    "passPercent": 100,
    "pendingPercent": 0,
    "other": 0,
    "hasOther": false,
    "skipped": 0,
    "hasSkipped": false
  },
  "results": [
    {
      "uuid": "019875b3-5a3a-450e-8ab8-385ee03aa742",
      "title": "",
      "fullFile": "cypress\\e2e\\ViZzitt\\add-new-place.cy.js",
      "file": "cypress\\e2e\\ViZzitt\\add-new-place.cy.js",
      "beforeHooks": [],
      "afterHooks": [],
      "tests": [],
      "suites": [
        {
          "uuid": "bd7fb554-0a7c-4862-b2d8-7cde93fca513",
          "title": "Test Add new place functionality on VizZit website",
          "fullFile": "",
          "file": "",
          "beforeHooks": [],
          "afterHooks": [],
          "tests": [
            {
              "title": "Successfully add a new place via following route - home/login/add new place",
              "fullTitle": "Test Add new place functionality on VizZit website Successfully add a new place via following route - home/login/add new place",
              "timedOut": null,
              "duration": 18783,
              "state": "passed",
              "speed": "slow",
              "pass": true,
              "fail": false,
              "pending": false,
              "context": null,
              "code": "cy.get('.nav').find('a').contains('Login').click();\ncy.populateLoginForm(data.first_name, data.password);\ncy.get(\"a[href='/places/new']\").click();\ncy.url().should('contain', 'https://vizzitt.onrender.com/places/new');\ncy.addNewPlacePopulateInputs(\"New Random Place\", \"Belgrade\", \"22\", \"A place in Belgrade\", \"cypress/fixtures/Belgrade.jpg\");\ncy.get('button').contains('Delete Place').click();",
              "err": {},
              "uuid": "fa92395b-7034-4f5f-8162-468292d547ae",
              "parentUUID": "bd7fb554-0a7c-4862-b2d8-7cde93fca513",
              "isHook": false,
              "skipped": false
            },
            {
              "title": "Successfully add a new place via following route - home/all/places/add new place/login",
              "fullTitle": "Test Add new place functionality on VizZit website Successfully add a new place via following route - home/all/places/add new place/login",
              "timedOut": null,
              "duration": 12745,
              "state": "passed",
              "speed": "slow",
              "pass": true,
              "fail": false,
              "pending": false,
              "context": null,
              "code": "cy.get('.nav').find('a').contains('All Places').click();\ncy.get(\"a[href='/places/new']\").click();\ncy.populateLoginForm(data.first_name, data.password);\ncy.addNewPlacePopulateInputs(\"New Random Place\", \"Belgrade\", \"22\", \"A place in Belgrade\", \"cypress/fixtures/Belgrade.jpg\");\ncy.get('button').contains('Delete Place').click();",
              "err": {},
              "uuid": "9fdff854-54cd-4a99-9a89-b763a36eb974",
              "parentUUID": "bd7fb554-0a7c-4862-b2d8-7cde93fca513",
              "isHook": false,
              "skipped": false
            },
            {
              "title": "Try to add a new place whilst not logged in",
              "fullTitle": "Test Add new place functionality on VizZit website Try to add a new place whilst not logged in",
              "timedOut": null,
              "duration": 2841,
              "state": "passed",
              "speed": "fast",
              "pass": true,
              "fail": false,
              "pending": false,
              "context": null,
              "code": "cy.get('.nav').find('a').contains('All Places').click();\ncy.get(\"a[href='/places/new']\").click();\ncy.get('.alert').should('contain', 'You must be signed in');",
              "err": {},
              "uuid": "622f25d0-bd61-48b7-a8aa-c7ed2d7b13b2",
              "parentUUID": "bd7fb554-0a7c-4862-b2d8-7cde93fca513",
              "isHook": false,
              "skipped": false
            }
          ],
          "suites": [],
          "passes": [
            "fa92395b-7034-4f5f-8162-468292d547ae",
            "9fdff854-54cd-4a99-9a89-b763a36eb974",
            "622f25d0-bd61-48b7-a8aa-c7ed2d7b13b2"
          ],
          "failures": [],
          "pending": [],
          "skipped": [],
          "duration": 34369,
          "root": false,
          "rootEmpty": false,
          "_timeout": 2000
        }
      ],
      "passes": [],
      "failures": [],
      "pending": [],
      "skipped": [],
      "duration": 0,
      "root": true,
      "rootEmpty": true,
      "_timeout": 2000
    }
  ],
  "meta": {
    "mocha": {
      "version": "7.0.1"
    },
    "mochawesome": {
      "options": {
        "quiet": false,
        "reportFilename": "mochawesome",
        "saveHtml": false,
        "saveJson": true,
        "consoleReporter": "spec",
        "useInlineDiffs": false,
        "code": true
      },
      "version": "7.1.3"
    },
    "marge": {
      "options": {
        "id": "default",
        "reportDir": "cypress/results/mochawesome",
        "quite": true,
        "overwrite": false,
        "html": false,
        "json": true
      },
      "version": "6.2.0"
    }
  }
}