{
  "stats": {
    "suites": 1,
    "tests": 3,
    "passes": 3,
    "pending": 0,
    "failures": 0,
    "start": "2022-12-04T19:29:11.980Z",
    "end": "2022-12-04T19:29:22.205Z",
    "duration": 10225,
    "testsRegistered": 3,
    "passPercent": 100,
    "pendingPercent": 0,
    "other": 0,
    "hasOther": false,
    "skipped": 0,
    "hasSkipped": false
  },
  "results": [
    {
      "uuid": "dd43c4dd-36a1-47f4-aa97-180db4b639e5",
      "title": "",
      "fullFile": "cypress\\e2e\\automation-test-store\\iterate-over-products.cy.js",
      "file": "cypress\\e2e\\automation-test-store\\iterate-over-products.cy.js",
      "beforeHooks": [],
      "afterHooks": [],
      "tests": [],
      "suites": [
        {
          "uuid": "c56c7221-4711-47ec-a3f3-098e9cef6fd4",
          "title": "Test automated test store for iterating over elements",
          "fullFile": "",
          "file": "",
          "beforeHooks": [],
          "afterHooks": [],
          "tests": [
            {
              "title": "Test case for successfull iteration over elements and selecting one",
              "fullTitle": "Test automated test store for iterating over elements Test case for successfull iteration over elements and selecting one",
              "timedOut": null,
              "duration": 3182,
              "state": "passed",
              "speed": "fast",
              "pass": true,
              "fail": false,
              "pending": false,
              "context": null,
              "code": "cy.get('.fixed_wrapper .prdocutname').each(($el, index, $list) => {\n  cy.log(\"Index: \" + index + \" : \" + $el.text());\n});",
              "err": {},
              "uuid": "24672ffe-dff5-40dc-84c4-243a64ee5e13",
              "parentUUID": "c56c7221-4711-47ec-a3f3-098e9cef6fd4",
              "isHook": false,
              "skipped": false
            },
            {
              "title": "Test case for successfull iteration over elements and selecting one",
              "fullTitle": "Test automated test store for iterating over elements Test case for successfull iteration over elements and selecting one",
              "timedOut": null,
              "duration": 1872,
              "state": "passed",
              "speed": "fast",
              "pass": true,
              "fail": false,
              "pending": false,
              "context": null,
              "code": "// cy.get('.fixed_wrapper .prdocutname').each(($el, index, $list) => {\n//     if($el.text() === \"Seaweed Conditioner\"){\n//         cy.wrap($el).click()\n//     }\n//   })\ncy.selectProduct(\"Seaweed Conditioner\");",
              "err": {},
              "uuid": "b5c6bbde-8e90-4217-a480-ce9ff94babbd",
              "parentUUID": "c56c7221-4711-47ec-a3f3-098e9cef6fd4",
              "isHook": false,
              "skipped": false
            },
            {
              "title": "Test case for successfull iteration over elements and selecting another element using commands",
              "fullTitle": "Test automated test store for iterating over elements Test case for successfull iteration over elements and selecting another element using commands",
              "timedOut": null,
              "duration": 2687,
              "state": "passed",
              "speed": "fast",
              "pass": true,
              "fail": false,
              "pending": false,
              "context": null,
              "code": "cy.selectProduct(\"Eau Parfumee au The Vert Shampoo\");",
              "err": {},
              "uuid": "703c873b-5b75-4dc4-a27f-f8dabe07c24c",
              "parentUUID": "c56c7221-4711-47ec-a3f3-098e9cef6fd4",
              "isHook": false,
              "skipped": false
            }
          ],
          "suites": [],
          "passes": [
            "24672ffe-dff5-40dc-84c4-243a64ee5e13",
            "b5c6bbde-8e90-4217-a480-ce9ff94babbd",
            "703c873b-5b75-4dc4-a27f-f8dabe07c24c"
          ],
          "failures": [],
          "pending": [],
          "skipped": [],
          "duration": 7741,
          "root": false,
          "rootEmpty": false,
          "_timeout": 2000
        }
      ],
      "passes": [],
      "failures": [],
      "pending": [],
      "skipped": [],
      "duration": 0,
      "root": true,
      "rootEmpty": true,
      "_timeout": 2000
    }
  ],
  "meta": {
    "mocha": {
      "version": "7.0.1"
    },
    "mochawesome": {
      "options": {
        "quiet": false,
        "reportFilename": "mochawesome",
        "saveHtml": false,
        "saveJson": true,
        "consoleReporter": "spec",
        "useInlineDiffs": false,
        "code": true
      },
      "version": "7.1.3"
    },
    "marge": {
      "options": {
        "id": "default",
        "reportDir": "cypress/results/mochawesome",
        "quite": true,
        "overwrite": false,
        "html": false,
        "json": true
      },
      "version": "6.2.0"
    }
  }
}