{
  "stats": {
    "suites": 1,
    "tests": 1,
    "passes": 1,
    "pending": 0,
    "failures": 0,
    "start": "2022-12-04T19:09:02.390Z",
    "end": "2022-12-04T19:09:05.277Z",
    "duration": 2887,
    "testsRegistered": 1,
    "passPercent": 100,
    "pendingPercent": 0,
    "other": 0,
    "hasOther": false,
    "skipped": 0,
    "hasSkipped": false
  },
  "results": [
    {
      "uuid": "6ee63434-49ef-4a16-8c7a-0014e7d32faa",
      "title": "",
      "fullFile": "cypress\\e2e\\Webdriver-uni\\mouse-actions.cy.js",
      "file": "cypress\\e2e\\Webdriver-uni\\mouse-actions.cy.js",
      "beforeHooks": [],
      "afterHooks": [],
      "tests": [],
      "suites": [
        {
          "uuid": "39ad3f50-44bf-44eb-b85b-68a37c358184",
          "title": "Test mouse actions",
          "fullFile": "",
          "file": "",
          "beforeHooks": [],
          "afterHooks": [],
          "tests": [
            {
              "title": "Hold down a left mouse click on a given element",
              "fullTitle": "Test mouse actions Hold down a left mouse click on a given element",
              "timedOut": null,
              "duration": 1568,
              "state": "passed",
              "speed": "fast",
              "pass": true,
              "fail": false,
              "pending": false,
              "context": null,
              "code": "cy.visit(\"http://www.webdriveruniversity.com/\");\ncy.get('#actions').scrollIntoView().invoke('removeAttr', 'target').click();\ncy.url().should('include', 'Actions');\ncy.get('#click-box').trigger('mousedown', {\n  which: 1\n}).then($element => {\n  expect($element).to.have.css('background-color', 'rgb(0, 255, 0)');\n});",
              "err": {},
              "uuid": "1ec52073-71d9-4e3f-997e-60e1c8dbd20d",
              "parentUUID": "39ad3f50-44bf-44eb-b85b-68a37c358184",
              "isHook": false,
              "skipped": false
            }
          ],
          "suites": [],
          "passes": [
            "1ec52073-71d9-4e3f-997e-60e1c8dbd20d"
          ],
          "failures": [],
          "pending": [],
          "skipped": [],
          "duration": 1568,
          "root": false,
          "rootEmpty": false,
          "_timeout": 2000
        }
      ],
      "passes": [],
      "failures": [],
      "pending": [],
      "skipped": [],
      "duration": 0,
      "root": true,
      "rootEmpty": true,
      "_timeout": 2000
    }
  ],
  "meta": {
    "mocha": {
      "version": "7.0.1"
    },
    "mochawesome": {
      "options": {
        "quiet": false,
        "reportFilename": "mochawesome",
        "saveHtml": false,
        "saveJson": true,
        "consoleReporter": "spec",
        "useInlineDiffs": false,
        "code": true
      },
      "version": "7.1.3"
    },
    "marge": {
      "options": {
        "id": "default",
        "reportDir": "cypress/results/mochawesome",
        "quite": true,
        "overwrite": false,
        "html": false,
        "json": true
      },
      "version": "6.2.0"
    }
  }
}