{
  "stats": {
    "suites": 1,
    "tests": 1,
    "passes": 1,
    "pending": 0,
    "failures": 0,
    "start": "2022-12-04T19:14:42.565Z",
    "end": "2022-12-04T19:14:55.012Z",
    "duration": 12447,
    "testsRegistered": 1,
    "passPercent": 100,
    "pendingPercent": 0,
    "other": 0,
    "hasOther": false,
    "skipped": 0,
    "hasSkipped": false
  },
  "results": [
    {
      "uuid": "8227cc64-e82b-4cae-bdfb-fed0f42d8186",
      "title": "",
      "fullFile": "cypress\\e2e\\ViZzitt\\open-place-specific-page.cy.js",
      "file": "cypress\\e2e\\ViZzitt\\open-place-specific-page.cy.js",
      "beforeHooks": [],
      "afterHooks": [],
      "tests": [],
      "suites": [
        {
          "uuid": "8e55607b-1bf5-4c4d-87ca-5b1a297cca32",
          "title": "Test view button functionality on VizZit website",
          "fullFile": "",
          "file": "",
          "beforeHooks": [],
          "afterHooks": [],
          "tests": [
            {
              "title": "Successfully open a place-specific page using view button",
              "fullTitle": "Test view button functionality on VizZit website Successfully open a place-specific page using view button",
              "timedOut": null,
              "duration": 12415,
              "state": "passed",
              "speed": "slow",
              "pass": true,
              "fail": false,
              "pending": false,
              "context": null,
              "code": "cy.visit('/');\ncy.get('.nav').find('a').contains('All Places').click();\ncy.get('.btn, .btn-info').first().click({\n  force: true\n});\ncy.get('.card-title').should('contain', 'Kalemegdanska Tvrđava');",
              "err": {},
              "uuid": "9ecb68ad-b423-4ceb-a0bf-504e2b5c455d",
              "parentUUID": "8e55607b-1bf5-4c4d-87ca-5b1a297cca32",
              "isHook": false,
              "skipped": false
            }
          ],
          "suites": [],
          "passes": [
            "9ecb68ad-b423-4ceb-a0bf-504e2b5c455d"
          ],
          "failures": [],
          "pending": [],
          "skipped": [],
          "duration": 12415,
          "root": false,
          "rootEmpty": false,
          "_timeout": 2000
        }
      ],
      "passes": [],
      "failures": [],
      "pending": [],
      "skipped": [],
      "duration": 0,
      "root": true,
      "rootEmpty": true,
      "_timeout": 2000
    }
  ],
  "meta": {
    "mocha": {
      "version": "7.0.1"
    },
    "mochawesome": {
      "options": {
        "quiet": false,
        "reportFilename": "mochawesome",
        "saveHtml": false,
        "saveJson": true,
        "consoleReporter": "spec",
        "useInlineDiffs": false,
        "code": true
      },
      "version": "7.1.3"
    },
    "marge": {
      "options": {
        "id": "default",
        "reportDir": "cypress/results/mochawesome",
        "quite": true,
        "overwrite": false,
        "html": false,
        "json": true
      },
      "version": "6.2.0"
    }
  }
}