{
  "stats": {
    "suites": 1,
    "tests": 4,
    "passes": 4,
    "pending": 0,
    "failures": 0,
    "start": "2022-12-04T19:08:57.275Z",
    "end": "2022-12-04T19:09:00.902Z",
    "duration": 3627,
    "testsRegistered": 4,
    "passPercent": 100,
    "pendingPercent": 0,
    "other": 0,
    "hasOther": false,
    "skipped": 0,
    "hasSkipped": false
  },
  "results": [
    {
      "uuid": "961a3915-58cd-41c9-839c-577ef9d0071e",
      "title": "",
      "fullFile": "cypress\\e2e\\Webdriver-uni\\handling-alerts.cy.js",
      "file": "cypress\\e2e\\Webdriver-uni\\handling-alerts.cy.js",
      "beforeHooks": [],
      "afterHooks": [],
      "tests": [],
      "suites": [
        {
          "uuid": "2d0a064c-7db9-4da0-9427-d6e7b3beb98c",
          "title": "Testing JS alerts with cypress",
          "fullFile": "",
          "file": "",
          "beforeHooks": [],
          "afterHooks": [],
          "tests": [
            {
              "title": "Confirm JS alert box contains the right text value",
              "fullTitle": "Testing JS alerts with cypress Confirm JS alert box contains the right text value",
              "timedOut": null,
              "duration": 978,
              "state": "passed",
              "speed": "fast",
              "pass": true,
              "fail": false,
              "pending": false,
              "context": null,
              "code": "cy.get('#button1').click();\ncy.on('window:alert', str => {\n  expect(str).to.equal('I am an alert box!');\n});",
              "err": {},
              "uuid": "dcf17f01-4377-4b83-b3eb-c651230d6cd4",
              "parentUUID": "2d0a064c-7db9-4da0-9427-d6e7b3beb98c",
              "isHook": false,
              "skipped": false
            },
            {
              "title": "Confirm JS alert box works correctly when clicking ok",
              "fullTitle": "Testing JS alerts with cypress Confirm JS alert box works correctly when clicking ok",
              "timedOut": null,
              "duration": 435,
              "state": "passed",
              "speed": "fast",
              "pass": true,
              "fail": false,
              "pending": false,
              "context": null,
              "code": "cy.get('#button4').click();\ncy.on('window:confirm', str => {\n  expect(str).to.equal('Press a button!');\n  return true;\n});\ncy.get('#confirm-alert-text').should('have.text', 'You pressed OK!');",
              "err": {},
              "uuid": "b50922b8-93ef-4f7c-b3cd-254188105ae0",
              "parentUUID": "2d0a064c-7db9-4da0-9427-d6e7b3beb98c",
              "isHook": false,
              "skipped": false
            },
            {
              "title": "Confirm JS alert box works correctly when clicking cancel",
              "fullTitle": "Testing JS alerts with cypress Confirm JS alert box works correctly when clicking cancel",
              "timedOut": null,
              "duration": 399,
              "state": "passed",
              "speed": "fast",
              "pass": true,
              "fail": false,
              "pending": false,
              "context": null,
              "code": "cy.get('#button4').click();\ncy.on('window:confirm', str => {\n  expect(str).to.equal('Press a button!');\n  return false;\n});\ncy.get('#confirm-alert-text').should('have.text', 'You pressed Cancel!');",
              "err": {},
              "uuid": "410f4483-ad74-4be9-b139-3080fd589628",
              "parentUUID": "2d0a064c-7db9-4da0-9427-d6e7b3beb98c",
              "isHook": false,
              "skipped": false
            },
            {
              "title": "Confirm JS alert box works correctly using a stub",
              "fullTitle": "Testing JS alerts with cypress Confirm JS alert box works correctly using a stub",
              "timedOut": null,
              "duration": 395,
              "state": "passed",
              "speed": "fast",
              "pass": true,
              "fail": false,
              "pending": false,
              "context": null,
              "code": "const stub = cy.stub();\ncy.on('window:confirm', stub);\ncy.get('#button4').click().then(() => {\n  expect(stub.getCall(0)).to.be.calledWith('Press a button!');\n}).then(() => {\n  return true;\n}).then(() => {\n  cy.get('#confirm-alert-text').should('have.text', 'You pressed OK!');\n});",
              "err": {},
              "uuid": "1562a4c4-2ee9-4ee5-a8fe-8f6ae2245b59",
              "parentUUID": "2d0a064c-7db9-4da0-9427-d6e7b3beb98c",
              "isHook": false,
              "skipped": false
            }
          ],
          "suites": [],
          "passes": [
            "dcf17f01-4377-4b83-b3eb-c651230d6cd4",
            "b50922b8-93ef-4f7c-b3cd-254188105ae0",
            "410f4483-ad74-4be9-b139-3080fd589628",
            "1562a4c4-2ee9-4ee5-a8fe-8f6ae2245b59"
          ],
          "failures": [],
          "pending": [],
          "skipped": [],
          "duration": 2207,
          "root": false,
          "rootEmpty": false,
          "_timeout": 2000
        }
      ],
      "passes": [],
      "failures": [],
      "pending": [],
      "skipped": [],
      "duration": 0,
      "root": true,
      "rootEmpty": true,
      "_timeout": 2000
    }
  ],
  "meta": {
    "mocha": {
      "version": "7.0.1"
    },
    "mochawesome": {
      "options": {
        "quiet": false,
        "reportFilename": "mochawesome",
        "saveHtml": false,
        "saveJson": true,
        "consoleReporter": "spec",
        "useInlineDiffs": false,
        "code": true
      },
      "version": "7.1.3"
    },
    "marge": {
      "options": {
        "id": "default",
        "reportDir": "cypress/results/mochawesome",
        "quite": true,
        "overwrite": false,
        "html": false,
        "json": true
      },
      "version": "6.2.0"
    }
  }
}