{
  "stats": {
    "suites": 1,
    "tests": 1,
    "passes": 1,
    "pending": 0,
    "failures": 0,
    "start": "2022-12-04T19:28:06.856Z",
    "end": "2022-12-04T19:28:18.191Z",
    "duration": 11335,
    "testsRegistered": 1,
    "passPercent": 100,
    "pendingPercent": 0,
    "other": 0,
    "hasOther": false,
    "skipped": 0,
    "hasSkipped": false
  },
  "results": [
    {
      "uuid": "55574555-c239-4cc0-99ff-777a9a3aace5",
      "title": "",
      "fullFile": "cypress\\e2e\\automation-test-store\\add-products-to-basket.cy.js",
      "file": "cypress\\e2e\\automation-test-store\\add-products-to-basket.cy.js",
      "beforeHooks": [],
      "afterHooks": [],
      "tests": [],
      "suites": [
        {
          "uuid": "b3b5b16c-c828-4764-bdda-4024c3dab540",
          "title": "Add products to basket via automation webstore",
          "fullFile": "",
          "file": "",
          "beforeHooks": [],
          "afterHooks": [],
          "tests": [
            {
              "title": "Add products",
              "fullTitle": "Add products to basket via automation webstore Add products",
              "timedOut": null,
              "duration": 7994,
              "state": "passed",
              "speed": "medium",
              "pass": true,
              "fail": false,
              "pending": false,
              "context": null,
              "code": "for (let product of products) {\n  //cy.addToCart(product)\n  automationsStore_HairCarePage_PO.addToCart(product);\n}\ncy.get('.block_7').click();\nfor (let product of products) {\n  //cy.checkCartItem(product)\n  automationsStore_HairCarePage_PO.checkCartItem(product);\n}",
              "err": {},
              "uuid": "595ddee0-0024-4361-91d7-23f35349ed0a",
              "parentUUID": "b3b5b16c-c828-4764-bdda-4024c3dab540",
              "isHook": false,
              "skipped": false
            }
          ],
          "suites": [],
          "passes": [
            "595ddee0-0024-4361-91d7-23f35349ed0a"
          ],
          "failures": [],
          "pending": [],
          "skipped": [],
          "duration": 7994,
          "root": false,
          "rootEmpty": false,
          "_timeout": 2000
        }
      ],
      "passes": [],
      "failures": [],
      "pending": [],
      "skipped": [],
      "duration": 0,
      "root": true,
      "rootEmpty": true,
      "_timeout": 2000
    }
  ],
  "meta": {
    "mocha": {
      "version": "7.0.1"
    },
    "mochawesome": {
      "options": {
        "quiet": false,
        "reportFilename": "mochawesome",
        "saveHtml": false,
        "saveJson": true,
        "consoleReporter": "spec",
        "useInlineDiffs": false,
        "code": true
      },
      "version": "7.1.3"
    },
    "marge": {
      "options": {
        "id": "default",
        "reportDir": "cypress/results/mochawesome",
        "quite": true,
        "overwrite": false,
        "html": false,
        "json": true
      },
      "version": "6.2.0"
    }
  }
}