{
  "stats": {
    "suites": 1,
    "tests": 1,
    "passes": 1,
    "pending": 0,
    "failures": 0,
    "start": "2022-12-04T19:45:00.571Z",
    "end": "2022-12-04T19:45:04.263Z",
    "duration": 3692,
    "testsRegistered": 1,
    "passPercent": 100,
    "pendingPercent": 0,
    "other": 0,
    "hasOther": false,
    "skipped": 0,
    "hasSkipped": false
  },
  "results": [
    {
      "uuid": "7ff71995-28a4-469a-947d-cd3b2d7f1ab6",
      "title": "",
      "fullFile": "cypress\\e2e\\Webdriver-uni\\traversing-elements.cy.js",
      "file": "cypress\\e2e\\Webdriver-uni\\traversing-elements.cy.js",
      "beforeHooks": [],
      "afterHooks": [],
      "tests": [],
      "suites": [
        {
          "uuid": "d425d3e4-3d93-4332-ac98-48f9d6c5a660",
          "title": "Traversing DOM elements in Cypress",
          "fullFile": "",
          "file": "",
          "beforeHooks": [],
          "afterHooks": [],
          "tests": [
            {
              "title": "siblings() To get all sibling DOM elements of elements",
              "fullTitle": "Traversing DOM elements in Cypress siblings() To get all sibling DOM elements of elements",
              "timedOut": null,
              "duration": 1744,
              "state": "passed",
              "speed": "fast",
              "pass": true,
              "fail": false,
              "pending": false,
              "context": null,
              "code": "cy.get('.btn-group-toggle').find('button').filter('.active').siblings().should('have.length', 3);",
              "err": {},
              "uuid": "42543b2d-64b1-4a65-b8da-6be9c9496f8f",
              "parentUUID": "d425d3e4-3d93-4332-ac98-48f9d6c5a660",
              "isHook": false,
              "skipped": false
            }
          ],
          "suites": [],
          "passes": [
            "42543b2d-64b1-4a65-b8da-6be9c9496f8f"
          ],
          "failures": [],
          "pending": [],
          "skipped": [],
          "duration": 1744,
          "root": false,
          "rootEmpty": false,
          "_timeout": 2000
        }
      ],
      "passes": [],
      "failures": [],
      "pending": [],
      "skipped": [],
      "duration": 0,
      "root": true,
      "rootEmpty": true,
      "_timeout": 2000
    }
  ],
  "meta": {
    "mocha": {
      "version": "7.0.1"
    },
    "mochawesome": {
      "options": {
        "quiet": false,
        "reportFilename": "mochawesome",
        "saveHtml": false,
        "saveJson": true,
        "consoleReporter": "spec",
        "useInlineDiffs": false,
        "code": true
      },
      "version": "7.1.3"
    },
    "marge": {
      "options": {
        "id": "default",
        "reportDir": "cypress/results/mochawesome",
        "quite": true,
        "overwrite": false,
        "html": false,
        "json": true
      },
      "version": "6.2.0"
    }
  }
}