{
  "stats": {
    "suites": 1,
    "tests": 3,
    "passes": 3,
    "pending": 0,
    "failures": 0,
    "start": "2022-12-04T19:25:13.132Z",
    "end": "2022-12-04T19:25:28.375Z",
    "duration": 15243,
    "testsRegistered": 3,
    "passPercent": 100,
    "pendingPercent": 0,
    "other": 0,
    "hasOther": false,
    "skipped": 0,
    "hasSkipped": false
  },
  "results": [
    {
      "uuid": "83148eb7-5d51-4ea6-9620-9cc9920577d6",
      "title": "",
      "fullFile": "cypress\\e2e\\ViZzitt\\login.cy.js",
      "file": "cypress\\e2e\\ViZzitt\\login.cy.js",
      "beforeHooks": [],
      "afterHooks": [],
      "tests": [],
      "suites": [
        {
          "uuid": "5df697ab-ca9d-484c-938d-be5da1b3a2f0",
          "title": "Test Login option on VizZit website",
          "fullFile": "",
          "file": "",
          "beforeHooks": [],
          "afterHooks": [],
          "tests": [
            {
              "title": "Successfully Login with username and password",
              "fullTitle": "Test Login option on VizZit website Successfully Login with username and password",
              "timedOut": null,
              "duration": 10373,
              "state": "passed",
              "speed": "slow",
              "pass": true,
              "fail": false,
              "pending": false,
              "context": null,
              "code": "cy.populateLoginForm(data.first_name, data.password);\ncy.get('.alert').should('contain', 'Welcome back');\ncy.url().should('contain', 'https://vizzitt.onrender.com/places');",
              "err": {},
              "uuid": "15b64a20-a8e7-44a1-9afa-452a2e2c20b7",
              "parentUUID": "5df697ab-ca9d-484c-938d-be5da1b3a2f0",
              "isHook": false,
              "skipped": false
            },
            {
              "title": "Attempt to login with incorrect name or password",
              "fullTitle": "Test Login option on VizZit website Attempt to login with incorrect name or password",
              "timedOut": null,
              "duration": 3942,
              "state": "passed",
              "speed": "fast",
              "pass": true,
              "fail": false,
              "pending": false,
              "context": null,
              "code": "cy.populateLoginForm(data.first_name, 'sasadasddas');\ncy.get('.alert').should('contain', 'Password or username is incorrect');\ncy.url().should('contain', 'https://vizzitt.onrender.com/login');",
              "err": {},
              "uuid": "fce8c0a6-7c47-4f2e-8b8d-029c129a078a",
              "parentUUID": "5df697ab-ca9d-484c-938d-be5da1b3a2f0",
              "isHook": false,
              "skipped": false
            },
            {
              "title": "Attempt to login but leave input fields empty",
              "fullTitle": "Test Login option on VizZit website Attempt to login but leave input fields empty",
              "timedOut": null,
              "duration": 886,
              "state": "passed",
              "speed": "fast",
              "pass": true,
              "fail": false,
              "pending": false,
              "context": null,
              "code": "cy.get('.btn, btn-success').click();\ncy.get('#username').should(\"have.css\", \"border-color\", \"rgb(220, 53, 69)\");\ncy.url().should('contain', 'https://vizzitt.onrender.com/login');",
              "err": {},
              "uuid": "148b73d5-cf7f-40a3-b5d1-3651a25b6ec7",
              "parentUUID": "5df697ab-ca9d-484c-938d-be5da1b3a2f0",
              "isHook": false,
              "skipped": false
            }
          ],
          "suites": [],
          "passes": [
            "15b64a20-a8e7-44a1-9afa-452a2e2c20b7",
            "fce8c0a6-7c47-4f2e-8b8d-029c129a078a",
            "148b73d5-cf7f-40a3-b5d1-3651a25b6ec7"
          ],
          "failures": [],
          "pending": [],
          "skipped": [],
          "duration": 15201,
          "root": false,
          "rootEmpty": false,
          "_timeout": 2000
        }
      ],
      "passes": [],
      "failures": [],
      "pending": [],
      "skipped": [],
      "duration": 0,
      "root": true,
      "rootEmpty": true,
      "_timeout": 2000
    }
  ],
  "meta": {
    "mocha": {
      "version": "7.0.1"
    },
    "mochawesome": {
      "options": {
        "quiet": false,
        "reportFilename": "mochawesome",
        "saveHtml": false,
        "saveJson": true,
        "consoleReporter": "spec",
        "useInlineDiffs": false,
        "code": true
      },
      "version": "7.1.3"
    },
    "marge": {
      "options": {
        "id": "default",
        "reportDir": "cypress/results/mochawesome",
        "quite": true,
        "overwrite": false,
        "html": false,
        "json": true
      },
      "version": "6.2.0"
    }
  }
}