{
  "stats": {
    "suites": 1,
    "tests": 1,
    "passes": 1,
    "pending": 0,
    "failures": 0,
    "start": "2022-12-04T19:29:03.886Z",
    "end": "2022-12-04T19:29:16.369Z",
    "duration": 12483,
    "testsRegistered": 1,
    "passPercent": 100,
    "pendingPercent": 0,
    "other": 0,
    "hasOther": false,
    "skipped": 0,
    "hasSkipped": false
  },
  "results": [
    {
      "uuid": "5d706006-0285-45d2-95f0-3ab58141a39f",
      "title": "",
      "fullFile": "cypress\\e2e\\ViZzitt\\logout.cy.js",
      "file": "cypress\\e2e\\ViZzitt\\logout.cy.js",
      "beforeHooks": [],
      "afterHooks": [],
      "tests": [],
      "suites": [
        {
          "uuid": "482dba0a-dc04-4c4f-a973-d5f97e51523b",
          "title": "Test Logout option on VizZit website",
          "fullFile": "",
          "file": "",
          "beforeHooks": [],
          "afterHooks": [],
          "tests": [
            {
              "title": "Successfully logout from the VizZit website",
              "fullTitle": "Test Logout option on VizZit website Successfully logout from the VizZit website",
              "timedOut": null,
              "duration": 12361,
              "state": "passed",
              "speed": "slow",
              "pass": true,
              "fail": false,
              "pending": false,
              "context": null,
              "code": "cy.logout();",
              "err": {},
              "uuid": "b55eaf7a-54bd-47b2-89ec-af3e74c55792",
              "parentUUID": "482dba0a-dc04-4c4f-a973-d5f97e51523b",
              "isHook": false,
              "skipped": false
            }
          ],
          "suites": [],
          "passes": [
            "b55eaf7a-54bd-47b2-89ec-af3e74c55792"
          ],
          "failures": [],
          "pending": [],
          "skipped": [],
          "duration": 12361,
          "root": false,
          "rootEmpty": false,
          "_timeout": 2000
        }
      ],
      "passes": [],
      "failures": [],
      "pending": [],
      "skipped": [],
      "duration": 0,
      "root": true,
      "rootEmpty": true,
      "_timeout": 2000
    }
  ],
  "meta": {
    "mocha": {
      "version": "7.0.1"
    },
    "mochawesome": {
      "options": {
        "quiet": false,
        "reportFilename": "mochawesome",
        "saveHtml": false,
        "saveJson": true,
        "consoleReporter": "spec",
        "useInlineDiffs": false,
        "code": true
      },
      "version": "7.1.3"
    },
    "marge": {
      "options": {
        "id": "default",
        "reportDir": "cypress/results/mochawesome",
        "quite": true,
        "overwrite": false,
        "html": false,
        "json": true
      },
      "version": "6.2.0"
    }
  }
}