{
  "stats": {
    "suites": 1,
    "tests": 1,
    "passes": 1,
    "pending": 0,
    "failures": 0,
    "start": "2022-12-04T19:43:22.671Z",
    "end": "2022-12-04T19:43:26.124Z",
    "duration": 3453,
    "testsRegistered": 1,
    "passPercent": 100,
    "pendingPercent": 0,
    "other": 0,
    "hasOther": false,
    "skipped": 0,
    "hasSkipped": false
  },
  "results": [
    {
      "uuid": "a7bb5d7c-e5a4-4877-91e5-c7e7542aee8b",
      "title": "",
      "fullFile": "cypress\\e2e\\Webdriver-uni\\autocomplete-dropdown-list.cy.js",
      "file": "cypress\\e2e\\Webdriver-uni\\autocomplete-dropdown-list.cy.js",
      "beforeHooks": [],
      "afterHooks": [],
      "tests": [],
      "suites": [
        {
          "uuid": "b6fcdfcb-bc7a-457b-a7b4-f862456416c3",
          "title": "Verify autocomplete dropdown lists via webdriver uni",
          "fullFile": "",
          "file": "",
          "beforeHooks": [],
          "afterHooks": [],
          "tests": [
            {
              "title": "Select specific values via selec dropdown lists",
              "fullTitle": "Verify autocomplete dropdown lists via webdriver uni Select specific values via selec dropdown lists",
              "timedOut": null,
              "duration": 2054,
              "state": "passed",
              "speed": "fast",
              "pass": true,
              "fail": false,
              "pending": false,
              "context": null,
              "code": "cy.visit(\"http://www.webdriveruniversity.com/\");\ncy.get('#autocomplete-textfield').invoke('removeAttr', 'target').click();\ncy.url().should('include', 'autocomplete');\ncy.get('#myInput').type('a');\ncy.get('#myInputautocomplete-list').contains('Asparagus').click();\ncy.get('#myInput').should('have.value', 'Asparagus');\ncy.get('#submit-button').click();\ncy.url().should('include', 'Asparagus').then(() => {\n  cy.get('#myInput').type('g');\n  cy.get('#myInputautocomplete-list').contains('Grapes').click();\n  cy.get('#myInput').should('have.value', 'Grapes');\n  cy.get('#submit-button').click();\n  cy.url().should('include', 'Grapes');\n});",
              "err": {},
              "uuid": "9327478a-a717-4d95-bc91-ce13bf45dd8f",
              "parentUUID": "b6fcdfcb-bc7a-457b-a7b4-f862456416c3",
              "isHook": false,
              "skipped": false
            }
          ],
          "suites": [],
          "passes": [
            "9327478a-a717-4d95-bc91-ce13bf45dd8f"
          ],
          "failures": [],
          "pending": [],
          "skipped": [],
          "duration": 2054,
          "root": false,
          "rootEmpty": false,
          "_timeout": 2000
        }
      ],
      "passes": [],
      "failures": [],
      "pending": [],
      "skipped": [],
      "duration": 0,
      "root": true,
      "rootEmpty": true,
      "_timeout": 2000
    }
  ],
  "meta": {
    "mocha": {
      "version": "7.0.1"
    },
    "mochawesome": {
      "options": {
        "quiet": false,
        "reportFilename": "mochawesome",
        "saveHtml": false,
        "saveJson": true,
        "consoleReporter": "spec",
        "useInlineDiffs": false,
        "code": true
      },
      "version": "7.1.3"
    },
    "marge": {
      "options": {
        "id": "default",
        "reportDir": "cypress/results/mochawesome",
        "quite": true,
        "overwrite": false,
        "html": false,
        "json": true
      },
      "version": "6.2.0"
    }
  }
}