{
  "stats": {
    "suites": 1,
    "tests": 3,
    "passes": 3,
    "pending": 0,
    "failures": 0,
    "start": "2022-12-04T19:40:57.212Z",
    "end": "2022-12-04T19:41:21.498Z",
    "duration": 24286,
    "testsRegistered": 3,
    "passPercent": 100,
    "pendingPercent": 0,
    "other": 0,
    "hasOther": false,
    "skipped": 0,
    "hasSkipped": false
  },
  "results": [
    {
      "uuid": "7be0866b-b0a5-4177-bdf3-74775b30757d",
      "title": "",
      "fullFile": "cypress\\e2e\\ViZzitt\\login.cy.js",
      "file": "cypress\\e2e\\ViZzitt\\login.cy.js",
      "beforeHooks": [],
      "afterHooks": [],
      "tests": [],
      "suites": [
        {
          "uuid": "c4ec826a-082e-44e1-a8f6-e0276a149032",
          "title": "Test Login option on VizZit website",
          "fullFile": "",
          "file": "",
          "beforeHooks": [],
          "afterHooks": [],
          "tests": [
            {
              "title": "Successfully Login with username and password",
              "fullTitle": "Test Login option on VizZit website Successfully Login with username and password",
              "timedOut": null,
              "duration": 19318,
              "state": "passed",
              "speed": "slow",
              "pass": true,
              "fail": false,
              "pending": false,
              "context": null,
              "code": "cy.populateLoginForm(data.first_name, data.password);\ncy.get('.alert').should('contain', 'Welcome back');\ncy.url().should('contain', 'https://vizzitt.onrender.com/places');",
              "err": {},
              "uuid": "37eda091-1564-4934-84a6-9d6a9f171ba7",
              "parentUUID": "c4ec826a-082e-44e1-a8f6-e0276a149032",
              "isHook": false,
              "skipped": false
            },
            {
              "title": "Attempt to login with incorrect name or password",
              "fullTitle": "Test Login option on VizZit website Attempt to login with incorrect name or password",
              "timedOut": null,
              "duration": 3822,
              "state": "passed",
              "speed": "fast",
              "pass": true,
              "fail": false,
              "pending": false,
              "context": null,
              "code": "cy.populateLoginForm(data.first_name, 'sasadasddas');\ncy.get('.alert').should('contain', 'Password or username is incorrect');\ncy.url().should('contain', 'https://vizzitt.onrender.com/login');",
              "err": {},
              "uuid": "23e1f0b5-76af-407f-aac6-52263d6ea780",
              "parentUUID": "c4ec826a-082e-44e1-a8f6-e0276a149032",
              "isHook": false,
              "skipped": false
            },
            {
              "title": "Attempt to login but leave input fields empty",
              "fullTitle": "Test Login option on VizZit website Attempt to login but leave input fields empty",
              "timedOut": null,
              "duration": 1096,
              "state": "passed",
              "speed": "fast",
              "pass": true,
              "fail": false,
              "pending": false,
              "context": null,
              "code": "cy.get('.btn, btn-success').click();\ncy.get('#username').should(\"have.css\", \"border-color\", \"rgb(220, 53, 69)\");\ncy.url().should('contain', 'https://vizzitt.onrender.com/login');",
              "err": {},
              "uuid": "96f50604-5f16-4654-977f-59297f41bdfa",
              "parentUUID": "c4ec826a-082e-44e1-a8f6-e0276a149032",
              "isHook": false,
              "skipped": false
            }
          ],
          "suites": [],
          "passes": [
            "37eda091-1564-4934-84a6-9d6a9f171ba7",
            "23e1f0b5-76af-407f-aac6-52263d6ea780",
            "96f50604-5f16-4654-977f-59297f41bdfa"
          ],
          "failures": [],
          "pending": [],
          "skipped": [],
          "duration": 24236,
          "root": false,
          "rootEmpty": false,
          "_timeout": 2000
        }
      ],
      "passes": [],
      "failures": [],
      "pending": [],
      "skipped": [],
      "duration": 0,
      "root": true,
      "rootEmpty": true,
      "_timeout": 2000
    }
  ],
  "meta": {
    "mocha": {
      "version": "7.0.1"
    },
    "mochawesome": {
      "options": {
        "quiet": false,
        "reportFilename": "mochawesome",
        "saveHtml": false,
        "saveJson": true,
        "consoleReporter": "spec",
        "useInlineDiffs": false,
        "code": true
      },
      "version": "7.1.3"
    },
    "marge": {
      "options": {
        "id": "default",
        "reportDir": "cypress/results/mochawesome",
        "quite": true,
        "overwrite": false,
        "html": false,
        "json": true
      },
      "version": "6.2.0"
    }
  }
}