{
  "stats": {
    "suites": 1,
    "tests": 1,
    "passes": 1,
    "pending": 0,
    "failures": 0,
    "start": "2022-12-04T19:27:52.646Z",
    "end": "2022-12-04T19:27:57.076Z",
    "duration": 4430,
    "testsRegistered": 1,
    "passPercent": 100,
    "pendingPercent": 0,
    "other": 0,
    "hasOther": false,
    "skipped": 0,
    "hasSkipped": false
  },
  "results": [
    {
      "uuid": "33eb165c-44b5-47a3-aeee-1a3e370b9cde",
      "title": "",
      "fullFile": "cypress\\e2e\\Webdriver-uni\\table-data.cy.js",
      "file": "cypress\\e2e\\Webdriver-uni\\table-data.cy.js",
      "beforeHooks": [],
      "afterHooks": [],
      "tests": [],
      "suites": [
        {
          "uuid": "981f8be5-ac1a-4c48-b6e1-f364789a6441",
          "title": "Interact with table data via webdriver uni",
          "fullFile": "",
          "file": "",
          "beforeHooks": [],
          "afterHooks": [],
          "tests": [
            {
              "title": "Validate user age by searhing for last name",
              "fullTitle": "Interact with table data via webdriver uni Validate user age by searhing for last name",
              "timedOut": null,
              "duration": 2658,
              "state": "passed",
              "speed": "fast",
              "pass": true,
              "fail": false,
              "pending": false,
              "context": null,
              "code": "cy.visit('http://www.webdriveruniversity.com/');\ncy.get('#data-table').invoke('removeAttr', 'target').click();\ncy.url().should('contain', 'Data-Table');\ncy.get('#thumbnail-1').find('td').contains('Jackson').next().should('have.text', '94');",
              "err": {},
              "uuid": "68820f31-d6f3-4d10-a6cd-e96a42a2d121",
              "parentUUID": "981f8be5-ac1a-4c48-b6e1-f364789a6441",
              "isHook": false,
              "skipped": false
            }
          ],
          "suites": [],
          "passes": [
            "68820f31-d6f3-4d10-a6cd-e96a42a2d121"
          ],
          "failures": [],
          "pending": [],
          "skipped": [],
          "duration": 2658,
          "root": false,
          "rootEmpty": false,
          "_timeout": 2000
        }
      ],
      "passes": [],
      "failures": [],
      "pending": [],
      "skipped": [],
      "duration": 0,
      "root": true,
      "rootEmpty": true,
      "_timeout": 2000
    }
  ],
  "meta": {
    "mocha": {
      "version": "7.0.1"
    },
    "mochawesome": {
      "options": {
        "quiet": false,
        "reportFilename": "mochawesome",
        "saveHtml": false,
        "saveJson": true,
        "consoleReporter": "spec",
        "useInlineDiffs": false,
        "code": true
      },
      "version": "7.1.3"
    },
    "marge": {
      "options": {
        "id": "default",
        "reportDir": "cypress/results/mochawesome",
        "quite": true,
        "overwrite": false,
        "html": false,
        "json": true
      },
      "version": "6.2.0"
    }
  }
}