{
  "stats": {
    "suites": 1,
    "tests": 4,
    "passes": 4,
    "pending": 0,
    "failures": 0,
    "start": "2022-12-04T19:24:30.199Z",
    "end": "2022-12-04T19:25:09.286Z",
    "duration": 39087,
    "testsRegistered": 4,
    "passPercent": 100,
    "pendingPercent": 0,
    "other": 0,
    "hasOther": false,
    "skipped": 0,
    "hasSkipped": false
  },
  "results": [
    {
      "uuid": "54530adf-597a-4035-bd76-bfa2d4a8355d",
      "title": "",
      "fullFile": "cypress\\e2e\\ViZzitt\\edit-place.cy.js",
      "file": "cypress\\e2e\\ViZzitt\\edit-place.cy.js",
      "beforeHooks": [],
      "afterHooks": [],
      "tests": [],
      "suites": [
        {
          "uuid": "4c76a050-fe5b-4b19-b280-f1d7ae304096",
          "title": "Test edit functionality on VizZit website",
          "fullFile": "",
          "file": "",
          "beforeHooks": [],
          "afterHooks": [],
          "tests": [
            {
              "title": "Successfully edit a place via following path home/login/specific place/edit place",
              "fullTitle": "Test edit functionality on VizZit website Successfully edit a place via following path home/login/specific place/edit place",
              "timedOut": null,
              "duration": 24103,
              "state": "passed",
              "speed": "slow",
              "pass": true,
              "fail": false,
              "pending": false,
              "context": null,
              "code": "cy.get('.nav').find('a').contains('Login').click();\ncy.populateLoginForm(data.first_name, data.password);\ncy.get('.btn, .btn-info').first().click({\n  force: true\n});\ncy.get('.card-title').should('contain', 'Kalemegdanska Tvrđava');\ncy.get('a').contains('Edit Place').click();\ncy.get('#title').clear({\n  force: true\n}).type('New Random Place', {\n  force: true\n});\ncy.get('.btn').contains('Save Changes').click();\ncy.get('.alert').should('contain', 'Successfully edited a place');\ncy.get('.card-title').should('contain', 'New Random Place');\ncy.get('a').contains('Edit Place').click();\ncy.get('#title').clear({\n  force: true\n}).type('Kalemegdanska Tvrđava', {\n  force: true\n});\ncy.get('.btn').contains('Save Changes').click();\ncy.get('.alert').should('contain', 'Successfully edited a place');\ncy.get('.card-title').should('contain', 'Kalemegdanska Tvrđava');",
              "err": {},
              "uuid": "7bacab7c-c3b4-4b14-b1b5-6f4f96659e05",
              "parentUUID": "4c76a050-fe5b-4b19-b280-f1d7ae304096",
              "isHook": false,
              "skipped": false
            },
            {
              "title": "Try to edit a place with empty title field",
              "fullTitle": "Test edit functionality on VizZit website Try to edit a place with empty title field",
              "timedOut": null,
              "duration": 6982,
              "state": "passed",
              "speed": "medium",
              "pass": true,
              "fail": false,
              "pending": false,
              "context": null,
              "code": "cy.get('.nav').find('a').contains('Login').click();\ncy.populateLoginForm(data.first_name, data.password);\ncy.get('.btn, .btn-info').first().click({\n  force: true\n});\ncy.get('.card-title').should('contain', 'Kalemegdanska Tvrđava');\ncy.get('a').contains('Edit Place').click();\ncy.get('#title').clear({\n  force: true\n});\ncy.get('.btn').contains('Save Changes').click();\ncy.get('#title').should(\"have.css\", \"border-color\", \"rgb(220, 53, 69)\");",
              "err": {},
              "uuid": "49b00610-4346-4407-ac0d-e9a3492fcc73",
              "parentUUID": "4c76a050-fe5b-4b19-b280-f1d7ae304096",
              "isHook": false,
              "skipped": false
            },
            {
              "title": "Try to edit a place without loging in",
              "fullTitle": "Test edit functionality on VizZit website Try to edit a place without loging in",
              "timedOut": null,
              "duration": 2391,
              "state": "passed",
              "speed": "fast",
              "pass": true,
              "fail": false,
              "pending": false,
              "context": null,
              "code": "cy.get('.nav').find('a').contains('All Places').click();\ncy.get('.btn, .btn-info').first().click({\n  force: true\n});\ncy.get(\"a[href='/places/632adab90395c80016ca6db8/edit']\").should('not.exist');",
              "err": {},
              "uuid": "e5ca3228-2367-45a3-b304-dee07a0603bd",
              "parentUUID": "4c76a050-fe5b-4b19-b280-f1d7ae304096",
              "isHook": false,
              "skipped": false
            },
            {
              "title": "Try to edit a place created by someone else",
              "fullTitle": "Test edit functionality on VizZit website Try to edit a place created by someone else",
              "timedOut": null,
              "duration": 5196,
              "state": "passed",
              "speed": "medium",
              "pass": true,
              "fail": false,
              "pending": false,
              "context": null,
              "code": "cy.get('.nav').find('a').contains('Login').click();\ncy.populateLoginForm(data.first_name, data.password);\ncy.get('.card').contains('Muzej Primenjene Umetnosti').parent().find('a').click({\n  force: true\n});\ncy.get(\"a[href='/places/632adab90395c80016ca6db8/edit']\").should('not.exist');",
              "err": {},
              "uuid": "21da483d-66e6-42d3-b6ac-3cc206ea9903",
              "parentUUID": "4c76a050-fe5b-4b19-b280-f1d7ae304096",
              "isHook": false,
              "skipped": false
            }
          ],
          "suites": [],
          "passes": [
            "7bacab7c-c3b4-4b14-b1b5-6f4f96659e05",
            "49b00610-4346-4407-ac0d-e9a3492fcc73",
            "e5ca3228-2367-45a3-b304-dee07a0603bd",
            "21da483d-66e6-42d3-b6ac-3cc206ea9903"
          ],
          "failures": [],
          "pending": [],
          "skipped": [],
          "duration": 38672,
          "root": false,
          "rootEmpty": false,
          "_timeout": 2000
        }
      ],
      "passes": [],
      "failures": [],
      "pending": [],
      "skipped": [],
      "duration": 0,
      "root": true,
      "rootEmpty": true,
      "_timeout": 2000
    }
  ],
  "meta": {
    "mocha": {
      "version": "7.0.1"
    },
    "mochawesome": {
      "options": {
        "quiet": false,
        "reportFilename": "mochawesome",
        "saveHtml": false,
        "saveJson": true,
        "consoleReporter": "spec",
        "useInlineDiffs": false,
        "code": true
      },
      "version": "7.1.3"
    },
    "marge": {
      "options": {
        "id": "default",
        "reportDir": "cypress/results/mochawesome",
        "quite": true,
        "overwrite": false,
        "html": false,
        "json": true
      },
      "version": "6.2.0"
    }
  }
}