{
  "stats": {
    "suites": 1,
    "tests": 2,
    "passes": 2,
    "pending": 0,
    "failures": 0,
    "start": "2022-12-04T19:44:36.379Z",
    "end": "2022-12-04T19:44:39.701Z",
    "duration": 3322,
    "testsRegistered": 2,
    "passPercent": 100,
    "pendingPercent": 0,
    "other": 0,
    "hasOther": false,
    "skipped": 0,
    "hasSkipped": false
  },
  "results": [
    {
      "uuid": "2dc4481d-3cb5-4e73-8947-71c792f4581b",
      "title": "",
      "fullFile": "cypress\\e2e\\Webdriver-uni\\radiobuttons.cy.js",
      "file": "cypress\\e2e\\Webdriver-uni\\radiobuttons.cy.js",
      "beforeHooks": [],
      "afterHooks": [],
      "tests": [],
      "suites": [
        {
          "uuid": "3ef2e581-9f8d-4878-93c2-d9759db195c7",
          "title": "Check cypres radiobutton functionality",
          "fullFile": "",
          "file": "",
          "beforeHooks": [],
          "afterHooks": [],
          "tests": [
            {
              "title": "Select redio button on webdriver uni website",
              "fullTitle": "Check cypres radiobutton functionality Select redio button on webdriver uni website",
              "timedOut": null,
              "duration": 1307,
              "state": "passed",
              "speed": "fast",
              "pass": true,
              "fail": false,
              "pending": false,
              "context": null,
              "code": "cy.get(\"#radio-buttons\").find('input[type=\"radio\"]').first().check();\ncy.get(\"#radio-buttons\").find('input[type=\"radio\"]').eq(2).check();",
              "err": {},
              "uuid": "3919befc-cc2e-4d47-a9e2-ae768db6aaa6",
              "parentUUID": "3ef2e581-9f8d-4878-93c2-d9759db195c7",
              "isHook": false,
              "skipped": false
            },
            {
              "title": "Validate the states of specific radio buttons",
              "fullTitle": "Check cypres radiobutton functionality Validate the states of specific radio buttons",
              "timedOut": null,
              "duration": 494,
              "state": "passed",
              "speed": "fast",
              "pass": true,
              "fail": false,
              "pending": false,
              "context": null,
              "code": "cy.get('input[value=\"lettuce\"]').should('not.be.checked');\ncy.get('input[value=\"pumpkin\"]').should('be.checked');\ncy.get('input[value=\"cabbage\"]').should('be.disabled');\ncy.get('input[value=\"lettuce\"]').check();\ncy.get('input[value=\"lettuce\"]').should('be.checked');\ncy.get('input[value=\"pumpkin\"]').should('not.be.checked');",
              "err": {},
              "uuid": "b9f4b481-86b8-4131-b634-09d89e8aaa16",
              "parentUUID": "3ef2e581-9f8d-4878-93c2-d9759db195c7",
              "isHook": false,
              "skipped": false
            }
          ],
          "suites": [],
          "passes": [
            "3919befc-cc2e-4d47-a9e2-ae768db6aaa6",
            "b9f4b481-86b8-4131-b634-09d89e8aaa16"
          ],
          "failures": [],
          "pending": [],
          "skipped": [],
          "duration": 1801,
          "root": false,
          "rootEmpty": false,
          "_timeout": 2000
        }
      ],
      "passes": [],
      "failures": [],
      "pending": [],
      "skipped": [],
      "duration": 0,
      "root": true,
      "rootEmpty": true,
      "_timeout": 2000
    }
  ],
  "meta": {
    "mocha": {
      "version": "7.0.1"
    },
    "mochawesome": {
      "options": {
        "quiet": false,
        "reportFilename": "mochawesome",
        "saveHtml": false,
        "saveJson": true,
        "consoleReporter": "spec",
        "useInlineDiffs": false,
        "code": true
      },
      "version": "7.1.3"
    },
    "marge": {
      "options": {
        "id": "default",
        "reportDir": "cypress/results/mochawesome",
        "quite": true,
        "overwrite": false,
        "html": false,
        "json": true
      },
      "version": "6.2.0"
    }
  }
}