{
  "stats": {
    "suites": 1,
    "tests": 1,
    "passes": 1,
    "pending": 0,
    "failures": 0,
    "start": "2022-12-04T19:44:54.628Z",
    "end": "2022-12-04T19:44:57.277Z",
    "duration": 2649,
    "testsRegistered": 1,
    "passPercent": 100,
    "pendingPercent": 0,
    "other": 0,
    "hasOther": false,
    "skipped": 0,
    "hasSkipped": false
  },
  "results": [
    {
      "uuid": "bc32f2e3-05f7-46b6-96c3-afde9f755407",
      "title": "",
      "fullFile": "cypress\\e2e\\Webdriver-uni\\table-data.cy.js",
      "file": "cypress\\e2e\\Webdriver-uni\\table-data.cy.js",
      "beforeHooks": [],
      "afterHooks": [],
      "tests": [],
      "suites": [
        {
          "uuid": "ec9c0482-7a35-462d-b06e-3106074fa1f8",
          "title": "Interact with table data via webdriver uni",
          "fullFile": "",
          "file": "",
          "beforeHooks": [],
          "afterHooks": [],
          "tests": [
            {
              "title": "Validate user age by searhing for last name",
              "fullTitle": "Interact with table data via webdriver uni Validate user age by searhing for last name",
              "timedOut": null,
              "duration": 1089,
              "state": "passed",
              "speed": "fast",
              "pass": true,
              "fail": false,
              "pending": false,
              "context": null,
              "code": "cy.visit('http://www.webdriveruniversity.com/');\ncy.get('#data-table').invoke('removeAttr', 'target').click();\ncy.url().should('contain', 'Data-Table');\ncy.get('#thumbnail-1').find('td').contains('Jackson').next().should('have.text', '94');",
              "err": {},
              "uuid": "adb62eab-52fb-4464-a4a3-aa5e31bc0dfd",
              "parentUUID": "ec9c0482-7a35-462d-b06e-3106074fa1f8",
              "isHook": false,
              "skipped": false
            }
          ],
          "suites": [],
          "passes": [
            "adb62eab-52fb-4464-a4a3-aa5e31bc0dfd"
          ],
          "failures": [],
          "pending": [],
          "skipped": [],
          "duration": 1089,
          "root": false,
          "rootEmpty": false,
          "_timeout": 2000
        }
      ],
      "passes": [],
      "failures": [],
      "pending": [],
      "skipped": [],
      "duration": 0,
      "root": true,
      "rootEmpty": true,
      "_timeout": 2000
    }
  ],
  "meta": {
    "mocha": {
      "version": "7.0.1"
    },
    "mochawesome": {
      "options": {
        "quiet": false,
        "reportFilename": "mochawesome",
        "saveHtml": false,
        "saveJson": true,
        "consoleReporter": "spec",
        "useInlineDiffs": false,
        "code": true
      },
      "version": "7.1.3"
    },
    "marge": {
      "options": {
        "id": "default",
        "reportDir": "cypress/results/mochawesome",
        "quite": true,
        "overwrite": false,
        "html": false,
        "json": true
      },
      "version": "6.2.0"
    }
  }
}