{
  "stats": {
    "suites": 1,
    "tests": 1,
    "passes": 1,
    "pending": 0,
    "failures": 0,
    "start": "2022-12-04T19:14:27.780Z",
    "end": "2022-12-04T19:14:41.421Z",
    "duration": 13641,
    "testsRegistered": 1,
    "passPercent": 100,
    "pendingPercent": 0,
    "other": 0,
    "hasOther": false,
    "skipped": 0,
    "hasSkipped": false
  },
  "results": [
    {
      "uuid": "a8f07f12-8f06-4a37-a52c-8b76033c6b0d",
      "title": "",
      "fullFile": "cypress\\e2e\\ViZzitt\\logout.cy.js",
      "file": "cypress\\e2e\\ViZzitt\\logout.cy.js",
      "beforeHooks": [],
      "afterHooks": [],
      "tests": [],
      "suites": [
        {
          "uuid": "04bb8d44-0dfb-4696-8e91-a3235ee0426b",
          "title": "Test Logout option on VizZit website",
          "fullFile": "",
          "file": "",
          "beforeHooks": [],
          "afterHooks": [],
          "tests": [
            {
              "title": "Successfully logout from the VizZit website",
              "fullTitle": "Test Logout option on VizZit website Successfully logout from the VizZit website",
              "timedOut": null,
              "duration": 13597,
              "state": "passed",
              "speed": "slow",
              "pass": true,
              "fail": false,
              "pending": false,
              "context": null,
              "code": "cy.logout();",
              "err": {},
              "uuid": "23738062-36e7-4c48-9308-560e5cbcc3dd",
              "parentUUID": "04bb8d44-0dfb-4696-8e91-a3235ee0426b",
              "isHook": false,
              "skipped": false
            }
          ],
          "suites": [],
          "passes": [
            "23738062-36e7-4c48-9308-560e5cbcc3dd"
          ],
          "failures": [],
          "pending": [],
          "skipped": [],
          "duration": 13597,
          "root": false,
          "rootEmpty": false,
          "_timeout": 2000
        }
      ],
      "passes": [],
      "failures": [],
      "pending": [],
      "skipped": [],
      "duration": 0,
      "root": true,
      "rootEmpty": true,
      "_timeout": 2000
    }
  ],
  "meta": {
    "mocha": {
      "version": "7.0.1"
    },
    "mochawesome": {
      "options": {
        "quiet": false,
        "reportFilename": "mochawesome",
        "saveHtml": false,
        "saveJson": true,
        "consoleReporter": "spec",
        "useInlineDiffs": false,
        "code": true
      },
      "version": "7.1.3"
    },
    "marge": {
      "options": {
        "id": "default",
        "reportDir": "cypress/results/mochawesome",
        "quite": true,
        "overwrite": false,
        "html": false,
        "json": true
      },
      "version": "6.2.0"
    }
  }
}