{
  "stats": {
    "suites": 1,
    "tests": 1,
    "passes": 1,
    "pending": 0,
    "failures": 0,
    "start": "2022-12-04T19:27:41.217Z",
    "end": "2022-12-04T19:27:44.459Z",
    "duration": 3242,
    "testsRegistered": 1,
    "passPercent": 100,
    "pendingPercent": 0,
    "other": 0,
    "hasOther": false,
    "skipped": 0,
    "hasSkipped": false
  },
  "results": [
    {
      "uuid": "e3e9816b-c2be-42a2-945f-366c000505b5",
      "title": "",
      "fullFile": "cypress\\e2e\\Webdriver-uni\\select-dropdown-list.cy.js",
      "file": "cypress\\e2e\\Webdriver-uni\\select-dropdown-list.cy.js",
      "beforeHooks": [],
      "afterHooks": [],
      "tests": [],
      "suites": [
        {
          "uuid": "c0052e28-52b6-4010-9cc6-53c5c16375ba",
          "title": "Interact with dropdown lists via webdriver uni",
          "fullFile": "",
          "file": "",
          "beforeHooks": [],
          "afterHooks": [],
          "tests": [
            {
              "title": "Select specific values via selec dropdown lists",
              "fullTitle": "Interact with dropdown lists via webdriver uni Select specific values via selec dropdown lists",
              "timedOut": null,
              "duration": 1946,
              "state": "passed",
              "speed": "fast",
              "pass": true,
              "fail": false,
              "pending": false,
              "context": null,
              "code": "cy.visit(\"http://www.webdriveruniversity.com/\");\ncy.get('#dropdown-checkboxes-radiobuttons').invoke('removeAttr', 'target').click();\ncy.url().should('include', 'Dropdown');\ncy.get(\"#dropdowm-menu-1\").select('c#').should('have.value', 'c#');\ncy.get(\"#dropdowm-menu-2\").select('testng').contains('TestNG');\ncy.get(\"#dropdowm-menu-3\").select('jquery');\ncy.get(\"#dropdowm-menu-2\").select('testng').contains('TestNG');\ncy.get(\"#dropdowm-menu-2\").select('Maven').should('have.value', 'maven');",
              "err": {},
              "uuid": "9c25b3e2-14cf-48c2-88fc-f208e1a2ef09",
              "parentUUID": "c0052e28-52b6-4010-9cc6-53c5c16375ba",
              "isHook": false,
              "skipped": false
            }
          ],
          "suites": [],
          "passes": [
            "9c25b3e2-14cf-48c2-88fc-f208e1a2ef09"
          ],
          "failures": [],
          "pending": [],
          "skipped": [],
          "duration": 1946,
          "root": false,
          "rootEmpty": false,
          "_timeout": 2000
        }
      ],
      "passes": [],
      "failures": [],
      "pending": [],
      "skipped": [],
      "duration": 0,
      "root": true,
      "rootEmpty": true,
      "_timeout": 2000
    }
  ],
  "meta": {
    "mocha": {
      "version": "7.0.1"
    },
    "mochawesome": {
      "options": {
        "quiet": false,
        "reportFilename": "mochawesome",
        "saveHtml": false,
        "saveJson": true,
        "consoleReporter": "spec",
        "useInlineDiffs": false,
        "code": true
      },
      "version": "7.1.3"
    },
    "marge": {
      "options": {
        "id": "default",
        "reportDir": "cypress/results/mochawesome",
        "quite": true,
        "overwrite": false,
        "html": false,
        "json": true
      },
      "version": "6.2.0"
    }
  }
}