{
  "stats": {
    "suites": 1,
    "tests": 4,
    "passes": 4,
    "pending": 0,
    "failures": 0,
    "start": "2022-12-04T19:44:14.818Z",
    "end": "2022-12-04T19:44:19.308Z",
    "duration": 4490,
    "testsRegistered": 4,
    "passPercent": 100,
    "pendingPercent": 0,
    "other": 0,
    "hasOther": false,
    "skipped": 0,
    "hasSkipped": false
  },
  "results": [
    {
      "uuid": "432160d4-b9c7-436e-befa-082f5637641b",
      "title": "",
      "fullFile": "cypress\\e2e\\Webdriver-uni\\handling-alerts.cy.js",
      "file": "cypress\\e2e\\Webdriver-uni\\handling-alerts.cy.js",
      "beforeHooks": [],
      "afterHooks": [],
      "tests": [],
      "suites": [
        {
          "uuid": "c0831360-b2c0-4b48-ad96-201e847ff9c0",
          "title": "Testing JS alerts with cypress",
          "fullFile": "",
          "file": "",
          "beforeHooks": [],
          "afterHooks": [],
          "tests": [
            {
              "title": "Confirm JS alert box contains the right text value",
              "fullTitle": "Testing JS alerts with cypress Confirm JS alert box contains the right text value",
              "timedOut": null,
              "duration": 1613,
              "state": "passed",
              "speed": "fast",
              "pass": true,
              "fail": false,
              "pending": false,
              "context": null,
              "code": "cy.get('#button1').click();\ncy.on('window:alert', str => {\n  expect(str).to.equal('I am an alert box!');\n});",
              "err": {},
              "uuid": "f4ba0a53-cabc-412e-b313-dd2cbcbe542b",
              "parentUUID": "c0831360-b2c0-4b48-ad96-201e847ff9c0",
              "isHook": false,
              "skipped": false
            },
            {
              "title": "Confirm JS alert box works correctly when clicking ok",
              "fullTitle": "Testing JS alerts with cypress Confirm JS alert box works correctly when clicking ok",
              "timedOut": null,
              "duration": 462,
              "state": "passed",
              "speed": "fast",
              "pass": true,
              "fail": false,
              "pending": false,
              "context": null,
              "code": "cy.get('#button4').click();\ncy.on('window:confirm', str => {\n  expect(str).to.equal('Press a button!');\n  return true;\n});\ncy.get('#confirm-alert-text').should('have.text', 'You pressed OK!');",
              "err": {},
              "uuid": "f9e7f7ff-b6b2-4e19-b199-ed5c7b6fa73d",
              "parentUUID": "c0831360-b2c0-4b48-ad96-201e847ff9c0",
              "isHook": false,
              "skipped": false
            },
            {
              "title": "Confirm JS alert box works correctly when clicking cancel",
              "fullTitle": "Testing JS alerts with cypress Confirm JS alert box works correctly when clicking cancel",
              "timedOut": null,
              "duration": 426,
              "state": "passed",
              "speed": "fast",
              "pass": true,
              "fail": false,
              "pending": false,
              "context": null,
              "code": "cy.get('#button4').click();\ncy.on('window:confirm', str => {\n  expect(str).to.equal('Press a button!');\n  return false;\n});\ncy.get('#confirm-alert-text').should('have.text', 'You pressed Cancel!');",
              "err": {},
              "uuid": "fd266b83-5853-4b72-87cd-139dae822725",
              "parentUUID": "c0831360-b2c0-4b48-ad96-201e847ff9c0",
              "isHook": false,
              "skipped": false
            },
            {
              "title": "Confirm JS alert box works correctly using a stub",
              "fullTitle": "Testing JS alerts with cypress Confirm JS alert box works correctly using a stub",
              "timedOut": null,
              "duration": 483,
              "state": "passed",
              "speed": "fast",
              "pass": true,
              "fail": false,
              "pending": false,
              "context": null,
              "code": "const stub = cy.stub();\ncy.on('window:confirm', stub);\ncy.get('#button4').click().then(() => {\n  expect(stub.getCall(0)).to.be.calledWith('Press a button!');\n}).then(() => {\n  return true;\n}).then(() => {\n  cy.get('#confirm-alert-text').should('have.text', 'You pressed OK!');\n});",
              "err": {},
              "uuid": "727e5d37-ad1c-44a1-89d6-566eef203c08",
              "parentUUID": "c0831360-b2c0-4b48-ad96-201e847ff9c0",
              "isHook": false,
              "skipped": false
            }
          ],
          "suites": [],
          "passes": [
            "f4ba0a53-cabc-412e-b313-dd2cbcbe542b",
            "f9e7f7ff-b6b2-4e19-b199-ed5c7b6fa73d",
            "fd266b83-5853-4b72-87cd-139dae822725",
            "727e5d37-ad1c-44a1-89d6-566eef203c08"
          ],
          "failures": [],
          "pending": [],
          "skipped": [],
          "duration": 2984,
          "root": false,
          "rootEmpty": false,
          "_timeout": 2000
        }
      ],
      "passes": [],
      "failures": [],
      "pending": [],
      "skipped": [],
      "duration": 0,
      "root": true,
      "rootEmpty": true,
      "_timeout": 2000
    }
  ],
  "meta": {
    "mocha": {
      "version": "7.0.1"
    },
    "mochawesome": {
      "options": {
        "quiet": false,
        "reportFilename": "mochawesome",
        "saveHtml": false,
        "saveJson": true,
        "consoleReporter": "spec",
        "useInlineDiffs": false,
        "code": true
      },
      "version": "7.1.3"
    },
    "marge": {
      "options": {
        "id": "default",
        "reportDir": "cypress/results/mochawesome",
        "quite": true,
        "overwrite": false,
        "html": false,
        "json": true
      },
      "version": "6.2.0"
    }
  }
}