{
  "stats": {
    "suites": 1,
    "tests": 1,
    "passes": 1,
    "pending": 0,
    "failures": 0,
    "start": "2022-12-04T19:47:32.890Z",
    "end": "2022-12-04T19:47:37.327Z",
    "duration": 4437,
    "testsRegistered": 1,
    "passPercent": 100,
    "pendingPercent": 0,
    "other": 0,
    "hasOther": false,
    "skipped": 0,
    "hasSkipped": false
  },
  "results": [
    {
      "uuid": "69b23239-fec2-4d2e-81e1-0c8e04080946",
      "title": "",
      "fullFile": "cypress\\e2e\\automation-test-store\\sum-proucts-price.cy.js",
      "file": "cypress\\e2e\\automation-test-store\\sum-proucts-price.cy.js",
      "beforeHooks": [],
      "afterHooks": [],
      "tests": [],
      "suites": [
        {
          "uuid": "1a0fc8e1-f09d-43bd-b93a-db96a019fda8",
          "title": "Calculate total of normal and sale products",
          "fullFile": "",
          "file": "",
          "beforeHooks": [],
          "afterHooks": [],
          "tests": [
            {
              "title": "Positive test case",
              "fullTitle": "Calculate total of normal and sale products Positive test case",
              "timedOut": null,
              "duration": 2987,
              "state": "passed",
              "speed": "fast",
              "pass": true,
              "fail": false,
              "pending": false,
              "context": null,
              "code": "cy.visit('https://automationteststore.com/');\nlet priceTotal = 0;\ncy.get('.oneprice, .pricenew').each(($el, index, $list) => {\n  const re = /\\d+/;\n  const itemPrice = Number($el.text().match(re).join(''));\n  priceTotal += itemPrice;\n}).then(element => {\n  cy.log('The total price of all item is: ' + priceTotal);\n  expect(priceTotal).to.equal(624);\n});",
              "err": {},
              "uuid": "69a444e1-078c-426a-a886-ba3c0fadbb42",
              "parentUUID": "1a0fc8e1-f09d-43bd-b93a-db96a019fda8",
              "isHook": false,
              "skipped": false
            }
          ],
          "suites": [],
          "passes": [
            "69a444e1-078c-426a-a886-ba3c0fadbb42"
          ],
          "failures": [],
          "pending": [],
          "skipped": [],
          "duration": 2987,
          "root": false,
          "rootEmpty": false,
          "_timeout": 2000
        }
      ],
      "passes": [],
      "failures": [],
      "pending": [],
      "skipped": [],
      "duration": 0,
      "root": true,
      "rootEmpty": true,
      "_timeout": 2000
    }
  ],
  "meta": {
    "mocha": {
      "version": "7.0.1"
    },
    "mochawesome": {
      "options": {
        "quiet": false,
        "reportFilename": "mochawesome",
        "saveHtml": false,
        "saveJson": true,
        "consoleReporter": "spec",
        "useInlineDiffs": false,
        "code": true
      },
      "version": "7.1.3"
    },
    "marge": {
      "options": {
        "id": "default",
        "reportDir": "cypress/results/mochawesome",
        "quite": true,
        "overwrite": false,
        "html": false,
        "json": true
      },
      "version": "6.2.0"
    }
  }
}