{
  "stats": {
    "suites": 1,
    "tests": 1,
    "passes": 1,
    "pending": 0,
    "failures": 0,
    "start": "2022-12-04T19:29:25.056Z",
    "end": "2022-12-04T19:29:33.769Z",
    "duration": 8713,
    "testsRegistered": 1,
    "passPercent": 100,
    "pendingPercent": 0,
    "other": 0,
    "hasOther": false,
    "skipped": 0,
    "hasSkipped": false
  },
  "results": [
    {
      "uuid": "5b53c072-ea4f-4ed7-be69-cce6c7782f93",
      "title": "",
      "fullFile": "cypress\\e2e\\automation-test-store\\sum-proucts-price.cy.js",
      "file": "cypress\\e2e\\automation-test-store\\sum-proucts-price.cy.js",
      "beforeHooks": [],
      "afterHooks": [],
      "tests": [],
      "suites": [
        {
          "uuid": "c7f792ff-06cb-4728-94f7-614539df9137",
          "title": "Calculate total of normal and sale products",
          "fullFile": "",
          "file": "",
          "beforeHooks": [],
          "afterHooks": [],
          "tests": [
            {
              "title": "Positive test case",
              "fullTitle": "Calculate total of normal and sale products Positive test case",
              "timedOut": null,
              "duration": 7117,
              "state": "passed",
              "speed": "medium",
              "pass": true,
              "fail": false,
              "pending": false,
              "context": null,
              "code": "cy.visit('https://automationteststore.com/');\nlet priceTotal = 0;\ncy.get('.oneprice, .pricenew').each(($el, index, $list) => {\n  const re = /\\d+/;\n  const itemPrice = Number($el.text().match(re).join(''));\n  priceTotal += itemPrice;\n}).then(element => {\n  cy.log('The total price of all item is: ' + priceTotal);\n  expect(priceTotal).to.equal(624);\n});",
              "err": {},
              "uuid": "89ea7ea4-24ff-4f87-a54c-65da9ecd8aab",
              "parentUUID": "c7f792ff-06cb-4728-94f7-614539df9137",
              "isHook": false,
              "skipped": false
            }
          ],
          "suites": [],
          "passes": [
            "89ea7ea4-24ff-4f87-a54c-65da9ecd8aab"
          ],
          "failures": [],
          "pending": [],
          "skipped": [],
          "duration": 7117,
          "root": false,
          "rootEmpty": false,
          "_timeout": 2000
        }
      ],
      "passes": [],
      "failures": [],
      "pending": [],
      "skipped": [],
      "duration": 0,
      "root": true,
      "rootEmpty": true,
      "_timeout": 2000
    }
  ],
  "meta": {
    "mocha": {
      "version": "7.0.1"
    },
    "mochawesome": {
      "options": {
        "quiet": false,
        "reportFilename": "mochawesome",
        "saveHtml": false,
        "saveJson": true,
        "consoleReporter": "spec",
        "useInlineDiffs": false,
        "code": true
      },
      "version": "7.1.3"
    },
    "marge": {
      "options": {
        "id": "default",
        "reportDir": "cypress/results/mochawesome",
        "quite": true,
        "overwrite": false,
        "html": false,
        "json": true
      },
      "version": "6.2.0"
    }
  }
}