{
  "stats": {
    "suites": 1,
    "tests": 2,
    "passes": 2,
    "pending": 0,
    "failures": 0,
    "start": "2022-12-04T19:27:33.525Z",
    "end": "2022-12-04T19:27:38.114Z",
    "duration": 4589,
    "testsRegistered": 2,
    "passPercent": 100,
    "pendingPercent": 0,
    "other": 0,
    "hasOther": false,
    "skipped": 0,
    "hasSkipped": false
  },
  "results": [
    {
      "uuid": "6823401a-702a-415b-94d2-5a554771a561",
      "title": "",
      "fullFile": "cypress\\e2e\\Webdriver-uni\\radiobuttons.cy.js",
      "file": "cypress\\e2e\\Webdriver-uni\\radiobuttons.cy.js",
      "beforeHooks": [],
      "afterHooks": [],
      "tests": [],
      "suites": [
        {
          "uuid": "ae950997-a5ed-4a94-9bb8-596739292e13",
          "title": "Check cypres radiobutton functionality",
          "fullFile": "",
          "file": "",
          "beforeHooks": [],
          "afterHooks": [],
          "tests": [
            {
              "title": "Select redio button on webdriver uni website",
              "fullTitle": "Check cypres radiobutton functionality Select redio button on webdriver uni website",
              "timedOut": null,
              "duration": 2133,
              "state": "passed",
              "speed": "fast",
              "pass": true,
              "fail": false,
              "pending": false,
              "context": null,
              "code": "cy.get(\"#radio-buttons\").find('input[type=\"radio\"]').first().check();\ncy.get(\"#radio-buttons\").find('input[type=\"radio\"]').eq(2).check();",
              "err": {},
              "uuid": "97e2729e-e355-4bdf-9263-86a7ad7fa4ea",
              "parentUUID": "ae950997-a5ed-4a94-9bb8-596739292e13",
              "isHook": false,
              "skipped": false
            },
            {
              "title": "Validate the states of specific radio buttons",
              "fullTitle": "Check cypres radiobutton functionality Validate the states of specific radio buttons",
              "timedOut": null,
              "duration": 672,
              "state": "passed",
              "speed": "fast",
              "pass": true,
              "fail": false,
              "pending": false,
              "context": null,
              "code": "cy.get('input[value=\"lettuce\"]').should('not.be.checked');\ncy.get('input[value=\"pumpkin\"]').should('be.checked');\ncy.get('input[value=\"cabbage\"]').should('be.disabled');\ncy.get('input[value=\"lettuce\"]').check();\ncy.get('input[value=\"lettuce\"]').should('be.checked');\ncy.get('input[value=\"pumpkin\"]').should('not.be.checked');",
              "err": {},
              "uuid": "4cd3ec63-0ef9-4436-9ac7-a84cad088b11",
              "parentUUID": "ae950997-a5ed-4a94-9bb8-596739292e13",
              "isHook": false,
              "skipped": false
            }
          ],
          "suites": [],
          "passes": [
            "97e2729e-e355-4bdf-9263-86a7ad7fa4ea",
            "4cd3ec63-0ef9-4436-9ac7-a84cad088b11"
          ],
          "failures": [],
          "pending": [],
          "skipped": [],
          "duration": 2805,
          "root": false,
          "rootEmpty": false,
          "_timeout": 2000
        }
      ],
      "passes": [],
      "failures": [],
      "pending": [],
      "skipped": [],
      "duration": 0,
      "root": true,
      "rootEmpty": true,
      "_timeout": 2000
    }
  ],
  "meta": {
    "mocha": {
      "version": "7.0.1"
    },
    "mochawesome": {
      "options": {
        "quiet": false,
        "reportFilename": "mochawesome",
        "saveHtml": false,
        "saveJson": true,
        "consoleReporter": "spec",
        "useInlineDiffs": false,
        "code": true
      },
      "version": "7.1.3"
    },
    "marge": {
      "options": {
        "id": "default",
        "reportDir": "cypress/results/mochawesome",
        "quite": true,
        "overwrite": false,
        "html": false,
        "json": true
      },
      "version": "6.2.0"
    }
  }
}