{
  "stats": {
    "suites": 1,
    "tests": 1,
    "passes": 1,
    "pending": 0,
    "failures": 0,
    "start": "2022-12-04T19:08:22.620Z",
    "end": "2022-12-04T19:08:26.142Z",
    "duration": 3522,
    "testsRegistered": 1,
    "passPercent": 100,
    "pendingPercent": 0,
    "other": 0,
    "hasOther": false,
    "skipped": 0,
    "hasSkipped": false
  },
  "results": [
    {
      "uuid": "c59f86c9-d84b-45b6-b6ed-9ea572a5018b",
      "title": "",
      "fullFile": "cypress\\e2e\\Webdriver-uni\\browser-navigation.cy.js",
      "file": "cypress\\e2e\\Webdriver-uni\\browser-navigation.cy.js",
      "beforeHooks": [],
      "afterHooks": [],
      "tests": [],
      "suites": [
        {
          "uuid": "c65d66e1-df94-4772-81db-1f383c198d20",
          "title": "Preform navigation on webdriver uni page",
          "fullFile": "",
          "file": "",
          "beforeHooks": [],
          "afterHooks": [],
          "tests": [
            {
              "title": "Succesffully navigate to todolist and go back to the home page",
              "fullTitle": "Preform navigation on webdriver uni page Succesffully navigate to todolist and go back to the home page",
              "timedOut": null,
              "duration": 2013,
              "state": "passed",
              "speed": "fast",
              "pass": true,
              "fail": false,
              "pending": false,
              "context": null,
              "code": "cy.visit(\"http://www.webdriveruniversity.com/\");\ncy.get('a[href=\"To-Do-List/index.html\"]').invoke('removeAttr', 'target').click();\ncy.url().should('include', 'To-Do-List');\ncy.go('back');\ncy.url().should('include', 'http://www.webdriveruniversity.com/');",
              "err": {},
              "uuid": "03f6c8ec-f4ec-4fc9-b944-5075fec56251",
              "parentUUID": "c65d66e1-df94-4772-81db-1f383c198d20",
              "isHook": false,
              "skipped": false
            }
          ],
          "suites": [],
          "passes": [
            "03f6c8ec-f4ec-4fc9-b944-5075fec56251"
          ],
          "failures": [],
          "pending": [],
          "skipped": [],
          "duration": 2013,
          "root": false,
          "rootEmpty": false,
          "_timeout": 2000
        }
      ],
      "passes": [],
      "failures": [],
      "pending": [],
      "skipped": [],
      "duration": 0,
      "root": true,
      "rootEmpty": true,
      "_timeout": 2000
    }
  ],
  "meta": {
    "mocha": {
      "version": "7.0.1"
    },
    "mochawesome": {
      "options": {
        "quiet": false,
        "reportFilename": "mochawesome",
        "saveHtml": false,
        "saveJson": true,
        "consoleReporter": "spec",
        "useInlineDiffs": false,
        "code": true
      },
      "version": "7.1.3"
    },
    "marge": {
      "options": {
        "id": "default",
        "reportDir": "cypress/results/mochawesome",
        "quite": true,
        "overwrite": false,
        "html": false,
        "json": true
      },
      "version": "6.2.0"
    }
  }
}