{
  "stats": {
    "suites": 1,
    "tests": 1,
    "passes": 1,
    "pending": 0,
    "failures": 0,
    "start": "2022-12-04T19:41:24.296Z",
    "end": "2022-12-04T19:41:46.637Z",
    "duration": 22341,
    "testsRegistered": 1,
    "passPercent": 100,
    "pendingPercent": 0,
    "other": 0,
    "hasOther": false,
    "skipped": 0,
    "hasSkipped": false
  },
  "results": [
    {
      "uuid": "780eedf1-9c3f-4823-817b-8cc38614c1f8",
      "title": "",
      "fullFile": "cypress\\e2e\\ViZzitt\\logout.cy.js",
      "file": "cypress\\e2e\\ViZzitt\\logout.cy.js",
      "beforeHooks": [],
      "afterHooks": [],
      "tests": [],
      "suites": [
        {
          "uuid": "b49f883b-24de-4361-8a90-5614373128d3",
          "title": "Test Logout option on VizZit website",
          "fullFile": "",
          "file": "",
          "beforeHooks": [],
          "afterHooks": [],
          "tests": [
            {
              "title": "Successfully logout from the VizZit website",
              "fullTitle": "Test Logout option on VizZit website Successfully logout from the VizZit website",
              "timedOut": null,
              "duration": 22307,
              "state": "passed",
              "speed": "slow",
              "pass": true,
              "fail": false,
              "pending": false,
              "context": null,
              "code": "cy.logout();",
              "err": {},
              "uuid": "3d96fc4f-7ce7-4dd5-8e24-0ec33cd1d308",
              "parentUUID": "b49f883b-24de-4361-8a90-5614373128d3",
              "isHook": false,
              "skipped": false
            }
          ],
          "suites": [],
          "passes": [
            "3d96fc4f-7ce7-4dd5-8e24-0ec33cd1d308"
          ],
          "failures": [],
          "pending": [],
          "skipped": [],
          "duration": 22307,
          "root": false,
          "rootEmpty": false,
          "_timeout": 2000
        }
      ],
      "passes": [],
      "failures": [],
      "pending": [],
      "skipped": [],
      "duration": 0,
      "root": true,
      "rootEmpty": true,
      "_timeout": 2000
    }
  ],
  "meta": {
    "mocha": {
      "version": "7.0.1"
    },
    "mochawesome": {
      "options": {
        "quiet": false,
        "reportFilename": "mochawesome",
        "saveHtml": false,
        "saveJson": true,
        "consoleReporter": "spec",
        "useInlineDiffs": false,
        "code": true
      },
      "version": "7.1.3"
    },
    "marge": {
      "options": {
        "id": "default",
        "reportDir": "cypress/results/mochawesome",
        "quite": true,
        "overwrite": false,
        "html": false,
        "json": true
      },
      "version": "6.2.0"
    }
  }
}