{
  "stats": {
    "suites": 1,
    "tests": 1,
    "passes": 1,
    "pending": 0,
    "failures": 0,
    "start": "2022-12-04T19:44:08.480Z",
    "end": "2022-12-04T19:44:11.929Z",
    "duration": 3449,
    "testsRegistered": 1,
    "passPercent": 100,
    "pendingPercent": 0,
    "other": 0,
    "hasOther": false,
    "skipped": 0,
    "hasSkipped": false
  },
  "results": [
    {
      "uuid": "f214a0d3-6849-49bb-992c-48fc7d9980c6",
      "title": "",
      "fullFile": "cypress\\e2e\\Webdriver-uni\\file-selector.cy.js",
      "file": "cypress\\e2e\\Webdriver-uni\\file-selector.cy.js",
      "beforeHooks": [],
      "afterHooks": [],
      "tests": [],
      "suites": [
        {
          "uuid": "39146873-845a-40de-b5e8-fcc04d808f21",
          "title": "Test file upload via webdriver uni",
          "fullFile": "",
          "file": "",
          "beforeHooks": [],
          "afterHooks": [],
          "tests": [
            {
              "title": "Don't upload a file",
              "fullTitle": "Test file upload via webdriver uni Don't upload a file",
              "timedOut": null,
              "duration": 1586,
              "state": "passed",
              "speed": "fast",
              "pass": true,
              "fail": false,
              "pending": false,
              "context": null,
              "code": "cy.visit('http://www.webdriveruniversity.com/');\ncy.get('#file-upload').invoke('removeAttr', 'target').click();\ncy.url().should('contain', 'File-Upload');\ncy.get('#submit-button').click();\ncy.on('window:alert', string => {\n  expect(string).to.eq('You need to select a file to upload!');\n});",
              "err": {},
              "uuid": "f65f6abc-96e2-4e72-ae60-ab3a3e1c1923",
              "parentUUID": "39146873-845a-40de-b5e8-fcc04d808f21",
              "isHook": false,
              "skipped": false
            }
          ],
          "suites": [],
          "passes": [
            "f65f6abc-96e2-4e72-ae60-ab3a3e1c1923"
          ],
          "failures": [],
          "pending": [],
          "skipped": [],
          "duration": 1586,
          "root": false,
          "rootEmpty": false,
          "_timeout": 2000
        }
      ],
      "passes": [],
      "failures": [],
      "pending": [],
      "skipped": [],
      "duration": 0,
      "root": true,
      "rootEmpty": true,
      "_timeout": 2000
    }
  ],
  "meta": {
    "mocha": {
      "version": "7.0.1"
    },
    "mochawesome": {
      "options": {
        "quiet": false,
        "reportFilename": "mochawesome",
        "saveHtml": false,
        "saveJson": true,
        "consoleReporter": "spec",
        "useInlineDiffs": false,
        "code": true
      },
      "version": "7.1.3"
    },
    "marge": {
      "options": {
        "id": "default",
        "reportDir": "cypress/results/mochawesome",
        "quite": true,
        "overwrite": false,
        "html": false,
        "json": true
      },
      "version": "6.2.0"
    }
  }
}