{
  "stats": {
    "suites": 1,
    "tests": 6,
    "passes": 4,
    "pending": 0,
    "failures": 2,
    "start": "2022-12-04T19:34:37.467Z",
    "end": "2022-12-04T19:38:32.077Z",
    "duration": 234610,
    "testsRegistered": 6,
    "passPercent": 66.66666666666666,
    "pendingPercent": 0,
    "other": 0,
    "hasOther": false,
    "skipped": 0,
    "hasSkipped": false
  },
  "results": [
    {
      "uuid": "2a93ab66-aef9-4b68-b39f-bd6ee56111c3",
      "title": "",
      "fullFile": "cypress\\e2e\\ViZzitt\\add- comment.cy.js",
      "file": "cypress\\e2e\\ViZzitt\\add- comment.cy.js",
      "beforeHooks": [],
      "afterHooks": [],
      "tests": [],
      "suites": [
        {
          "uuid": "8a74081c-b36d-4dbe-9cec-e4940c2db480",
          "title": "Test comments functionality on VizZit website",
          "fullFile": "",
          "file": "",
          "beforeHooks": [],
          "afterHooks": [],
          "tests": [
            {
              "title": "Successfully leave a comment on VizZit website",
              "fullTitle": "Test comments functionality on VizZit website Successfully leave a comment on VizZit website",
              "timedOut": null,
              "duration": 32493,
              "state": "passed",
              "speed": "slow",
              "pass": true,
              "fail": false,
              "pending": false,
              "context": null,
              "code": "cy.NavigateToLoginPage();\ncy.populateLoginForm(\"rastko\", \"juventus1\");\ncy.get('.btn, .btn-info').first().click({\n  force: true\n});\ncy.get('[for=\"first-rate4\"]').click();\ncy.get('#body').type('This is great place');\ncy.get('.btn').contains('Submit').click();\ncy.get('form').next().as('commentContainer');\ncy.get('@commentContainer').should('contain', 'rastko');\ncy.get('@commentContainer').should('contain', 'This is great place');\ncy.get('.starability-result').should(\"have.attr\", \"data-rating\", 4);",
              "err": {},
              "uuid": "d3ae4597-eef6-44fc-9c18-66b79e7df482",
              "parentUUID": "8a74081c-b36d-4dbe-9cec-e4940c2db480",
              "isHook": false,
              "skipped": false
            },
            {
              "title": "Try to delete a comment on VizZit website without loging in",
              "fullTitle": "Test comments functionality on VizZit website Try to delete a comment on VizZit website without loging in",
              "timedOut": null,
              "duration": 3127,
              "state": "passed",
              "speed": "fast",
              "pass": true,
              "fail": false,
              "pending": false,
              "context": null,
              "code": "cy.visit('/');\ncy.get('.nav').find('a').contains('All Places').click();\ncy.get('.btn, .btn-info').first().click({\n  force: true\n});\ncy.get('.btn-sm').should('not.exist');",
              "err": {},
              "uuid": "cdc5819c-b6ec-4185-b9f9-92cdb546e516",
              "parentUUID": "8a74081c-b36d-4dbe-9cec-e4940c2db480",
              "isHook": false,
              "skipped": false
            },
            {
              "title": "Successfully delete a comment on VizZit website",
              "fullTitle": "Test comments functionality on VizZit website Successfully delete a comment on VizZit website",
              "timedOut": null,
              "duration": 6425,
              "state": "failed",
              "speed": null,
              "pass": false,
              "fail": true,
              "pending": false,
              "context": null,
              "code": "cy.NavigateToLoginPage();\ncy.populateLoginForm(\"rastko\", \"juventus1\");\ncy.get('.btn, .btn-info').first().click({\n  force: true\n});\ncy.get('.btn-sm').contains('Delete').click();\ncy.get('.alert').should('contain', 'Successfully deleted a review');",
              "err": {
                "message": "TypeError: The following error originated from your application code, not from Cypress.\n\n  > Cannot read properties of undefined (reading 'get')\n\nWhen Cypress detects uncaught errors originating from your application it will automatically fail the current test.\n\nThis behavior is configurable, and you can choose to turn this off by listening to the `uncaught:exception` event.\n\nhttps://on.cypress.io/uncaught-exception-from-application",
                "estack": "TypeError: The following error originated from your application code, not from Cypress.\n\n  > Cannot read properties of undefined (reading 'get')\n\nWhen Cypress detects uncaught errors originating from your application it will automatically fail the current test.\n\nThis behavior is configurable, and you can choose to turn this off by listening to the `uncaught:exception` event.\n\nhttps://on.cypress.io/uncaught-exception-from-application\n    at get state [as state] (https://api.mapbox.com/mapbox-gl-js/v2.10.0/mapbox-gl.js:35:11071)\n    at P.getOpacityAtLatLng (https://api.mapbox.com/mapbox-gl-js/v2.10.0/mapbox-gl.js:35:12041)\n    at Map._queryFogOpacity (https://api.mapbox.com/mapbox-gl-js/v2.10.0/mapbox-gl.js:35:464729)\n    at on._evaluateOpacity (https://api.mapbox.com/mapbox-gl-js/v2.10.0/mapbox-gl.js:35:435973)\n    at i (https://vizzitt.onrender.com/places/632adab90395c80016ca6db8:4:1410)\n    at <unknown> (https://vizzitt.onrender.com/places/632adab90395c80016ca6db8:4:1783)",
                "diff": null
              },
              "uuid": "304edd97-d680-4026-99e9-b54c094409ec",
              "parentUUID": "8a74081c-b36d-4dbe-9cec-e4940c2db480",
              "isHook": false,
              "skipped": false
            },
            {
              "title": "Try to leave a comment on VizZit website without comment body text",
              "fullTitle": "Test comments functionality on VizZit website Try to leave a comment on VizZit website without comment body text",
              "timedOut": null,
              "duration": 6943,
              "state": "failed",
              "speed": null,
              "pass": false,
              "fail": true,
              "pending": false,
              "context": null,
              "code": "cy.NavigateToLoginPage();\ncy.populateLoginForm(\"rastko\", \"juventus1\");\ncy.get('.btn, .btn-info').first().click({\n  force: true\n});\ncy.get('[for=\"first-rate4\"]').click();\ncy.get('.btn').contains('Submit').click();\ncy.get('#body').should(\"have.css\", \"border-color\", \"rgb(220, 53, 69)\");",
              "err": {
                "message": "TypeError: The following error originated from your application code, not from Cypress.\n\n  > Cannot read properties of undefined (reading 'get')\n\nWhen Cypress detects uncaught errors originating from your application it will automatically fail the current test.\n\nThis behavior is configurable, and you can choose to turn this off by listening to the `uncaught:exception` event.\n\nhttps://on.cypress.io/uncaught-exception-from-application",
                "estack": "TypeError: The following error originated from your application code, not from Cypress.\n\n  > Cannot read properties of undefined (reading 'get')\n\nWhen Cypress detects uncaught errors originating from your application it will automatically fail the current test.\n\nThis behavior is configurable, and you can choose to turn this off by listening to the `uncaught:exception` event.\n\nhttps://on.cypress.io/uncaught-exception-from-application\n    at get state [as state] (https://api.mapbox.com/mapbox-gl-js/v2.10.0/mapbox-gl.js:35:11071)\n    at P.getOpacityAtLatLng (https://api.mapbox.com/mapbox-gl-js/v2.10.0/mapbox-gl.js:35:12041)\n    at Map._queryFogOpacity (https://api.mapbox.com/mapbox-gl-js/v2.10.0/mapbox-gl.js:35:464729)\n    at on._evaluateOpacity (https://api.mapbox.com/mapbox-gl-js/v2.10.0/mapbox-gl.js:35:435973)\n    at i (https://vizzitt.onrender.com/places/632adab90395c80016ca6db8:4:1410)\n    at <unknown> (https://vizzitt.onrender.com/places/632adab90395c80016ca6db8:4:1783)",
                "diff": null
              },
              "uuid": "c908dbdb-c199-4c81-8944-f93770736e58",
              "parentUUID": "8a74081c-b36d-4dbe-9cec-e4940c2db480",
              "isHook": false,
              "skipped": false
            },
            {
              "title": "Try to leave a comment on VizZit website without logging in",
              "fullTitle": "Test comments functionality on VizZit website Try to leave a comment on VizZit website without logging in",
              "timedOut": null,
              "duration": 49321,
              "state": "passed",
              "speed": "slow",
              "pass": true,
              "fail": false,
              "pending": false,
              "context": null,
              "code": "cy.visit('/');\ncy.get('.nav').find('a').contains('All Places').click();\ncy.get('.btn, .btn-info').first().click({\n  force: true\n});\ncy.get('.card-title').should('contain', 'Kalemegdanska Tvrđava');\ncy.get('.btn-success').should('not.exist');",
              "err": {},
              "uuid": "b0fe08d7-8bef-43e5-af33-f0b66c5d82f6",
              "parentUUID": "8a74081c-b36d-4dbe-9cec-e4940c2db480",
              "isHook": false,
              "skipped": false
            },
            {
              "title": "Try to delete a comment on VizZit website that was posted by someone else",
              "fullTitle": "Test comments functionality on VizZit website Try to delete a comment on VizZit website that was posted by someone else",
              "timedOut": null,
              "duration": 136015,
              "state": "passed",
              "speed": "slow",
              "pass": true,
              "fail": false,
              "pending": false,
              "context": null,
              "code": "cy.NavigateToLoginPage();\ncy.populateLoginForm(\"rastko\", \"juventus1\");\ncy.get('.card').contains('Dogma Brewery').parent().find('a').click({\n  force: true\n});\ncy.get('.btn-sm').should('not.exist');",
              "err": {},
              "uuid": "b7d6a196-479c-47f7-a0db-34b4356276c4",
              "parentUUID": "8a74081c-b36d-4dbe-9cec-e4940c2db480",
              "isHook": false,
              "skipped": false
            }
          ],
          "suites": [],
          "passes": [
            "d3ae4597-eef6-44fc-9c18-66b79e7df482",
            "cdc5819c-b6ec-4185-b9f9-92cdb546e516",
            "b0fe08d7-8bef-43e5-af33-f0b66c5d82f6",
            "b7d6a196-479c-47f7-a0db-34b4356276c4"
          ],
          "failures": [
            "304edd97-d680-4026-99e9-b54c094409ec",
            "c908dbdb-c199-4c81-8944-f93770736e58"
          ],
          "pending": [],
          "skipped": [],
          "duration": 234324,
          "root": false,
          "rootEmpty": false,
          "_timeout": 2000
        }
      ],
      "passes": [],
      "failures": [],
      "pending": [],
      "skipped": [],
      "duration": 0,
      "root": true,
      "rootEmpty": true,
      "_timeout": 2000
    }
  ],
  "meta": {
    "mocha": {
      "version": "7.0.1"
    },
    "mochawesome": {
      "options": {
        "quiet": false,
        "reportFilename": "mochawesome",
        "saveHtml": false,
        "saveJson": true,
        "consoleReporter": "spec",
        "useInlineDiffs": false,
        "code": true
      },
      "version": "7.1.3"
    },
    "marge": {
      "options": {
        "id": "default",
        "reportDir": "cypress/results/mochawesome",
        "quite": true,
        "overwrite": false,
        "html": false,
        "json": true
      },
      "version": "6.2.0"
    }
  }
}