{
  "stats": {
    "suites": 1,
    "tests": 2,
    "passes": 2,
    "pending": 0,
    "failures": 0,
    "start": "2022-12-04T19:26:34.195Z",
    "end": "2022-12-04T19:26:41.837Z",
    "duration": 7642,
    "testsRegistered": 2,
    "passPercent": 100,
    "pendingPercent": 0,
    "other": 0,
    "hasOther": false,
    "skipped": 0,
    "hasSkipped": false
  },
  "results": [
    {
      "uuid": "5b658c1e-8432-4817-b525-a10602b5d58d",
      "title": "",
      "fullFile": "cypress\\e2e\\Webdriver-uni\\contact-us.cy.js",
      "file": "cypress\\e2e\\Webdriver-uni\\contact-us.cy.js",
      "beforeHooks": [],
      "afterHooks": [],
      "tests": [],
      "suites": [
        {
          "uuid": "b75c90f8-092a-45a3-a38d-102a5eb3561c",
          "title": "Test contact-us page via webdriver uni",
          "fullFile": "",
          "file": "",
          "beforeHooks": [],
          "afterHooks": [],
          "tests": [
            {
              "title": "Successfully submit a contact us form",
              "fullTitle": "Test contact-us page via webdriver uni Successfully submit a contact us form",
              "timedOut": null,
              "duration": 3474,
              "state": "passed",
              "speed": "fast",
              "pass": true,
              "fail": false,
              "pending": false,
              "context": null,
              "code": "contactUs_PO.submitForm(data.first_name, data.last_name, data.email, 'Something stupid', 'h1', 'Thank You');",
              "err": {},
              "uuid": "4d84443d-83cc-49c9-9a08-4189cc46d7ad",
              "parentUUID": "b75c90f8-092a-45a3-a38d-102a5eb3561c",
              "isHook": false,
              "skipped": false
            },
            {
              "title": "submit a contact us form without all data",
              "fullTitle": "Test contact-us page via webdriver uni submit a contact us form without all data",
              "timedOut": null,
              "duration": 2018,
              "state": "passed",
              "speed": "fast",
              "pass": true,
              "fail": false,
              "pending": false,
              "context": null,
              "code": "contactUs_PO.submitForm(data.first_name, data.last_name, \" \", 'Something stupid', 'body', 'Error');",
              "err": {},
              "uuid": "d352c15d-29cd-45f9-b8dd-f683fd39ad48",
              "parentUUID": "b75c90f8-092a-45a3-a38d-102a5eb3561c",
              "isHook": false,
              "skipped": false
            }
          ],
          "suites": [],
          "passes": [
            "4d84443d-83cc-49c9-9a08-4189cc46d7ad",
            "d352c15d-29cd-45f9-b8dd-f683fd39ad48"
          ],
          "failures": [],
          "pending": [],
          "skipped": [],
          "duration": 5492,
          "root": false,
          "rootEmpty": false,
          "_timeout": 2000
        }
      ],
      "passes": [],
      "failures": [],
      "pending": [],
      "skipped": [],
      "duration": 0,
      "root": true,
      "rootEmpty": true,
      "_timeout": 2000
    }
  ],
  "meta": {
    "mocha": {
      "version": "7.0.1"
    },
    "mochawesome": {
      "options": {
        "quiet": false,
        "reportFilename": "mochawesome",
        "saveHtml": false,
        "saveJson": true,
        "consoleReporter": "spec",
        "useInlineDiffs": false,
        "code": true
      },
      "version": "7.1.3"
    },
    "marge": {
      "options": {
        "id": "default",
        "reportDir": "cypress/results/mochawesome",
        "quite": true,
        "overwrite": false,
        "html": false,
        "json": true
      },
      "version": "6.2.0"
    }
  }
}