{
  "stats": {
    "suites": 1,
    "tests": 1,
    "passes": 0,
    "pending": 0,
    "failures": 1,
    "start": "2022-12-04T19:25:46.356Z",
    "end": "2022-12-04T19:26:02.014Z",
    "duration": 15658,
    "testsRegistered": 1,
    "passPercent": 0,
    "pendingPercent": 0,
    "other": 0,
    "hasOther": false,
    "skipped": 0,
    "hasSkipped": false
  },
  "results": [
    {
      "uuid": "a9f609af-ccdf-41fd-a54f-8fcf40562f59",
      "title": "",
      "fullFile": "cypress\\e2e\\ViZzitt\\open-place-specific-page.cy.js",
      "file": "cypress\\e2e\\ViZzitt\\open-place-specific-page.cy.js",
      "beforeHooks": [],
      "afterHooks": [],
      "tests": [],
      "suites": [
        {
          "uuid": "284b35cd-a787-4168-bcae-6337b25cfde2",
          "title": "Test view button functionality on VizZit website",
          "fullFile": "",
          "file": "",
          "beforeHooks": [],
          "afterHooks": [],
          "tests": [
            {
              "title": "Successfully open a place-specific page using view button",
              "fullTitle": "Test view button functionality on VizZit website Successfully open a place-specific page using view button",
              "timedOut": null,
              "duration": 15614,
              "state": "failed",
              "speed": null,
              "pass": false,
              "fail": true,
              "pending": false,
              "context": null,
              "code": "cy.visit('/');\ncy.get('.nav').find('a').contains('All Places').click();\ncy.get('.btn, .btn-info').first().click({\n  force: true\n});\ncy.get('.card-title').should('contain', 'Kalemegdanska Tvrđava');",
              "err": {
                "message": "TypeError: The following error originated from your application code, not from Cypress.\n\n  > Cannot read properties of undefined (reading 'get')\n\nWhen Cypress detects uncaught errors originating from your application it will automatically fail the current test.\n\nThis behavior is configurable, and you can choose to turn this off by listening to the `uncaught:exception` event.\n\nhttps://on.cypress.io/uncaught-exception-from-application",
                "estack": "TypeError: The following error originated from your application code, not from Cypress.\n\n  > Cannot read properties of undefined (reading 'get')\n\nWhen Cypress detects uncaught errors originating from your application it will automatically fail the current test.\n\nThis behavior is configurable, and you can choose to turn this off by listening to the `uncaught:exception` event.\n\nhttps://on.cypress.io/uncaught-exception-from-application\n    at get state [as state] (https://api.mapbox.com/mapbox-gl-js/v2.10.0/mapbox-gl.js:35:11071)\n    at P.getOpacityAtLatLng (https://api.mapbox.com/mapbox-gl-js/v2.10.0/mapbox-gl.js:35:12041)\n    at Map._queryFogOpacity (https://api.mapbox.com/mapbox-gl-js/v2.10.0/mapbox-gl.js:35:464729)\n    at on._evaluateOpacity (https://api.mapbox.com/mapbox-gl-js/v2.10.0/mapbox-gl.js:35:435973)\n    at i (https://vizzitt.onrender.com/places/632adab90395c80016ca6db8:4:1410)\n    at <unknown> (https://vizzitt.onrender.com/places/632adab90395c80016ca6db8:4:1783)",
                "diff": null
              },
              "uuid": "a21d6b4e-d834-41d3-861a-b5a904a2f45d",
              "parentUUID": "284b35cd-a787-4168-bcae-6337b25cfde2",
              "isHook": false,
              "skipped": false
            }
          ],
          "suites": [],
          "passes": [],
          "failures": [
            "a21d6b4e-d834-41d3-861a-b5a904a2f45d"
          ],
          "pending": [],
          "skipped": [],
          "duration": 15614,
          "root": false,
          "rootEmpty": false,
          "_timeout": 2000
        }
      ],
      "passes": [],
      "failures": [],
      "pending": [],
      "skipped": [],
      "duration": 0,
      "root": true,
      "rootEmpty": true,
      "_timeout": 2000
    }
  ],
  "meta": {
    "mocha": {
      "version": "7.0.1"
    },
    "mochawesome": {
      "options": {
        "quiet": false,
        "reportFilename": "mochawesome",
        "saveHtml": false,
        "saveJson": true,
        "consoleReporter": "spec",
        "useInlineDiffs": false,
        "code": true
      },
      "version": "7.1.3"
    },
    "marge": {
      "options": {
        "id": "default",
        "reportDir": "cypress/results/mochawesome",
        "quite": true,
        "overwrite": false,
        "html": false,
        "json": true
      },
      "version": "6.2.0"
    }
  }
}