{
  "stats": {
    "suites": 1,
    "tests": 2,
    "passes": 2,
    "pending": 0,
    "failures": 0,
    "start": "2022-12-04T19:08:39.596Z",
    "end": "2022-12-04T19:08:44.576Z",
    "duration": 4980,
    "testsRegistered": 2,
    "passPercent": 100,
    "pendingPercent": 0,
    "other": 0,
    "hasOther": false,
    "skipped": 0,
    "hasSkipped": false
  },
  "results": [
    {
      "uuid": "d07151ab-5ddf-4bc5-84ba-f96a0eee832b",
      "title": "",
      "fullFile": "cypress\\e2e\\Webdriver-uni\\contact-us1.cy.js",
      "file": "cypress\\e2e\\Webdriver-uni\\contact-us1.cy.js",
      "beforeHooks": [],
      "afterHooks": [],
      "tests": [],
      "suites": [
        {
          "uuid": "3243f580-b272-4445-aa42-bd1066b15bf3",
          "title": "Test contact us form form WebdriverUni",
          "fullFile": "",
          "file": "",
          "beforeHooks": [],
          "afterHooks": [],
          "tests": [
            {
              "title": "Should be able to submit a successful submition via Constact-us form",
              "fullTitle": "Test contact us form form WebdriverUni Should be able to submit a successful submition via Constact-us form",
              "timedOut": null,
              "duration": 2469,
              "state": "passed",
              "speed": "fast",
              "pass": true,
              "fail": false,
              "pending": false,
              "context": null,
              "code": "//cy.get('#contact-us').click()\ncy.get('[name=\"first_name\"]').type(Cypress.env('first_name'));\ncy.get('[name=\"last_name\"]').type(\"Cole\");\ncy.get('[name=\"email\"]').type(\"j.cole@gmail.com\");\ncy.get('textarea.feedback-input').type(\"I played for Chelsea\");\ncy.get('[type=\"submit\"]').click();\ncy.get('h1').should('have.text', 'Thank You for your Message!');",
              "err": {},
              "uuid": "116afe01-9a96-41ce-bb81-10d42d8a1bb5",
              "parentUUID": "3243f580-b272-4445-aa42-bd1066b15bf3",
              "isHook": false,
              "skipped": false
            },
            {
              "title": "Should NOT be able to submit a successful submition via Constact-us form as all fields are required",
              "fullTitle": "Test contact us form form WebdriverUni Should NOT be able to submit a successful submition via Constact-us form as all fields are required",
              "timedOut": null,
              "duration": 1159,
              "state": "passed",
              "speed": "fast",
              "pass": true,
              "fail": false,
              "pending": false,
              "context": null,
              "code": "cy.get('[name=\"first_name\"]').type(\"Joe\");\ncy.get('[name=\"last_name\"]').type(\"Cole\");\ncy.get('textarea.feedback-input').type(\"I played for Chelsea\");\ncy.get('[type=\"submit\"]').click();\ncy.get('body').contains(\"Error: all fields are required\");",
              "err": {},
              "uuid": "3d52369f-a316-473d-95a1-2772148f45f9",
              "parentUUID": "3243f580-b272-4445-aa42-bd1066b15bf3",
              "isHook": false,
              "skipped": false
            }
          ],
          "suites": [],
          "passes": [
            "116afe01-9a96-41ce-bb81-10d42d8a1bb5",
            "3d52369f-a316-473d-95a1-2772148f45f9"
          ],
          "failures": [],
          "pending": [],
          "skipped": [],
          "duration": 3628,
          "root": false,
          "rootEmpty": false,
          "_timeout": 2000
        }
      ],
      "passes": [],
      "failures": [],
      "pending": [],
      "skipped": [],
      "duration": 0,
      "root": true,
      "rootEmpty": true,
      "_timeout": 2000
    }
  ],
  "meta": {
    "mocha": {
      "version": "7.0.1"
    },
    "mochawesome": {
      "options": {
        "quiet": false,
        "reportFilename": "mochawesome",
        "saveHtml": false,
        "saveJson": true,
        "consoleReporter": "spec",
        "useInlineDiffs": false,
        "code": true
      },
      "version": "7.1.3"
    },
    "marge": {
      "options": {
        "id": "default",
        "reportDir": "cypress/results/mochawesome",
        "quite": true,
        "overwrite": false,
        "html": false,
        "json": true
      },
      "version": "6.2.0"
    }
  }
}