{
  "stats": {
    "suites": 1,
    "tests": 1,
    "passes": 1,
    "pending": 0,
    "failures": 0,
    "start": "2022-12-04T19:29:02.194Z",
    "end": "2022-12-04T19:29:07.706Z",
    "duration": 5512,
    "testsRegistered": 1,
    "passPercent": 100,
    "pendingPercent": 0,
    "other": 0,
    "hasOther": false,
    "skipped": 0,
    "hasSkipped": false
  },
  "results": [
    {
      "uuid": "0594da87-2816-4857-9e76-7e80869a284f",
      "title": "",
      "fullFile": "cypress\\e2e\\automation-test-store\\inspect-item.cy.js",
      "file": "cypress\\e2e\\automation-test-store\\inspect-item.cy.js",
      "beforeHooks": [],
      "afterHooks": [],
      "tests": [],
      "suites": [
        {
          "uuid": "dee0c4cb-2c08-4439-b7ff-ea81b1377908",
          "title": "Inspect automation test store items using chain of comands",
          "fullFile": "",
          "file": "",
          "beforeHooks": [],
          "afterHooks": [],
          "tests": [
            {
              "title": "Click on the first item using item text",
              "fullTitle": "Inspect automation test store items using chain of comands Click on the first item using item text",
              "timedOut": null,
              "duration": 3068,
              "state": "passed",
              "speed": "fast",
              "pass": true,
              "fail": false,
              "pending": false,
              "context": null,
              "code": "cy.visit(\"https://automationteststore.com/\");\ncy.get('.prdocutname').contains(\"Skinsheen Bronzer Stick\").then(() => {\n  console.log(\"Skinsheen Bronzer Stick\");\n}).click();\ncy.get('.bgnone').should('have.text', \"Skinsheen Bronzer Stick\");",
              "err": {},
              "uuid": "5d4f23a8-28ae-42f1-94f1-460a7947ac3d",
              "parentUUID": "dee0c4cb-2c08-4439-b7ff-ea81b1377908",
              "isHook": false,
              "skipped": false
            }
          ],
          "suites": [],
          "passes": [
            "5d4f23a8-28ae-42f1-94f1-460a7947ac3d"
          ],
          "failures": [],
          "pending": [],
          "skipped": [],
          "duration": 3068,
          "root": false,
          "rootEmpty": false,
          "_timeout": 2000
        }
      ],
      "passes": [],
      "failures": [],
      "pending": [],
      "skipped": [],
      "duration": 0,
      "root": true,
      "rootEmpty": true,
      "_timeout": 2000
    }
  ],
  "meta": {
    "mocha": {
      "version": "7.0.1"
    },
    "mochawesome": {
      "options": {
        "quiet": false,
        "reportFilename": "mochawesome",
        "saveHtml": false,
        "saveJson": true,
        "consoleReporter": "spec",
        "useInlineDiffs": false,
        "code": true
      },
      "version": "7.1.3"
    },
    "marge": {
      "options": {
        "id": "default",
        "reportDir": "cypress/results/mochawesome",
        "quite": true,
        "overwrite": false,
        "html": false,
        "json": true
      },
      "version": "6.2.0"
    }
  }
}