{
  "stats": {
    "suites": 1,
    "tests": 3,
    "passes": 3,
    "pending": 0,
    "failures": 0,
    "start": "2022-12-04T19:23:14.078Z",
    "end": "2022-12-04T19:23:49.782Z",
    "duration": 35704,
    "testsRegistered": 3,
    "passPercent": 100,
    "pendingPercent": 0,
    "other": 0,
    "hasOther": false,
    "skipped": 0,
    "hasSkipped": false
  },
  "results": [
    {
      "uuid": "a346d1c0-faa0-488d-ab4e-6236a88ca273",
      "title": "",
      "fullFile": "cypress\\e2e\\ViZzitt\\add-new-place.cy.js",
      "file": "cypress\\e2e\\ViZzitt\\add-new-place.cy.js",
      "beforeHooks": [],
      "afterHooks": [],
      "tests": [],
      "suites": [
        {
          "uuid": "5776c2b4-a692-4824-a29b-387cc4b0e9c7",
          "title": "Test Add new place functionality on VizZit website",
          "fullFile": "",
          "file": "",
          "beforeHooks": [],
          "afterHooks": [],
          "tests": [
            {
              "title": "Successfully add a new place via following route - home/login/add new place",
              "fullTitle": "Test Add new place functionality on VizZit website Successfully add a new place via following route - home/login/add new place",
              "timedOut": null,
              "duration": 20156,
              "state": "passed",
              "speed": "slow",
              "pass": true,
              "fail": false,
              "pending": false,
              "context": null,
              "code": "cy.get('.nav').find('a').contains('Login').click();\ncy.populateLoginForm(data.first_name, data.password);\ncy.get(\"a[href='/places/new']\").click();\ncy.url().should('contain', 'https://vizzitt.onrender.com/places/new');\ncy.addNewPlacePopulateInputs(\"New Random Place\", \"Belgrade\", \"22\", \"A place in Belgrade\", \"cypress/fixtures/Belgrade.jpg\");\ncy.get('button').contains('Delete Place').click();",
              "err": {},
              "uuid": "e2864fa4-8c10-4dca-83c8-57a4c77a0e8a",
              "parentUUID": "5776c2b4-a692-4824-a29b-387cc4b0e9c7",
              "isHook": false,
              "skipped": false
            },
            {
              "title": "Successfully add a new place via following route - home/all/places/add new place/login",
              "fullTitle": "Test Add new place functionality on VizZit website Successfully add a new place via following route - home/all/places/add new place/login",
              "timedOut": null,
              "duration": 12964,
              "state": "passed",
              "speed": "slow",
              "pass": true,
              "fail": false,
              "pending": false,
              "context": null,
              "code": "cy.get('.nav').find('a').contains('All Places').click();\ncy.get(\"a[href='/places/new']\").click();\ncy.populateLoginForm(data.first_name, data.password);\ncy.addNewPlacePopulateInputs(\"New Random Place\", \"Belgrade\", \"22\", \"A place in Belgrade\", \"cypress/fixtures/Belgrade.jpg\");\ncy.get('button').contains('Delete Place').click();",
              "err": {},
              "uuid": "cf8810ed-efb3-40da-b388-c2a8ed8f828a",
              "parentUUID": "5776c2b4-a692-4824-a29b-387cc4b0e9c7",
              "isHook": false,
              "skipped": false
            },
            {
              "title": "Try to add a new place whilst not logged in",
              "fullTitle": "Test Add new place functionality on VizZit website Try to add a new place whilst not logged in",
              "timedOut": null,
              "duration": 2515,
              "state": "passed",
              "speed": "fast",
              "pass": true,
              "fail": false,
              "pending": false,
              "context": null,
              "code": "cy.get('.nav').find('a').contains('All Places').click();\ncy.get(\"a[href='/places/new']\").click();\ncy.get('.alert').should('contain', 'You must be signed in');",
              "err": {},
              "uuid": "d5faff6b-8df0-4009-ba4c-7945e69e7fe6",
              "parentUUID": "5776c2b4-a692-4824-a29b-387cc4b0e9c7",
              "isHook": false,
              "skipped": false
            }
          ],
          "suites": [],
          "passes": [
            "e2864fa4-8c10-4dca-83c8-57a4c77a0e8a",
            "cf8810ed-efb3-40da-b388-c2a8ed8f828a",
            "d5faff6b-8df0-4009-ba4c-7945e69e7fe6"
          ],
          "failures": [],
          "pending": [],
          "skipped": [],
          "duration": 35635,
          "root": false,
          "rootEmpty": false,
          "_timeout": 2000
        }
      ],
      "passes": [],
      "failures": [],
      "pending": [],
      "skipped": [],
      "duration": 0,
      "root": true,
      "rootEmpty": true,
      "_timeout": 2000
    }
  ],
  "meta": {
    "mocha": {
      "version": "7.0.1"
    },
    "mochawesome": {
      "options": {
        "quiet": false,
        "reportFilename": "mochawesome",
        "saveHtml": false,
        "saveJson": true,
        "consoleReporter": "spec",
        "useInlineDiffs": false,
        "code": true
      },
      "version": "7.1.3"
    },
    "marge": {
      "options": {
        "id": "default",
        "reportDir": "cypress/results/mochawesome",
        "quite": true,
        "overwrite": false,
        "html": false,
        "json": true
      },
      "version": "6.2.0"
    }
  }
}