{
  "stats": {
    "suites": 1,
    "tests": 4,
    "passes": 4,
    "pending": 0,
    "failures": 0,
    "start": "2022-12-04T19:26:26.488Z",
    "end": "2022-12-04T19:26:30.510Z",
    "duration": 4022,
    "testsRegistered": 4,
    "passPercent": 100,
    "pendingPercent": 0,
    "other": 0,
    "hasOther": false,
    "skipped": 0,
    "hasSkipped": false
  },
  "results": [
    {
      "uuid": "48882fe7-0894-434b-9bf1-980cec797d4a",
      "title": "",
      "fullFile": "cypress\\e2e\\Webdriver-uni\\checkboxes.cy.js",
      "file": "cypress\\e2e\\Webdriver-uni\\checkboxes.cy.js",
      "beforeHooks": [],
      "afterHooks": [],
      "tests": [],
      "suites": [
        {
          "uuid": "3c71b554-150d-410c-b848-fd6bf81bd875",
          "title": "Check cypres checkbox functionality",
          "fullFile": "",
          "file": "",
          "beforeHooks": [],
          "afterHooks": [],
          "tests": [
            {
              "title": "Select checkbox on webdriver uni website",
              "fullTitle": "Check cypres checkbox functionality Select checkbox on webdriver uni website",
              "timedOut": null,
              "duration": 684,
              "state": "passed",
              "speed": "fast",
              "pass": true,
              "fail": false,
              "pending": false,
              "context": null,
              "code": "cy.get('#checkboxes > :nth-child(1) > input').check();\ncy.get('#checkboxes > :nth-child(1) > input').should('be.checked');",
              "err": {},
              "uuid": "b48063de-23c7-4bc6-a18f-d2e5a3137ec3",
              "parentUUID": "3c71b554-150d-410c-b848-fd6bf81bd875",
              "isHook": false,
              "skipped": false
            },
            {
              "title": "De-select checkbox on webdriver uni website",
              "fullTitle": "Check cypres checkbox functionality De-select checkbox on webdriver uni website",
              "timedOut": null,
              "duration": 317,
              "state": "passed",
              "speed": "fast",
              "pass": true,
              "fail": false,
              "pending": false,
              "context": null,
              "code": "cy.get(':nth-child(5) > input').as('Checkbox3');\ncy.get('@Checkbox3').uncheck();\ncy.get('@Checkbox3').should('not.be.checked');",
              "err": {},
              "uuid": "6a3fe13b-8357-4d99-b316-a293e719b75c",
              "parentUUID": "3c71b554-150d-410c-b848-fd6bf81bd875",
              "isHook": false,
              "skipped": false
            },
            {
              "title": "Select multiple checkboxes on webdriver uni website",
              "fullTitle": "Check cypres checkbox functionality Select multiple checkboxes on webdriver uni website",
              "timedOut": null,
              "duration": 467,
              "state": "passed",
              "speed": "fast",
              "pass": true,
              "fail": false,
              "pending": false,
              "context": null,
              "code": "cy.get('input[type=\"checkbox\"]').each(($el, index, $list) => {\n  cy.wrap($el).check().should('be.checked');\n});",
              "err": {},
              "uuid": "b3a0f772-0047-41c1-b3c4-647cc97d4e75",
              "parentUUID": "3c71b554-150d-410c-b848-fd6bf81bd875",
              "isHook": false,
              "skipped": false
            },
            {
              "title": "Select multiple checkboxes on webdriver uni website",
              "fullTitle": "Check cypres checkbox functionality Select multiple checkboxes on webdriver uni website",
              "timedOut": null,
              "duration": 435,
              "state": "passed",
              "speed": "fast",
              "pass": true,
              "fail": false,
              "pending": false,
              "context": null,
              "code": "cy.get('input[type=\"checkbox\"]').check(['option-1', 'option-2', 'option-3', 'option-4']).should('be.checked');",
              "err": {},
              "uuid": "7889239f-e401-4669-b74f-63217aacc44e",
              "parentUUID": "3c71b554-150d-410c-b848-fd6bf81bd875",
              "isHook": false,
              "skipped": false
            }
          ],
          "suites": [],
          "passes": [
            "b48063de-23c7-4bc6-a18f-d2e5a3137ec3",
            "6a3fe13b-8357-4d99-b316-a293e719b75c",
            "b3a0f772-0047-41c1-b3c4-647cc97d4e75",
            "7889239f-e401-4669-b74f-63217aacc44e"
          ],
          "failures": [],
          "pending": [],
          "skipped": [],
          "duration": 1903,
          "root": false,
          "rootEmpty": false,
          "_timeout": 2000
        }
      ],
      "passes": [],
      "failures": [],
      "pending": [],
      "skipped": [],
      "duration": 0,
      "root": true,
      "rootEmpty": true,
      "_timeout": 2000
    }
  ],
  "meta": {
    "mocha": {
      "version": "7.0.1"
    },
    "mochawesome": {
      "options": {
        "quiet": false,
        "reportFilename": "mochawesome",
        "saveHtml": false,
        "saveJson": true,
        "consoleReporter": "spec",
        "useInlineDiffs": false,
        "code": true
      },
      "version": "7.1.3"
    },
    "marge": {
      "options": {
        "id": "default",
        "reportDir": "cypress/results/mochawesome",
        "quite": true,
        "overwrite": false,
        "html": false,
        "json": true
      },
      "version": "6.2.0"
    }
  }
}