{
  "stats": {
    "suites": 1,
    "tests": 3,
    "passes": 3,
    "pending": 0,
    "failures": 0,
    "start": "2022-12-04T19:11:13.152Z",
    "end": "2022-12-04T19:11:45.356Z",
    "duration": 32204,
    "testsRegistered": 3,
    "passPercent": 100,
    "pendingPercent": 0,
    "other": 0,
    "hasOther": false,
    "skipped": 0,
    "hasSkipped": false
  },
  "results": [
    {
      "uuid": "380ab079-958f-48ae-ae2e-373fb7f53184",
      "title": "",
      "fullFile": "cypress\\e2e\\ViZzitt\\delete-place.cy.js",
      "file": "cypress\\e2e\\ViZzitt\\delete-place.cy.js",
      "beforeHooks": [],
      "afterHooks": [],
      "tests": [],
      "suites": [
        {
          "uuid": "a7704ab5-20c1-4e61-9e50-72facddbe8ba",
          "title": "Test delete place functionality on VizZit website",
          "fullFile": "",
          "file": "",
          "beforeHooks": [],
          "afterHooks": [],
          "tests": [
            {
              "title": "Try to delete a place whilst not logged in",
              "fullTitle": "Test delete place functionality on VizZit website Try to delete a place whilst not logged in",
              "timedOut": null,
              "duration": 20349,
              "state": "passed",
              "speed": "slow",
              "pass": true,
              "fail": false,
              "pending": false,
              "context": null,
              "code": "cy.visit('/');\ncy.get('.nav').find('a').contains('All Places').click();\ncy.get('.card').contains('New Random Place').parent().find('a').click({\n  force: true\n});\ncy.get('.btn-success').should('not.exist');",
              "err": {},
              "uuid": "0c224470-7e2e-450b-815f-d426bab49175",
              "parentUUID": "a7704ab5-20c1-4e61-9e50-72facddbe8ba",
              "isHook": false,
              "skipped": false
            },
            {
              "title": "Try to delete a place created by someone else",
              "fullTitle": "Test delete place functionality on VizZit website Try to delete a place created by someone else",
              "timedOut": null,
              "duration": 4789,
              "state": "passed",
              "speed": "fast",
              "pass": true,
              "fail": false,
              "pending": false,
              "context": null,
              "code": "cy.NavigateToLoginPage();\ncy.populateLoginForm(\"rastko\", \"juventus1\");\ncy.get('.card').contains('Muzej Primenjene Umetnosti').parent().find('a').click({\n  force: true\n});\ncy.get('.btn-danger').should('not.exist');",
              "err": {},
              "uuid": "19c5367e-f69c-4943-848e-e77c805b9328",
              "parentUUID": "a7704ab5-20c1-4e61-9e50-72facddbe8ba",
              "isHook": false,
              "skipped": false
            },
            {
              "title": "Seuccessfully delete a place",
              "fullTitle": "Test delete place functionality on VizZit website Seuccessfully delete a place",
              "timedOut": null,
              "duration": 6872,
              "state": "passed",
              "speed": "medium",
              "pass": true,
              "fail": false,
              "pending": false,
              "context": null,
              "code": "cy.NavigateToLoginPage();\ncy.populateLoginForm(\"rastko\", \"juventus1\");\ncy.get('.card').contains('New Random Place').parent().find('a').click({\n  force: true\n});\ncy.get('.btn-danger').contains(\"Delete\").click();\ncy.get('.alert').should('contain', 'Successfully deleted a place');",
              "err": {},
              "uuid": "ca014ce4-fdee-4a90-9646-fad09e00262e",
              "parentUUID": "a7704ab5-20c1-4e61-9e50-72facddbe8ba",
              "isHook": false,
              "skipped": false
            }
          ],
          "suites": [],
          "passes": [
            "0c224470-7e2e-450b-815f-d426bab49175",
            "19c5367e-f69c-4943-848e-e77c805b9328",
            "ca014ce4-fdee-4a90-9646-fad09e00262e"
          ],
          "failures": [],
          "pending": [],
          "skipped": [],
          "duration": 32010,
          "root": false,
          "rootEmpty": false,
          "_timeout": 2000
        }
      ],
      "passes": [],
      "failures": [],
      "pending": [],
      "skipped": [],
      "duration": 0,
      "root": true,
      "rootEmpty": true,
      "_timeout": 2000
    }
  ],
  "meta": {
    "mocha": {
      "version": "7.0.1"
    },
    "mochawesome": {
      "options": {
        "quiet": false,
        "reportFilename": "mochawesome",
        "saveHtml": false,
        "saveJson": true,
        "consoleReporter": "spec",
        "useInlineDiffs": false,
        "code": true
      },
      "version": "7.1.3"
    },
    "marge": {
      "options": {
        "id": "default",
        "reportDir": "cypress/results/mochawesome",
        "quite": true,
        "overwrite": false,
        "html": false,
        "json": true
      },
      "version": "6.2.0"
    }
  }
}