{
  "stats": {
    "suites": 1,
    "tests": 4,
    "passes": 4,
    "pending": 0,
    "failures": 0,
    "start": "2022-12-04T19:28:09.472Z",
    "end": "2022-12-04T19:28:44.856Z",
    "duration": 35384,
    "testsRegistered": 4,
    "passPercent": 100,
    "pendingPercent": 0,
    "other": 0,
    "hasOther": false,
    "skipped": 0,
    "hasSkipped": false
  },
  "results": [
    {
      "uuid": "16f4d58c-42bf-494a-912a-33f8114a645b",
      "title": "",
      "fullFile": "cypress\\e2e\\ViZzitt\\edit-place.cy.js",
      "file": "cypress\\e2e\\ViZzitt\\edit-place.cy.js",
      "beforeHooks": [],
      "afterHooks": [],
      "tests": [],
      "suites": [
        {
          "uuid": "f841e377-5c71-4880-a9f9-5bb3d8f40fbd",
          "title": "Test edit functionality on VizZit website",
          "fullFile": "",
          "file": "",
          "beforeHooks": [],
          "afterHooks": [],
          "tests": [
            {
              "title": "Successfully edit a place via following path home/login/specific place/edit place",
              "fullTitle": "Test edit functionality on VizZit website Successfully edit a place via following path home/login/specific place/edit place",
              "timedOut": null,
              "duration": 22005,
              "state": "passed",
              "speed": "slow",
              "pass": true,
              "fail": false,
              "pending": false,
              "context": null,
              "code": "cy.get('.nav').find('a').contains('Login').click();\ncy.populateLoginForm(data.first_name, data.password);\ncy.get('.btn, .btn-info').first().click({\n  force: true\n});\ncy.get('.card-title').should('contain', 'Kalemegdanska Tvrđava');\ncy.get('a').contains('Edit Place').click();\ncy.get('#title').clear({\n  force: true\n}).type('New Random Place', {\n  force: true\n});\ncy.get('.btn').contains('Save Changes').click();\ncy.get('.alert').should('contain', 'Successfully edited a place');\ncy.get('.card-title').should('contain', 'New Random Place');\ncy.get('a').contains('Edit Place').click();\ncy.get('#title').clear({\n  force: true\n}).type('Kalemegdanska Tvrđava', {\n  force: true\n});\ncy.get('.btn').contains('Save Changes').click();\ncy.get('.alert').should('contain', 'Successfully edited a place');\ncy.get('.card-title').should('contain', 'Kalemegdanska Tvrđava');",
              "err": {},
              "uuid": "aa6f6e36-ac05-4672-84b5-dfe343505904",
              "parentUUID": "f841e377-5c71-4880-a9f9-5bb3d8f40fbd",
              "isHook": false,
              "skipped": false
            },
            {
              "title": "Try to edit a place with empty title field",
              "fullTitle": "Test edit functionality on VizZit website Try to edit a place with empty title field",
              "timedOut": null,
              "duration": 6180,
              "state": "passed",
              "speed": "medium",
              "pass": true,
              "fail": false,
              "pending": false,
              "context": null,
              "code": "cy.get('.nav').find('a').contains('Login').click();\ncy.populateLoginForm(data.first_name, data.password);\ncy.get('.btn, .btn-info').first().click({\n  force: true\n});\ncy.get('.card-title').should('contain', 'Kalemegdanska Tvrđava');\ncy.get('a').contains('Edit Place').click();\ncy.get('#title').clear({\n  force: true\n});\ncy.get('.btn').contains('Save Changes').click();\ncy.get('#title').should(\"have.css\", \"border-color\", \"rgb(220, 53, 69)\");",
              "err": {},
              "uuid": "c29871eb-e692-42b0-8fd3-56c6b509d09e",
              "parentUUID": "f841e377-5c71-4880-a9f9-5bb3d8f40fbd",
              "isHook": false,
              "skipped": false
            },
            {
              "title": "Try to edit a place without loging in",
              "fullTitle": "Test edit functionality on VizZit website Try to edit a place without loging in",
              "timedOut": null,
              "duration": 2327,
              "state": "passed",
              "speed": "fast",
              "pass": true,
              "fail": false,
              "pending": false,
              "context": null,
              "code": "cy.get('.nav').find('a').contains('All Places').click();\ncy.get('.btn, .btn-info').first().click({\n  force: true\n});\ncy.get(\"a[href='/places/632adab90395c80016ca6db8/edit']\").should('not.exist');",
              "err": {},
              "uuid": "b3d3e799-f9f0-439c-8362-bd2cae2daef9",
              "parentUUID": "f841e377-5c71-4880-a9f9-5bb3d8f40fbd",
              "isHook": false,
              "skipped": false
            },
            {
              "title": "Try to edit a place created by someone else",
              "fullTitle": "Test edit functionality on VizZit website Try to edit a place created by someone else",
              "timedOut": null,
              "duration": 4732,
              "state": "passed",
              "speed": "fast",
              "pass": true,
              "fail": false,
              "pending": false,
              "context": null,
              "code": "cy.get('.nav').find('a').contains('Login').click();\ncy.populateLoginForm(data.first_name, data.password);\ncy.get('.card').contains('Muzej Primenjene Umetnosti').parent().find('a').click({\n  force: true\n});\ncy.get(\"a[href='/places/632adab90395c80016ca6db8/edit']\").should('not.exist');",
              "err": {},
              "uuid": "227c9f7d-9ca5-4096-8d34-2650f948361a",
              "parentUUID": "f841e377-5c71-4880-a9f9-5bb3d8f40fbd",
              "isHook": false,
              "skipped": false
            }
          ],
          "suites": [],
          "passes": [
            "aa6f6e36-ac05-4672-84b5-dfe343505904",
            "c29871eb-e692-42b0-8fd3-56c6b509d09e",
            "b3d3e799-f9f0-439c-8362-bd2cae2daef9",
            "227c9f7d-9ca5-4096-8d34-2650f948361a"
          ],
          "failures": [],
          "pending": [],
          "skipped": [],
          "duration": 35244,
          "root": false,
          "rootEmpty": false,
          "_timeout": 2000
        }
      ],
      "passes": [],
      "failures": [],
      "pending": [],
      "skipped": [],
      "duration": 0,
      "root": true,
      "rootEmpty": true,
      "_timeout": 2000
    }
  ],
  "meta": {
    "mocha": {
      "version": "7.0.1"
    },
    "mochawesome": {
      "options": {
        "quiet": false,
        "reportFilename": "mochawesome",
        "saveHtml": false,
        "saveJson": true,
        "consoleReporter": "spec",
        "useInlineDiffs": false,
        "code": true
      },
      "version": "7.1.3"
    },
    "marge": {
      "options": {
        "id": "default",
        "reportDir": "cypress/results/mochawesome",
        "quite": true,
        "overwrite": false,
        "html": false,
        "json": true
      },
      "version": "6.2.0"
    }
  }
}